#
# A fatal error has been detected by the Java Runtime Environment:
#
#  EXCEPTION_ACCESS_VIOLATION (0xc0000005) at pc=0xffffffffa4f25120, pid=2568, tid=3364
#
# JRE version: Java(TM) SE Runtime Environment (8.0_60-b27) (build 1.8.0_60-b27)
# Java VM: Java HotSpot(TM) 64-Bit Server VM (25.60-b23 mixed mode windows-amd64 compressed oops)
# Problematic frame:
# C  0xffffffffa4f25120
#
# Failed to write core dump. Minidumps are not enabled by default on client versions of Windows
#
# If you would like to submit a bug report, please visit:
#   http://bugreport.java.com/bugreport/crash.jsp
#

---------------  T H R E A D  ---------------

Current thread (0x000000001a9a7800):  JavaThread "Daemon worker Thread 6" [_thread_in_Java, id=3364, stack(0x0000000018ae0000,0x0000000018be0000)]

siginfo: ExceptionCode=0xc0000005, ExceptionInformation=0x0000000000000008 0xffffffffa4f25120

Registers:
RAX=0x0000000100907d30, RBX=0x000000001fbadec8, RCX=0x00000000f5f5ad68, RDX=0x00000000c27a7a90
RSP=0x0000000018bdbcf8, RBP=0x00000000f5f5ad68, RSI=0x00000000f6cc4b38, RDI=0x00000000f5f5c8c8
R8 =0x00000000f5f5acf0, R9 =0x0000000000000033, R10=0x0000000100908b28, R11=0x0000000000000200
R12=0x0000000000000000, R13=0x00000000f5ddfca8, R14=0x00000000205534e8, R15=0x000000001a9a7800
RIP=0xffffffffa4f25120, EFLAGS=0x0000000000010246

Top of Stack: (sp=0x0000000018bdbcf8)
0x0000000018bdbcf8:   000000000451ce30 0000000000000000
0x0000000018bdbd08:   00000000f5ddfb80 00000000f5f6dbb0
0x0000000018bdbd18:   00000000c27a7a90 00000000f5df8280
0x0000000018bdbd28:   00000000f6cc4ab8 00000001f5ddfc48
0x0000000018bdbd38:   00000000f6c83438 f1f78da8f5df8280
0x0000000018bdbd48:   00000000f5efb080 00000000f1f78da8
0x0000000018bdbd58:   00000033f5f5c8c8 fd784693f5f5c8c8
0x0000000018bdbd68:   00000000ffffffff 0000000018bdc230
0x0000000018bdbd78:   0000000000000282 0000000018bdbe50
0x0000000018bdbd88:   00000000045f266c 00000000f5f6dbb0
0x0000000018bdbd98:   00000000f5df8280 00000000f5ddf710
0x0000000018bdbda8:   0000000000000000 00000000f5ed04f0
0x0000000018bdbdb8:   00000000f6c83360 00000000f6c83360
0x0000000018bdbdc8:   0000000003f58e04 0000000018bdbe50
0x0000000018bdbdd8:   0000000001f277b0 0000000001f27a2d
0x0000000018bdbde8:   0000000001f277b0 0000000000000000 

Instructions: (pc=0xffffffffa4f25120)
0xffffffffa4f25100:   
[error occurred during error reporting (printing registers, top of stack, instructions near pc), id 0xc0000005]

Register to memory mapping:

RAX=0x0000000100907d30 is pointing into metadata
RBX={method} {0x000000001fbaded0} 'accepts' '(Ljava/lang/Object;)Z' in 'com/sun/tools/javac/code/Symbol$MethodSymbol$2'
RCX=0x00000000f5f5ad68 is an oop
com.sun.tools.javac.code.Scope$Entry 
 - klass: 'com/sun/tools/javac/code/Scope$Entry'
RDX=0x00000000c27a7a90 is an oop
com.sun.tools.javac.code.Symbol$MethodSymbol$2 
 - klass: 'com/sun/tools/javac/code/Symbol$MethodSymbol$2'
RSP=0x0000000018bdbcf8 is pointing into the stack for thread: 0x000000001a9a7800
RBP=0x00000000f5f5ad68 is an oop
com.sun.tools.javac.code.Scope$Entry 
 - klass: 'com/sun/tools/javac/code/Scope$Entry'
RSI=0x00000000f6cc4b38 is an oop
java.util.HashMap$Node 
 - klass: 'java/util/HashMap$Node'
RDI=0x00000000f5f5c8c8 is an oop
[Lcom.sun.tools.javac.code.Scope$Entry; 
 - klass: 'com/sun/tools/javac/code/Scope$Entry'[]
 - length: 128
R8 =0x00000000f5f5acf0 is an oop
com.sun.tools.javac.code.Symbol$MethodSymbol 
 - klass: 'com/sun/tools/javac/code/Symbol$MethodSymbol'
R9 =0x0000000000000033 is an unknown value
R10=0x0000000100908b28 is pointing into metadata
R11=0x0000000000000200 is an unknown value
R12=0x0000000000000000 is an unknown value
R13=0x00000000f5ddfca8 is an oop
java.util.HashMap 
 - klass: 'java/util/HashMap'
R14=0x00000000205534e8 is pointing into metadata
R15=0x000000001a9a7800 is a thread


Stack: [0x0000000018ae0000,0x0000000018be0000],  sp=0x0000000018bdbcf8,  free space=1007k
Native frames: (J=compiled Java code, j=interpreted, Vv=VM code, C=native code)
C  0xffffffffa4f25120


---------------  P R O C E S S  ---------------

Java Threads: ( => current thread )
  0x000000001a9ad800 JavaThread "Keep-Alive-Timer" daemon [_thread_blocked, id=5916, stack(0x000000001f910000,0x000000001fa10000)]
  0x000000001a9ab800 JavaThread "Stdin handler" [_thread_blocked, id=9288, stack(0x0000000018be0000,0x0000000018ce0000)]
=>0x000000001a9a7800 JavaThread "Daemon worker Thread 6" [_thread_in_Java, id=3364, stack(0x0000000018ae0000,0x0000000018be0000)]
  0x000000001a9aa800 JavaThread "Cancel handler" [_thread_blocked, id=10092, stack(0x00000000189e0000,0x0000000018ae0000)]
  0x000000001a9aa000 JavaThread "Handler for socket connection from /127.0.0.1:52320 to /127.0.0.1:57470" [_thread_in_native, id=5504, stack(0x00000000188e0000,0x00000000189e0000)]
  0x000000001a9a9000 JavaThread "Daemon Thread 6" [_thread_blocked, id=9984, stack(0x00000000187e0000,0x00000000188e0000)]
  0x000000001a3cc800 JavaThread "File lock request listener" [_thread_in_native, id=6076, stack(0x000000001b280000,0x000000001b380000)]
  0x000000001722e000 JavaThread "Incoming local TCP Connector on port 52320" [_thread_in_native, id=5360, stack(0x0000000016d30000,0x0000000016e30000)]
  0x0000000015f36000 JavaThread "Service Thread" daemon [_thread_blocked, id=4520, stack(0x0000000016330000,0x0000000016430000)]
  0x000000001464b800 JavaThread "C1 CompilerThread2" daemon [_thread_blocked, id=4672, stack(0x0000000015e30000,0x0000000015f30000)]
  0x0000000014648800 JavaThread "C2 CompilerThread1" daemon [_thread_blocked, id=4664, stack(0x0000000015d30000,0x0000000015e30000)]
  0x00000000145ef800 JavaThread "C2 CompilerThread0" daemon [_thread_blocked, id=3612, stack(0x0000000015c30000,0x0000000015d30000)]
  0x00000000145ee000 JavaThread "Attach Listener" daemon [_thread_blocked, id=5296, stack(0x0000000015b30000,0x0000000015c30000)]
  0x00000000145ed000 JavaThread "Signal Dispatcher" daemon [_thread_blocked, id=3908, stack(0x0000000015a30000,0x0000000015b30000)]
  0x0000000001f18000 JavaThread "Finalizer" daemon [_thread_blocked, id=5292, stack(0x0000000015850000,0x0000000015950000)]
  0x0000000001f0f000 JavaThread "Reference Handler" daemon [_thread_blocked, id=3284, stack(0x0000000015750000,0x0000000015850000)]
  0x0000000001d1e000 JavaThread "main" [_thread_blocked, id=3732, stack(0x0000000001d20000,0x0000000001e20000)]

Other Threads:
  0x00000000145b6000 VMThread [stack: 0x0000000015650000,0x0000000015750000] [id=6032]
  0x0000000015f47800 WatcherThread [stack: 0x0000000016430000,0x0000000016530000] [id=3712]

VM state:synchronizing (normal execution)

VM Mutex/Monitor currently owned by a thread:  ([mutex/lock_event])
[0x0000000001d1db10] Safepoint_lock - owner thread: 0x00000000145b6000
[0x0000000001d1d010] Threads_lock - owner thread: 0x00000000145b6000

Heap:
 PSYoungGen      total 295424K, used 198547K [0x00000000eab00000, 0x0000000100000000, 0x0000000100000000)
  eden space 261120K, 76% used [0x00000000eab00000,0x00000000f6ce4d58,0x00000000faa00000)
  from space 34304K, 0% used [0x00000000fde80000,0x00000000fde80000,0x0000000100000000)
  to   space 44032K, 0% used [0x00000000faa00000,0x00000000faa00000,0x00000000fd500000)
 ParOldGen       total 95232K, used 58003K [0x00000000c0000000, 0x00000000c5d00000, 0x00000000eab00000)
  object space 95232K, 60% used [0x00000000c0000000,0x00000000c38a4d30,0x00000000c5d00000)
 Metaspace       used 65263K, capacity 70044K, committed 70784K, reserved 1110016K
  class space    used 8746K, capacity 10228K, committed 10368K, reserved 1048576K

Card table byte_map: [0x00000000112e0000,0x00000000114f0000] byte_map_base: 0x0000000010ce0000

Marking Bits: (ParMarkBitMap*) 0x0000000057eea5b0
 Begin Bits: [0x0000000011a50000, 0x0000000012a50000)
 End Bits:   [0x0000000012a50000, 0x0000000013a50000)

Polling page: 0x0000000000440000

CodeCache: size=245760Kb used=41237Kb max_used=41243Kb free=204522Kb
 bounds [0x0000000001f20000, 0x00000000047a0000, 0x0000000010f20000]
 total_blobs=11745 nmethods=10995 adapters=662
 compilation: enabled

Compilation events (10 events):
Event: 10011.154 Thread 0x000000001464b800 13969       3       com.sun.tools.javac.code.Attribute$Constant::<init> (11 bytes)
Event: 10011.154 Thread 0x0000000014648800 13970       4       com.sun.tools.javac.code.SymbolMetadata::<init> (38 bytes)
Event: 10011.155 Thread 0x000000001464b800 nmethod 13969 0x000000000478d190 code [0x000000000478d300, 0x000000000478d530]
Event: 10011.155 Thread 0x0000000014648800 nmethod 13970 0x00000000046fac50 code [0x00000000046fada0, 0x00000000046fae38]
Event: 10011.161 Thread 0x00000000145ef800 13971       4       com.sun.tools.javac.code.Symbol$MethodSymbol$2::accepts (9 bytes)
Event: 10011.162 Thread 0x000000001464b800 13972       3       com.sun.tools.javac.code.Types$SameTypeVisitor::visitArrayType (68 bytes)
Event: 10011.162 Thread 0x00000000145ef800 nmethod 13971 0x000000000478b750 code [0x000000000478b8a0, 0x000000000478b958]
Event: 10011.163 Thread 0x000000001464b800 nmethod 13972 0x000000000479e290 code [0x000000000479e480, 0x000000000479eea8]
Event: 10011.163 Thread 0x000000001464b800 13973       3       com.sun.tools.javac.comp.Check::isUnchecked (57 bytes)
Event: 10011.164 Thread 0x000000001464b800 nmethod 13973 0x00000000047988d0 code [0x0000000004798a60, 0x0000000004798d78]

GC Heap History (10 events):
Event: 3297.237 GC heap before
{Heap before GC invocations=24 (full 5):
 PSYoungGen      total 326656K, used 22521K [0x00000000eab00000, 0x0000000100000000, 0x0000000100000000)
  eden space 304128K, 0% used [0x00000000eab00000,0x00000000eab00000,0x00000000fd400000)
  from space 22528K, 99% used [0x00000000fd400000,0x00000000fe9fe4d0,0x00000000fea00000)
  to   space 22528K, 0% used [0x00000000fea00000,0x00000000fea00000,0x0000000100000000)
 ParOldGen       total 86016K, used 75460K [0x00000000c0000000, 0x00000000c5400000, 0x00000000eab00000)
  object space 86016K, 87% used [0x00000000c0000000,0x00000000c49b1028,0x00000000c5400000)
 Metaspace       used 63796K, capacity 68346K, committed 68608K, reserved 1107968K
  class space    used 8647K, capacity 10134K, committed 10240K, reserved 1048576K
Event: 3297.680 GC heap after
Heap after GC invocations=24 (full 5):
 PSYoungGen      total 326656K, used 0K [0x00000000eab00000, 0x0000000100000000, 0x0000000100000000)
  eden space 304128K, 0% used [0x00000000eab00000,0x00000000eab00000,0x00000000fd400000)
  from space 22528K, 0% used [0x00000000fd400000,0x00000000fd400000,0x00000000fea00000)
  to   space 22528K, 0% used [0x00000000fea00000,0x00000000fea00000,0x0000000100000000)
 ParOldGen       total 86016K, used 52883K [0x00000000c0000000, 0x00000000c5400000, 0x00000000eab00000)
  object space 86016K, 61% used [0x00000000c0000000,0x00000000c33a4ed8,0x00000000c5400000)
 Metaspace       used 60363K, capacity 63964K, committed 68608K, reserved 1107968K
  class space    used 7988K, capacity 9181K, committed 10240K, reserved 1048576K
}
Event: 3378.752 GC heap before
{Heap before GC invocations=25 (full 5):
 PSYoungGen      total 326656K, used 303642K [0x00000000eab00000, 0x0000000100000000, 0x0000000100000000)
  eden space 304128K, 99% used [0x00000000eab00000,0x00000000fd386830,0x00000000fd400000)
  from space 22528K, 0% used [0x00000000fd400000,0x00000000fd400000,0x00000000fea00000)
  to   space 22528K, 0% used [0x00000000fea00000,0x00000000fea00000,0x0000000100000000)
 ParOldGen       total 86016K, used 52883K [0x00000000c0000000, 0x00000000c5400000, 0x00000000eab00000)
  object space 86016K, 61% used [0x00000000c0000000,0x00000000c33a4ed8,0x00000000c5400000)
 Metaspace       used 61266K, capacity 65248K, committed 68608K, reserved 1107968K
  class space    used 8183K, capacity 9536K, committed 10240K, reserved 1048576K
Event: 3378.794 GC heap after
Heap after GC invocations=25 (full 5):
 PSYoungGen      total 303104K, used 16494K [0x00000000eab00000, 0x0000000100000000, 0x0000000100000000)
  eden space 280576K, 0% used [0x00000000eab00000,0x00000000eab00000,0x00000000fbd00000)
  from space 22528K, 73% used [0x00000000fea00000,0x00000000ffa1b8c0,0x0000000100000000)
  to   space 34304K, 0% used [0x00000000fbd00000,0x00000000fbd00000,0x00000000fde80000)
 ParOldGen       total 86016K, used 52891K [0x00000000c0000000, 0x00000000c5400000, 0x00000000eab00000)
  object space 86016K, 61% used [0x00000000c0000000,0x00000000c33a6ed8,0x00000000c5400000)
 Metaspace       used 61266K, capacity 65248K, committed 68608K, reserved 1107968K
  class space    used 8183K, capacity 9536K, committed 10240K, reserved 1048576K
}
Event: 3470.601 GC heap before
{Heap before GC invocations=26 (full 5):
 PSYoungGen      total 303104K, used 297070K [0x00000000eab00000, 0x0000000100000000, 0x0000000100000000)
  eden space 280576K, 100% used [0x00000000eab00000,0x00000000fbd00000,0x00000000fbd00000)
  from space 22528K, 73% used [0x00000000fea00000,0x00000000ffa1b8c0,0x0000000100000000)
  to   space 34304K, 0% used [0x00000000fbd00000,0x00000000fbd00000,0x00000000fde80000)
 ParOldGen       total 86016K, used 52891K [0x00000000c0000000, 0x00000000c5400000, 0x00000000eab00000)
  object space 86016K, 61% used [0x00000000c0000000,0x00000000c33a6ed8,0x00000000c5400000)
 Metaspace       used 64320K, capacity 69046K, committed 69888K, reserved 1110016K
  class space    used 8613K, capacity 10047K, committed 10240K, reserved 1048576K
Event: 3470.719 GC heap after
Heap after GC invocations=26 (full 5):
 PSYoungGen      total 314880K, used 34292K [0x00000000eab00000, 0x0000000100000000, 0x0000000100000000)
  eden space 280576K, 0% used [0x00000000eab00000,0x00000000eab00000,0x00000000fbd00000)
  from space 34304K, 99% used [0x00000000fbd00000,0x00000000fde7d0c8,0x00000000fde80000)
  to   space 34304K, 0% used [0x00000000fde80000,0x00000000fde80000,0x0000000100000000)
 ParOldGen       total 86016K, used 65306K [0x00000000c0000000, 0x00000000c5400000, 0x00000000eab00000)
  object space 86016K, 75% used [0x00000000c0000000,0x00000000c3fc6840,0x00000000c5400000)
 Metaspace       used 64320K, capacity 69046K, committed 69888K, reserved 1110016K
  class space    used 8613K, capacity 10047K, committed 10240K, reserved 1048576K
}
Event: 3475.474 GC heap before
{Heap before GC invocations=27 (full 5):
 PSYoungGen      total 314880K, used 63733K [0x00000000eab00000, 0x0000000100000000, 0x0000000100000000)
  eden space 280576K, 10% used [0x00000000eab00000,0x00000000ec7c04c0,0x00000000fbd00000)
  from space 34304K, 99% used [0x00000000fbd00000,0x00000000fde7d0c8,0x00000000fde80000)
  to   space 34304K, 0% used [0x00000000fde80000,0x00000000fde80000,0x0000000100000000)
 ParOldGen       total 86016K, used 65306K [0x00000000c0000000, 0x00000000c5400000, 0x00000000eab00000)
  object space 86016K, 75% used [0x00000000c0000000,0x00000000c3fc6840,0x00000000c5400000)
 Metaspace       used 65044K, capacity 69756K, committed 70528K, reserved 1110016K
  class space    used 8724K, capacity 10176K, committed 10368K, reserved 1048576K
Event: 3475.568 GC heap after
Heap after GC invocations=27 (full 5):
 PSYoungGen      total 295424K, used 2458K [0x00000000eab00000, 0x0000000100000000, 0x0000000100000000)
  eden space 261120K, 0% used [0x00000000eab00000,0x00000000eab00000,0x00000000faa00000)
  from space 34304K, 7% used [0x00000000fde80000,0x00000000fe0e6a70,0x0000000100000000)
  to   space 44032K, 0% used [0x00000000faa00000,0x00000000faa00000,0x00000000fd500000)
 ParOldGen       total 95232K, used 94944K [0x00000000c0000000, 0x00000000c5d00000, 0x00000000eab00000)
  object space 95232K, 99% used [0x00000000c0000000,0x00000000c5cb8320,0x00000000c5d00000)
 Metaspace       used 65044K, capacity 69756K, committed 70528K, reserved 1110016K
  class space    used 8724K, capacity 10176K, committed 10368K, reserved 1048576K
}
Event: 3475.568 GC heap before
{Heap before GC invocations=28 (full 6):
 PSYoungGen      total 295424K, used 2458K [0x00000000eab00000, 0x0000000100000000, 0x0000000100000000)
  eden space 261120K, 0% used [0x00000000eab00000,0x00000000eab00000,0x00000000faa00000)
  from space 34304K, 7% used [0x00000000fde80000,0x00000000fe0e6a70,0x0000000100000000)
  to   space 44032K, 0% used [0x00000000faa00000,0x00000000faa00000,0x00000000fd500000)
 ParOldGen       total 95232K, used 94944K [0x00000000c0000000, 0x00000000c5d00000, 0x00000000eab00000)
  object space 95232K, 99% used [0x00000000c0000000,0x00000000c5cb8320,0x00000000c5d00000)
 Metaspace       used 65044K, capacity 69756K, committed 70528K, reserved 1110016K
  class space    used 8724K, capacity 10176K, committed 10368K, reserved 1048576K
Event: 3476.528 GC heap after
Heap after GC invocations=28 (full 6):
 PSYoungGen      total 295424K, used 0K [0x00000000eab00000, 0x0000000100000000, 0x0000000100000000)
  eden space 261120K, 0% used [0x00000000eab00000,0x00000000eab00000,0x00000000faa00000)
  from space 34304K, 0% used [0x00000000fde80000,0x00000000fde80000,0x0000000100000000)
  to   space 44032K, 0% used [0x00000000faa00000,0x00000000faa00000,0x00000000fd500000)
 ParOldGen       total 95232K, used 58003K [0x00000000c0000000, 0x00000000c5d00000, 0x00000000eab00000)
  object space 95232K, 60% used [0x00000000c0000000,0x00000000c38a4d30,0x00000000c5d00000)
 Metaspace       used 63234K, capacity 67918K, committed 70528K, reserved 1110016K
  class space    used 8460K, capacity 9906K, committed 10368K, reserved 1048576K
}

Deoptimization events (10 events):
Event: 3474.430 Thread 0x000000001a9ab800 Uncommon trap: reason=class_check action=maybe_recompile pc=0x0000000003fb2d0c method=java.io.FilterOutputStream.write(I)V @ 5
Event: 3474.430 Thread 0x000000001a9ab800 Uncommon trap: reason=class_check action=maybe_recompile pc=0x0000000003fb2d0c method=java.io.FilterOutputStream.write(I)V @ 5
Event: 3474.430 Thread 0x000000001a9ab800 Uncommon trap: reason=class_check action=maybe_recompile pc=0x0000000003fb2d0c method=java.io.FilterOutputStream.write(I)V @ 5
Event: 3474.746 Thread 0x000000001a9ab800 Uncommon trap: reason=unstable_if action=reinterpret pc=0x0000000003dd8c6c method=java.util.zip.ZipOutputStream.write([BII)V @ 29
Event: 3475.451 Thread 0x000000001a9ab800 Uncommon trap: reason=bimorphic action=maybe_recompile pc=0x0000000003c059a0 method=java.util.HashMap.removeNode(ILjava/lang/Object;Ljava/lang/Object;ZZ)Ljava/util/HashMap$Node; @ 143
Event: 3476.528 Thread 0x000000001a9ab800 Uncommon trap: reason=null_check action=make_not_entrant pc=0x00000000039acdc8 method=java.lang.ThreadLocal$ThreadLocalMap.set(Ljava/lang/ThreadLocal;Ljava/lang/Object;)V @ 36
Event: 10002.267 Thread 0x000000001a9a7800 Uncommon trap: reason=array_check action=maybe_recompile pc=0x0000000003a21ee0 method=java.util.TimSort.binarySort([Ljava/lang/Object;IIILjava/util/Comparator;)V @ 183
Event: 10002.267 Thread 0x000000001a9a7800 Uncommon trap: reason=array_check action=maybe_recompile pc=0x0000000003a21d54 method=java.util.TimSort.binarySort([Ljava/lang/Object;IIILjava/util/Comparator;)V @ 215
Event: 10006.238 Thread 0x000000001a9a7800 Uncommon trap: reason=null_check action=make_not_entrant pc=0x00000000040ac9ac method=java.lang.Class.isEnum()Z @ 1
Event: 10009.991 Thread 0x000000001a9a7800 Uncommon trap: reason=bimorphic action=maybe_recompile pc=0x0000000003f8bb18 method=java.util.Collections$UnmodifiableCollection.contains(Ljava/lang/Object;)Z @ 5

Internal exceptions (10 events):
Event: 3463.455 Thread 0x000000001a9ab800 Exception <a 'java/lang/ClassNotFoundException': java/util/concurrent/CallableCustomizer> (0x00000000f91fc670) thrown at [C:\re\workspace\8-2-build-windows-amd64-cygwin\jdk8u60\4407\hotspot\src\share\vm\classfile\systemDictionary.cpp, line 210]
Event: 3463.560 Thread 0x000000001a9ab800 Exception <a 'java/lang/ClassNotFoundException': com/android/build/gradle/internal/dsl/DexOptions_DecoratedBeanInfo> (0x00000000fb8b9968) thrown at [C:\re\workspace\8-2-build-windows-amd64-cygwin\jdk8u60\4407\hotspot\src\share\vm\classfile\systemDictionaryiáÉð«@
Event: 3463.560 Thread 0x000000001a9ab800 Exception <a 'java/lang/ClassNotFoundException': com/android/build/gradle/internal/dsl/DexOptionsBeanInfo> (0x00000000fb8c63b0) thrown at [C:\re\workspace\8-2-build-windows-amd64-cygwin\jdk8u60\4407\hotspot\src\share\vm\classfile\systemDictionary.cpp, line¹MÁ «@
Event: 3463.561 Thread 0x000000001a9ab800 Exception <a 'java/lang/ClassNotFoundException': com/android/build/gradle/internal/dsl/DexOptionsCustomizer> (0x00000000fb8d2df0) thrown at [C:\re\workspace\8-2-build-windows-amd64-cygwin\jdk8u60\4407\hotspot\src\share\vm\classfile\systemDictionary.cpp, li
Event: 3463.563 Thread 0x000000001a9ab800 Exception <a 'java/lang/ClassNotFoundException': com/android/build/gradle/internal/dsl/DexOptions_DecoratedCustomizer> (0x00000000fb8eed48) thrown at [C:\re\workspace\8-2-build-windows-amd64-cygwin\jdk8u60\4407\hotspot\src\share\vm\classfile\systemDictiona6
Event: 3476.528 Thread 0x000000001a9ab800 Implicit null exception at 0x00000000039acb32 to 0x00000000039acd9d
Event: 10002.269 Thread 0x000000001a9a7800 Exception <a 'java/lang/ClassNotFoundException': asLocalRepo92_1gjlznr2bk9u68t4x7l5n2ek8BeanInfo> (0x00000000eb04adc8) thrown at [C:\re\workspace\8-2-build-windows-amd64-cygwin\jdk8u60\4407\hotspot\src\share\vm\classfile\systemDictionary.cpp, line 210]
Event: 10002.270 Thread 0x000000001a9a7800 Exception <a 'java/lang/ClassNotFoundException': asLocalRepo92_1gjlznr2bk9u68t4x7l5n2ek8Customizer> (0x00000000eb054300) thrown at [C:\re\workspace\8-2-build-windows-amd64-cygwin\jdk8u60\4407\hotspot\src\share\vm\classfile\systemDictionary.cpp, line 210]
Event: 10010.848 Thread 0x000000001a9a8000 Implicit null exception at 0x0000000002922960 to 0x0000000002922a4b
Event: 10010.848 Thread 0x000000001a9a8000 Exception <a 'java/lang/NullPointerException'> (0x00000000f3d13ee0) thrown at [C:\re\workspace\8-2-build-windows-amd64-cygwin\jdk8u60\4407\hotspot\src\share\vm\runtime\sharedRuntime.cpp, line 605]

Events (10 events):
Event: 10010.861 loading class io/realm/processor/RealmProxyMediatorGenerator$9
Event: 10010.861 loading class io/realm/processor/RealmProxyMediatorGenerator$9 done
Event: 10011.002 Thread 0x000000001a9a7800 DEOPT PACKING pc=0x000000000411fd6d sp=0x0000000018bdbb40
Event: 10011.002 Thread 0x000000001a9a7800 DEOPT UNPACKING pc=0x0000000001f671bf sp=0x0000000018bdb858 mode 0
Event: 10011.088 Thread 0x000000001a9a7800 DEOPT PACKING pc=0x000000000409e7c8 sp=0x0000000018bdbc30
Event: 10011.088 Thread 0x000000001a9a7800 DEOPT UNPACKING pc=0x0000000001f671bf sp=0x0000000018bdb918 mode 0
Event: 10011.138 Thread 0x000000001a9a7800 DEOPT PACKING pc=0x000000000413b9d0 sp=0x0000000018bdbb50
Event: 10011.138 Thread 0x000000001a9a7800 DEOPT UNPACKING pc=0x0000000001f671bf sp=0x0000000018bdb858 mode 0
Event: 10011.140 Thread 0x000000001a9a7800 DEOPT PACKING pc=0x000000000414d569 sp=0x0000000018bdb860
Event: 10011.140 Thread 0x000000001a9a7800 DEOPT UNPACKING pc=0x0000000001f671bf sp=0x0000000018bdb608 mode 0


Dynamic libraries:
0x00007ff642ac0000 - 0x00007ff642af7000 	E:\Java\jdk1.8.0_60\bin\java.exe
0x00007ffd43120000 - 0x00007ffd432cc000 	C:\WINDOWS\SYSTEM32\ntdll.dll
0x00007ffd427f0000 - 0x00007ffd4292e000 	C:\WINDOWS\system32\KERNEL32.DLL
0x00007ffd40690000 - 0x00007ffd407a5000 	C:\WINDOWS\system32\KERNELBASE.dll
0x00007ffd3ed00000 - 0x00007ffd3ed8e000 	C:\WINDOWS\system32\apphelp.dll
0x00007ffd33480000 - 0x00007ffd334d3000 	C:\WINDOWS\AppPatch\AppPatch64\AcGenral.DLL
0x00007ffd42ac0000 - 0x00007ffd42b6a000 	C:\WINDOWS\system32\msvcrt.dll
0x00007ffd400b0000 - 0x00007ffd400de000 	C:\WINDOWS\SYSTEM32\SspiCli.dll
0x00007ffd42cd0000 - 0x00007ffd42d24000 	C:\WINDOWS\system32\SHLWAPI.dll
0x00007ffd42940000 - 0x00007ffd42ab7000 	C:\WINDOWS\system32\USER32.dll
0x00007ffd42650000 - 0x00007ffd427e4000 	C:\WINDOWS\system32\ole32.dll
0x00007ffd40b00000 - 0x00007ffd42019000 	C:\WINDOWS\system32\SHELL32.dll
0x00007ffd3f820000 - 0x00007ffd3f841000 	C:\WINDOWS\SYSTEM32\USERENV.dll
0x00007ffd42d30000 - 0x00007ffd42dda000 	C:\WINDOWS\system32\ADVAPI32.dll
0x00007ffd32a40000 - 0x00007ffd32a5e000 	C:\WINDOWS\SYSTEM32\MPR.dll
0x00007ffd40940000 - 0x00007ffd40a81000 	C:\WINDOWS\system32\RPCRT4.dll
0x00007ffd42020000 - 0x00007ffd42079000 	C:\WINDOWS\SYSTEM32\sechost.dll
0x00007ffd42de0000 - 0x00007ffd42ff1000 	C:\WINDOWS\SYSTEM32\combase.dll
0x00007ffd424e0000 - 0x00007ffd4262f000 	C:\WINDOWS\system32\GDI32.dll
0x00007ffd40280000 - 0x00007ffd40295000 	C:\WINDOWS\SYSTEM32\profapi.dll
0x00007ffd3ed90000 - 0x00007ffd3ee42000 	C:\WINDOWS\SYSTEM32\SHCORE.dll
0x00007ffd40900000 - 0x00007ffd40936000 	C:\WINDOWS\system32\IMM32.DLL
0x00007ffd42b70000 - 0x00007ffd42cc2000 	C:\WINDOWS\system32\MSCTF.dll
0x00007ffd3da70000 - 0x00007ffd3dcea000 	C:\WINDOWS\WinSxS\amd64_microsoft.windows.common-controls_6595b64144ccf1df_6.0.9600.17810_none_6240b9c7ecbd0bda\COMCTL32.dll
0x0000000057260000 - 0x0000000057332000 	E:\Java\jdk1.8.0_60\jre\bin\msvcr100.dll
0x00000000576e0000 - 0x0000000057f69000 	E:\Java\jdk1.8.0_60\jre\bin\server\jvm.dll
0x00007ffd26fc0000 - 0x00007ffd26fc9000 	C:\WINDOWS\SYSTEM32\WSOCK32.dll
0x00007ffd3dcf0000 - 0x00007ffd3dd12000 	C:\WINDOWS\SYSTEM32\WINMM.dll
0x00007ffd3dd20000 - 0x00007ffd3dd2a000 	C:\WINDOWS\SYSTEM32\VERSION.dll
0x00007ffd40890000 - 0x00007ffd40897000 	C:\WINDOWS\system32\PSAPI.DLL
0x00007ffd430c0000 - 0x00007ffd4311a000 	C:\WINDOWS\system32\WS2_32.dll
0x00007ffd3da00000 - 0x00007ffd3da2a000 	C:\WINDOWS\SYSTEM32\WINMMBASE.dll
0x00007ffd407b0000 - 0x00007ffd407b9000 	C:\WINDOWS\system32\NSI.dll
0x00007ffd40460000 - 0x00007ffd404af000 	C:\WINDOWS\SYSTEM32\cfgmgr32.dll
0x00007ffd3f060000 - 0x00007ffd3f088000 	C:\WINDOWS\SYSTEM32\DEVOBJ.dll
0x00000000576d0000 - 0x00000000576df000 	E:\Java\jdk1.8.0_60\jre\bin\verify.dll
0x00000000576a0000 - 0x00000000576c9000 	E:\Java\jdk1.8.0_60\jre\bin\java.dll
0x0000000057680000 - 0x0000000057696000 	E:\Java\jdk1.8.0_60\jre\bin\zip.dll
0x0000000057660000 - 0x000000005767a000 	E:\Java\jdk1.8.0_60\jre\bin\net.dll
0x00007ffd3fa90000 - 0x00007ffd3fae9000 	C:\WINDOWS\system32\mswsock.dll
0x0000000057640000 - 0x0000000057651000 	E:\Java\jdk1.8.0_60\jre\bin\nio.dll
0x00007ffd33560000 - 0x00007ffd33572000 	C:\Users\Àëåêñàíäð\.gradle\native\19\windows-amd64\native-platform.dll
0x00007ffd39d30000 - 0x00007ffd39d5a000 	C:\WINDOWS\SYSTEM32\IPHLPAPI.DLL
0x00007ffd39c10000 - 0x00007ffd39c1a000 	C:\WINDOWS\SYSTEM32\WINNSI.DLL
0x00007ffd39720000 - 0x00007ffd39736000 	C:\WINDOWS\SYSTEM32\dhcpcsvc6.DLL
0x00007ffd396b0000 - 0x00007ffd396ca000 	C:\WINDOWS\SYSTEM32\dhcpcsvc.DLL
0x00007ffd3faf0000 - 0x00007ffd3fb10000 	C:\WINDOWS\SYSTEM32\CRYPTSP.dll
0x00007ffd3f710000 - 0x00007ffd3f746000 	C:\WINDOWS\system32\rsaenh.dll
0x00007ffd3fda0000 - 0x00007ffd3fdc6000 	C:\WINDOWS\SYSTEM32\bcrypt.dll
0x00007ffd400e0000 - 0x00007ffd40143000 	C:\WINDOWS\system32\bcryptprimitives.dll
0x00007ffd40150000 - 0x00007ffd4015b000 	C:\WINDOWS\SYSTEM32\CRYPTBASE.dll
0x0000000057440000 - 0x000000005744d000 	E:\Java\jdk1.8.0_60\jre\bin\management.dll
0x0000000057370000 - 0x0000000057394000 	E:\Java\jdk1.8.0_60\jre\bin\sunec.dll
0x00007ffd3f890000 - 0x00007ffd3f934000 	C:\WINDOWS\SYSTEM32\DNSAPI.dll
0x00007ffd36bb0000 - 0x00007ffd36bba000 	C:\Windows\System32\rasadhlp.dll
0x00007ffd39810000 - 0x00007ffd3987b000 	C:\WINDOWS\System32\fwpuclnt.dll
0x00007ffd398d0000 - 0x00007ffd398e5000 	C:\WINDOWS\system32\napinsp.dll
0x00007ffd39ec0000 - 0x00007ffd39eda000 	C:\WINDOWS\system32\pnrpnsp.dll
0x00007ffd3ae00000 - 0x00007ffd3ae1b000 	C:\WINDOWS\system32\NLAapi.dll
0x00007ffd39ee0000 - 0x00007ffd39eed000 	C:\WINDOWS\System32\winrnr.dll
0x00007ffd3a950000 - 0x00007ffd3aad9000 	C:\WINDOWS\SYSTEM32\dbghelp.dll

VM Arguments:
jvm_args: -XX:MaxPermSize=256m -XX:+HeapDumpOnOutOfMemoryError -Xmx1024m -Dfile.encoding=windows-1251 -Duser.country=RU -Duser.language=ru -Duser.variant 
java_command: org.gradle.launcher.daemon.bootstrap.GradleDaemon 2.4 C:\Users\Àëåêñàíäð\.gradle C:\Users\Àëåêñàíäð\.gradle\daemon 10800000 10604d86-da6f-49d3-83c5-4b63ca85baa7 -XX:MaxPermSize=256m -XX:+HeapDumpOnOutOfMemoryError -Xmx1024m -Dfile.encoding=windows-1251 -Duser.country=RU -Duser.language=ru -Duser.variant
java_class_path (initial): E:\Android\Android Studio\gradle\gradle-2.4\lib\gradle-launcher-2.4.jar
Launcher Type: SUN_STANDARD

Environment Variables:
PATH=C:\ProgramData\Oracle\Java\javapath;C:\WINDOWS\system32;C:\WINDOWS;C:\WINDOWS\System32\Wbem;C:\WINDOWS\System32\WindowsPowerShell\v1.0\;C:\Program Files (x86)\Common Files\Acronis\SnapAPI\;C:\Program Files (x86)\Common Files\Autodesk Shared\;C:\Program Files\Microsoft\Web Platform Installer\;C:\Program Files (x86)\Microsoft ASP.NET\ASP.NET Web Pages\v1.0\;C:\Program Files\Microsoft SQL Server\110\Tools\Binn\;C:\Program Files\Common Files\Autodesk Shared\;C:\Program Files (x86)\NVIDIA Corporation\PhysX\Common;C:\Program Files (x86)\Skype\Phone\;C:\Program Files (x86)\Common Files\Acronis\TibMounter64
USERNAME=Àëåêñàíäð
OS=Windows_NT
PROCESSOR_IDENTIFIER=Intel64 Family 6 Model 15 Stepping 11, GenuineIntel



---------------  S Y S T E M  ---------------

OS: Windows 8.1 , 64 bit Build 9600 (6.3.9600.17415)

CPU:total 4 (4 cores per cpu, 1 threads per core) family 6 model 15 stepping 11, cmov, cx8, fxsr, mmx, sse, sse2, sse3, ssse3, tsc

Memory: 4k page, physical 8387492k(1999228k free), swap 14154916k(4641404k free)

vm_info: Java HotSpot(TM) 64-Bit Server VM (25.60-b23) for windows-amd64 JRE (1.8.0_60-b27), built on Aug  4 2015 11:06:27 by "java_re" with MS VC++ 10.0 (VS2010)

time: Fri Sep 25 22:25:52 2015
elapsed time: 10011 seconds (0d 2h 46m 51s)

