#
# A fatal error has been detected by the Java Runtime Environment:
#
#  EXCEPTION_ACCESS_VIOLATION (0xc0000005) at pc=0xffffffffa38c5120, pid=10844, tid=6116
#
# JRE version: Java(TM) SE Runtime Environment (8.0_60-b27) (build 1.8.0_60-b27)
# Java VM: Java HotSpot(TM) 64-Bit Server VM (25.60-b23 mixed mode windows-amd64 compressed oops)
# Problematic frame:
# C  0xffffffffa38c5120
#
# Failed to write core dump. Minidumps are not enabled by default on client versions of Windows
#
# If you would like to submit a bug report, please visit:
#   http://bugreport.java.com/bugreport/crash.jsp
#

---------------  T H R E A D  ---------------

Current thread (0x00000000027c0800):  JavaThread "main" [_thread_in_Java, id=6116, stack(0x00000000025c0000,0x00000000026c0000)]

siginfo: ExceptionCode=0xc0000005, ExceptionInformation=0x0000000000000008 0xffffffffa38c5120

Registers:
RAX=0x00000000fcac2ee0, RBX=0x00000000fde757a0, RCX=0x00000000fe0677f0, RDX=0x00000000c045e8e0
RSP=0x00000000026bed98, RBP=0x00000000026bef78, RSI=0x00000000c045e8e0, RDI=0x00000000fd2009e8
R8 =0x00000000fcac2ee0, R9 =0x00000000ebb3eaa8, R10=0x0000000057ed2140, R11=0x000000000357ca00
R12=0x0000000000000000, R13=0x00000000026bef20, R14=0x0000000000000000, R15=0x00000000027c0800
RIP=0xffffffffa38c5120, EFLAGS=0x0000000000010202

Top of Stack: (sp=0x00000000026bed98)
0x00000000026bed98:   000000000357ca94 00000000026bee39
0x00000000026beda8:   00000000577994f8 00000000027b7a70
0x00000000026bedb8:   00000000027c0800 0000000000000039
0x00000000026bedc8:   0000000002d9a22c 0000000000000015
0x00000000026bedd8:   0000000000000000 0000000000000000
0x00000000026bede8:   00000000027c0800 0000000000000000
0x00000000026bedf8:   0000000014a10ac8 00000000027c0800
0x00000000026bee08:   0000000014a10ac8 00000000027c0800
0x00000000026bee18:   00000000026bef38 00000000028dcbcb
0x00000000026bee28:   00000000028c5410 0000000000000000
0x00000000026bee38:   00000000026bef78 00000000026bef38
0x00000000026bee48:   00000000fde757a0 00000000fd2009e8
0x00000000026bee58:   00000000fd200998 00000000fe0677f0
0x00000000026bee68:   00000000ebb3eaa8 000001430000025b
0x00000000026bee78:   00000000027c0800 0000000000019947
0x00000000026bee88:   0000000000000331 00000000026bef78 

Instructions: (pc=0xffffffffa38c5120)
0xffffffffa38c5100:   
[error occurred during error reporting (printing registers, top of stack, instructions near pc), id 0xc0000005]

Register to memory mapping:

RAX=0x00000000fcac2ee0 is an oop
com.android.dx.rop.type.Type 
 - klass: 'com/android/dx/rop/type/Type'
RBX=0x00000000fde757a0 is an oop
com.android.dx.rop.cst.CstNat 
 - klass: 'com/android/dx/rop/cst/CstNat'
RCX=0x00000000fe0677f0 is an oop
com.android.dx.dex.file.MethodIdItem 
 - klass: 'com/android/dx/dex/file/MethodIdItem'
RDX=0x00000000c045e8e0 is an oop
com.android.dx.dex.file.TypeIdsSection 
 - klass: 'com/android/dx/dex/file/TypeIdsSection'
RSP=0x00000000026bed98 is pointing into the stack for thread: 0x00000000027c0800
RBP=0x00000000026bef78 is pointing into the stack for thread: 0x00000000027c0800
RSI=0x00000000c045e8e0 is an oop
com.android.dx.dex.file.TypeIdsSection 
 - klass: 'com/android/dx/dex/file/TypeIdsSection'
RDI=0x00000000fd2009e8 is an oop
com.android.dx.dex.file.StringIdsSection 
 - klass: 'com/android/dx/dex/file/StringIdsSection'
R8 =0x00000000fcac2ee0 is an oop
com.android.dx.rop.type.Type 
 - klass: 'com/android/dx/rop/type/Type'
R9 =0x00000000ebb3eaa8 is an oop
com.android.dx.util.ByteArrayAnnotatedOutput 
 - klass: 'com/android/dx/util/ByteArrayAnnotatedOutput'
R10=0x0000000057ed2140 is an unknown value
R11=0x000000000357ca00 is at entry_point+32 in (nmethod*)0x000000000357c610
R12=0x0000000000000000 is an unknown value
R13=0x00000000026bef20 is pointing into the stack for thread: 0x00000000027c0800
R14=0x0000000000000000 is an unknown value
R15=0x00000000027c0800 is a thread


Stack: [0x00000000025c0000,0x00000000026c0000],  sp=0x00000000026bed98,  free space=1019k
Native frames: (J=compiled Java code, j=interpreted, Vv=VM code, C=native code)
C  0xffffffffa38c5120


---------------  P R O C E S S  ---------------

Java Threads: ( => current thread )
  0x00000000168e9800 JavaThread "Service Thread" daemon [_thread_blocked, id=10508, stack(0x0000000016ce0000,0x0000000016de0000)]
  0x0000000014fea800 JavaThread "C1 CompilerThread2" daemon [_thread_blocked, id=3536, stack(0x00000000167e0000,0x00000000168e0000)]
  0x0000000014f94800 JavaThread "C2 CompilerThread1" daemon [_thread_blocked, id=4588, stack(0x00000000166e0000,0x00000000167e0000)]
  0x0000000014f9a800 JavaThread "C2 CompilerThread0" daemon [_thread_in_native, id=9284, stack(0x00000000165e0000,0x00000000166e0000)]
  0x0000000014f99000 JavaThread "Attach Listener" daemon [_thread_blocked, id=2440, stack(0x00000000164e0000,0x00000000165e0000)]
  0x0000000014f95800 JavaThread "Signal Dispatcher" daemon [_thread_blocked, id=192, stack(0x00000000163e0000,0x00000000164e0000)]
  0x00000000028b6000 JavaThread "Finalizer" daemon [_thread_blocked, id=4132, stack(0x0000000016200000,0x0000000016300000)]
  0x00000000028ac000 JavaThread "Reference Handler" daemon [_thread_blocked, id=1824, stack(0x0000000016100000,0x0000000016200000)]
=>0x00000000027c0800 JavaThread "main" [_thread_in_Java, id=6116, stack(0x00000000025c0000,0x00000000026c0000)]

Other Threads:
  0x0000000014f56000 VMThread [stack: 0x0000000016000000,0x0000000016100000] [id=3736]
  0x0000000016903800 WatcherThread [stack: 0x0000000016de0000,0x0000000016ee0000] [id=1568]

VM state:not at safepoint (normal execution)

VM Mutex/Monitor currently owned by a thread: None

Heap:
 PSYoungGen      total 291328K, used 42153K [0x00000000eab00000, 0x00000000fec00000, 0x0000000100000000)
  eden space 263168K, 6% used [0x00000000eab00000,0x00000000ebc691d8,0x00000000fac00000)
  from space 28160K, 86% used [0x00000000fca80000,0x00000000fe241478,0x00000000fe600000)
  to   space 31232K, 0% used [0x00000000fac00000,0x00000000fac00000,0x00000000fca80000)
 ParOldGen       total 87552K, used 47701K [0x00000000c0000000, 0x00000000c5580000, 0x00000000eab00000)
  object space 87552K, 54% used [0x00000000c0000000,0x00000000c2e95688,0x00000000c5580000)
 Metaspace       used 6884K, capacity 7672K, committed 7936K, reserved 1056768K
  class space    used 636K, capacity 688K, committed 768K, reserved 1048576K

Card table byte_map: [0x0000000011c80000,0x0000000011e90000] byte_map_base: 0x0000000011680000

Marking Bits: (ParMarkBitMap*) 0x0000000057eea5b0
 Begin Bits: [0x00000000123f0000, 0x00000000133f0000)
 End Bits:   [0x00000000133f0000, 0x00000000143f0000)

Polling page: 0x0000000000e20000

CodeCache: size=245760Kb used=13319Kb max_used=13330Kb free=232440Kb
 bounds [0x00000000028c0000, 0x00000000035d0000, 0x00000000118c0000]
 total_blobs=3027 nmethods=2758 adapters=183
 compilation: enabled

Compilation events (10 events):
Event: 29.730 Thread 0x0000000014fea800 2953       3       com.android.dx.rop.type.Prototype::compareTo (9 bytes)
Event: 29.731 Thread 0x0000000014fea800 nmethod 2953 0x000000000357a2d0 code [0x000000000357a440, 0x000000000357a728]
Event: 29.735 Thread 0x0000000014f94800 nmethod 2939 0x0000000003579850 code [0x00000000035799c0, 0x0000000003579d38]
Event: 29.735 Thread 0x0000000014f94800 2944       4       com.android.dx.util.ByteArrayAnnotatedOutput::writeInt (90 bytes)
Event: 29.736 Thread 0x0000000014f94800 nmethod 2944 0x00000000035c2d50 code [0x00000000035c2ea0, 0x00000000035c3018]
Event: 29.736 Thread 0x0000000014f94800 2954       4       com.android.dx.util.ByteArrayAnnotatedOutput::alignTo (69 bytes)
Event: 29.737 Thread 0x0000000014f94800 nmethod 2954 0x00000000035c29d0 code [0x00000000035c2b20, 0x00000000035c2c18]
Event: 29.737 Thread 0x0000000014f94800 2955       4       com.android.dx.dex.file.TypeIdsSection::indexOf (66 bytes)
Event: 29.741 Thread 0x0000000014f94800 nmethod 2955 0x00000000035c22d0 code [0x00000000035c2420, 0x00000000035c2658]
Event: 29.741 Thread 0x0000000014f94800 2956       4       com.android.dx.rop.type.Prototype::compareTo (9 bytes)

GC Heap History (10 events):
Event: 4.543 GC heap before
{Heap before GC invocations=2 (full 0):
 PSYoungGen      total 38400K, used 38377K [0x00000000eab00000, 0x00000000ef600000, 0x0000000100000000)
  eden space 33280K, 100% used [0x00000000eab00000,0x00000000ecb80000,0x00000000ecb80000)
  from space 5120K, 99% used [0x00000000ecb80000,0x00000000ed07a508,0x00000000ed080000)
  to   space 5120K, 0% used [0x00000000ef100000,0x00000000ef100000,0x00000000ef600000)
 ParOldGen       total 87552K, used 1809K [0x00000000c0000000, 0x00000000c5580000, 0x00000000eab00000)
  object space 87552K, 2% used [0x00000000c0000000,0x00000000c01c4650,0x00000000c5580000)
 Metaspace       used 6098K, capacity 7088K, committed 7296K, reserved 1056768K
  class space    used 593K, capacity 616K, committed 640K, reserved 1048576K
Event: 4.870 GC heap after
Heap after GC invocations=2 (full 0):
 PSYoungGen      total 71680K, used 5091K [0x00000000eab00000, 0x00000000ef600000, 0x0000000100000000)
  eden space 66560K, 0% used [0x00000000eab00000,0x00000000eab00000,0x00000000eec00000)
  from space 5120K, 99% used [0x00000000ef100000,0x00000000ef5f8f28,0x00000000ef600000)
  to   space 5120K, 0% used [0x00000000eec00000,0x00000000eec00000,0x00000000ef100000)
 ParOldGen       total 87552K, used 5837K [0x00000000c0000000, 0x00000000c5580000, 0x00000000eab00000)
  object space 87552K, 6% used [0x00000000c0000000,0x00000000c05b3658,0x00000000c5580000)
 Metaspace       used 6098K, capacity 7088K, committed 7296K, reserved 1056768K
  class space    used 593K, capacity 616K, committed 640K, reserved 1048576K
}
Event: 8.348 GC heap before
{Heap before GC invocations=3 (full 0):
 PSYoungGen      total 71680K, used 71651K [0x00000000eab00000, 0x00000000ef600000, 0x0000000100000000)
  eden space 66560K, 100% used [0x00000000eab00000,0x00000000eec00000,0x00000000eec00000)
  from space 5120K, 99% used [0x00000000ef100000,0x00000000ef5f8f28,0x00000000ef600000)
  to   space 5120K, 0% used [0x00000000eec00000,0x00000000eec00000,0x00000000ef100000)
 ParOldGen       total 87552K, used 5837K [0x00000000c0000000, 0x00000000c5580000, 0x00000000eab00000)
  object space 87552K, 6% used [0x00000000c0000000,0x00000000c05b3658,0x00000000c5580000)
 Metaspace       used 6265K, capacity 7192K, committed 7424K, reserved 1056768K
  class space    used 613K, capacity 656K, committed 768K, reserved 1048576K
Event: 8.421 GC heap after
Heap after GC invocations=3 (full 0):
 PSYoungGen      total 71680K, used 5108K [0x00000000eab00000, 0x00000000f3700000, 0x0000000100000000)
  eden space 66560K, 0% used [0x00000000eab00000,0x00000000eab00000,0x00000000eec00000)
  from space 5120K, 99% used [0x00000000eec00000,0x00000000ef0fd138,0x00000000ef100000)
  to   space 5120K, 0% used [0x00000000f3200000,0x00000000f3200000,0x00000000f3700000)
 ParOldGen       total 87552K, used 15551K [0x00000000c0000000, 0x00000000c5580000, 0x00000000eab00000)
  object space 87552K, 17% used [0x00000000c0000000,0x00000000c0f2fcb0,0x00000000c5580000)
 Metaspace       used 6265K, capacity 7192K, committed 7424K, reserved 1056768K
  class space    used 613K, capacity 656K, committed 768K, reserved 1048576K
}
Event: 19.865 GC heap before
{Heap before GC invocations=4 (full 0):
 PSYoungGen      total 71680K, used 71668K [0x00000000eab00000, 0x00000000f3700000, 0x0000000100000000)
  eden space 66560K, 100% used [0x00000000eab00000,0x00000000eec00000,0x00000000eec00000)
  from space 5120K, 99% used [0x00000000eec00000,0x00000000ef0fd138,0x00000000ef100000)
  to   space 5120K, 0% used [0x00000000f3200000,0x00000000f3200000,0x00000000f3700000)
 ParOldGen       total 87552K, used 15551K [0x00000000c0000000, 0x00000000c5580000, 0x00000000eab00000)
  object space 87552K, 17% used [0x00000000c0000000,0x00000000c0f2fcb0,0x00000000c5580000)
 Metaspace       used 6319K, capacity 7192K, committed 7424K, reserved 1056768K
  class space    used 614K, capacity 656K, committed 768K, reserved 1048576K
Event: 20.170 GC heap after
Heap after GC invocations=4 (full 0):
 PSYoungGen      total 138240K, used 5108K [0x00000000eab00000, 0x00000000f3700000, 0x0000000100000000)
  eden space 133120K, 0% used [0x00000000eab00000,0x00000000eab00000,0x00000000f2d00000)
  from space 5120K, 99% used [0x00000000f3200000,0x00000000f36fd198,0x00000000f3700000)
  to   space 5120K, 0% used [0x00000000f2d00000,0x00000000f2d00000,0x00000000f3200000)
 ParOldGen       total 87552K, used 26278K [0x00000000c0000000, 0x00000000c5580000, 0x00000000eab00000)
  object space 87552K, 30% used [0x00000000c0000000,0x00000000c19a9968,0x00000000c5580000)
 Metaspace       used 6319K, capacity 7192K, committed 7424K, reserved 1056768K
  class space    used 614K, capacity 656K, committed 768K, reserved 1048576K
}
Event: 24.537 GC heap before
{Heap before GC invocations=5 (full 0):
 PSYoungGen      total 138240K, used 138228K [0x00000000eab00000, 0x00000000f3700000, 0x0000000100000000)
  eden space 133120K, 100% used [0x00000000eab00000,0x00000000f2d00000,0x00000000f2d00000)
  from space 5120K, 99% used [0x00000000f3200000,0x00000000f36fd198,0x00000000f3700000)
  to   space 5120K, 0% used [0x00000000f2d00000,0x00000000f2d00000,0x00000000f3200000)
 ParOldGen       total 87552K, used 26278K [0x00000000c0000000, 0x00000000c5580000, 0x00000000eab00000)
  object space 87552K, 30% used [0x00000000c0000000,0x00000000c19a9968,0x00000000c5580000)
 Metaspace       used 6420K, capacity 7256K, committed 7424K, reserved 1056768K
  class space    used 614K, capacity 656K, committed 768K, reserved 1048576K
Event: 24.952 GC heap after
Heap after GC invocations=5 (full 0):
 PSYoungGen      total 138240K, used 5108K [0x00000000eab00000, 0x00000000fe600000, 0x0000000100000000)
  eden space 133120K, 0% used [0x00000000eab00000,0x00000000eab00000,0x00000000f2d00000)
  from space 5120K, 99% used [0x00000000f2d00000,0x00000000f31fd120,0x00000000f3200000)
  to   space 28160K, 0% used [0x00000000fca80000,0x00000000fca80000,0x00000000fe600000)
 ParOldGen       total 87552K, used 47693K [0x00000000c0000000, 0x00000000c5580000, 0x00000000eab00000)
  object space 87552K, 54% used [0x00000000c0000000,0x00000000c2e93688,0x00000000c5580000)
 Metaspace       used 6420K, capacity 7256K, committed 7424K, reserved 1056768K
  class space    used 614K, capacity 656K, committed 768K, reserved 1048576K
}
Event: 28.335 GC heap before
{Heap before GC invocations=6 (full 0):
 PSYoungGen      total 138240K, used 138228K [0x00000000eab00000, 0x00000000fe600000, 0x0000000100000000)
  eden space 133120K, 100% used [0x00000000eab00000,0x00000000f2d00000,0x00000000f2d00000)
  from space 5120K, 99% used [0x00000000f2d00000,0x00000000f31fd120,0x00000000f3200000)
  to   space 28160K, 0% used [0x00000000fca80000,0x00000000fca80000,0x00000000fe600000)
 ParOldGen       total 87552K, used 47693K [0x00000000c0000000, 0x00000000c5580000, 0x00000000eab00000)
  object space 87552K, 54% used [0x00000000c0000000,0x00000000c2e93688,0x00000000c5580000)
 Metaspace       used 6760K, capacity 7544K, committed 7680K, reserved 1056768K
  class space    used 632K, capacity 688K, committed 768K, reserved 1048576K
Event: 28.641 GC heap after
Heap after GC invocations=6 (full 0):
 PSYoungGen      total 291328K, used 24325K [0x00000000eab00000, 0x00000000fec00000, 0x0000000100000000)
  eden space 263168K, 0% used [0x00000000eab00000,0x00000000eab00000,0x00000000fac00000)
  from space 28160K, 86% used [0x00000000fca80000,0x00000000fe241478,0x00000000fe600000)
  to   space 31232K, 0% used [0x00000000fac00000,0x00000000fac00000,0x00000000fca80000)
 ParOldGen       total 87552K, used 47701K [0x00000000c0000000, 0x00000000c5580000, 0x00000000eab00000)
  object space 87552K, 54% used [0x00000000c0000000,0x00000000c2e95688,0x00000000c5580000)
 Metaspace       used 6760K, capacity 7544K, committed 7680K, reserved 1056768K
  class space    used 632K, capacity 688K, committed 768K, reserved 1048576K
}

Deoptimization events (10 events):
Event: 27.450 Thread 0x00000000027c0800 Uncommon trap: reason=bimorphic action=maybe_recompile pc=0x00000000034b79b0 method=com.android.dx.dex.code.OutputFinisher.calculateReservedCount([Lcom/android/dx/dex/code/Dop;)I @ 72
Event: 27.450 Thread 0x00000000027c0800 Uncommon trap: reason=bimorphic action=maybe_recompile pc=0x00000000034b79b0 method=com.android.dx.dex.code.OutputFinisher.calculateReservedCount([Lcom/android/dx/dex/code/Dop;)I @ 72
Event: 28.099 Thread 0x00000000027c0800 Uncommon trap: reason=unstable_if action=reinterpret pc=0x00000000034e35d4 method=com.android.dx.dex.code.OutputFinisher.align64bits([Lcom/android/dx/dex/code/Dop;)V @ 205
Event: 29.172 Thread 0x00000000027c0800 Uncommon trap: reason=bimorphic action=maybe_recompile pc=0x0000000003524d78 method=com.android.dx.dex.file.OffsettedItem.place(Lcom/android/dx/dex/file/Section;I)I @ 73
Event: 29.172 Thread 0x00000000027c0800 Uncommon trap: reason=bimorphic action=maybe_recompile pc=0x0000000003524d78 method=com.android.dx.dex.file.OffsettedItem.place(Lcom/android/dx/dex/file/Section;I)I @ 73
Event: 29.172 Thread 0x00000000027c0800 Uncommon trap: reason=bimorphic action=maybe_recompile pc=0x0000000003524d78 method=com.android.dx.dex.file.OffsettedItem.place(Lcom/android/dx/dex/file/Section;I)I @ 73
Event: 29.172 Thread 0x00000000027c0800 Uncommon trap: reason=bimorphic action=maybe_recompile pc=0x0000000003524d78 method=com.android.dx.dex.file.OffsettedItem.place(Lcom/android/dx/dex/file/Section;I)I @ 73
Event: 29.202 Thread 0x00000000027c0800 Uncommon trap: reason=unstable_if action=reinterpret pc=0x0000000003141c98 method=java.util.ArrayList.<init>(I)V @ 5
Event: 29.202 Thread 0x00000000027c0800 Uncommon trap: reason=predicate action=maybe_recompile pc=0x00000000034288bc method=java.util.TimSort.countRunAndMakeAscending([Ljava/lang/Object;IILjava/util/Comparator;)I @ 98
Event: 29.680 Thread 0x00000000027c0800 Uncommon trap: reason=unstable_if action=reinterpret pc=0x0000000003561384 method=com.android.dx.util.ByteArrayAnnotatedOutput.writeByte(I)V @ 13

Internal exceptions (7 events):
Event: 0.059 Thread 0x00000000027c0800 Exception <a 'java/lang/NoSuchMethodError': Method sun.misc.Unsafe.defineClass(Ljava/lang/String;[BII)Ljava/lang/Class; name or signature does not match> (0x00000000eab12fe0) thrown at [C:\re\workspace\8-2-build-windows-amd64-cygwin\jdk8u60\4407\hotspot\sr={¥/‹gÆ?
Event: 0.059 Thread 0x00000000027c0800 Exception <a 'java/lang/NoSuchMethodError': Method sun.misc.Unsafe.prefetchRead(Ljava/lang/Object;J)V name or signature does not match> (0x00000000eab132c8) thrown at [C:\re\workspace\8-2-build-windows-amd64-cygwin\jdk8u60\4407\hotspot\src\share\vm\prims\jËüàùı*@
Event: 5.542 Thread 0x0000000016b4d800 Exception <a 'java/lang/ArrayIndexOutOfBoundsException': 18> (0x00000000eb35a2a8) thrown at [C:\re\workspace\8-2-build-windows-amd64-cygwin\jdk8u60\4407\hotspot\src\share\vm\interpreter\interpreterRuntime.cpp, line 366]
Event: 5.543 Thread 0x0000000016b4d800 Exception <a 'java/lang/ArrayIndexOutOfBoundsException'> (0x00000000eb35be28) thrown at [C:\re\workspace\8-2-build-windows-amd64-cygwin\jdk8u60\4407\hotspot\src\share\vm\runtime\sharedRuntime.cpp, line 605]
Event: 5.544 Thread 0x0000000016b4d800 Exception <a 'java/lang/ArrayIndexOutOfBoundsException'> (0x00000000eb35d110) thrown at [C:\re\workspace\8-2-build-windows-amd64-cygwin\jdk8u60\4407\hotspot\src\share\vm\runtime\sharedRuntime.cpp, line 605]
Event: 6.048 Thread 0x0000000016b4b800 Implicit null exception at 0x0000000002eb0a7f to 0x0000000002eb2945
Event: 19.168 Thread 0x0000000016b4d800 Implicit null exception at 0x0000000002f7475b to 0x0000000002f75f45

Events (10 events):
Event: 29.202 Thread 0x00000000027c0800 DEOPT UNPACKING pc=0x000000000290556a sp=0x00000000026be928 mode 2
Event: 29.521 loading class com/android/dex/EncodedValueCodec
Event: 29.521 loading class com/android/dex/EncodedValueCodec done
Event: 29.647 loading class com/android/dx/dex/file/MapItem
Event: 29.647 loading class com/android/dx/dex/file/MapItem done
Event: 29.679 loading class com/android/dex/DexFormat
Event: 29.679 loading class com/android/dex/DexFormat done
Event: 29.680 Thread 0x00000000027c0800 Uncommon trap: trap_request=0xffffff65 fr.pc=0x0000000003561384
Event: 29.680 Thread 0x00000000027c0800 DEOPT PACKING pc=0x0000000003561384 sp=0x00000000026bee30
Event: 29.680 Thread 0x00000000027c0800 DEOPT UNPACKING pc=0x000000000290556a sp=0x00000000026bede8 mode 2


Dynamic libraries:
0x00007ff6d4550000 - 0x00007ff6d4587000 	E:\Java\jdk1.8.0_60\bin\java.exe
0x00007ffd43120000 - 0x00007ffd432cc000 	C:\WINDOWS\SYSTEM32\ntdll.dll
0x00007ffd427f0000 - 0x00007ffd4292e000 	C:\WINDOWS\system32\KERNEL32.DLL
0x00007ffd40690000 - 0x00007ffd407a5000 	C:\WINDOWS\system32\KERNELBASE.dll
0x00007ffd3ed00000 - 0x00007ffd3ed8e000 	C:\WINDOWS\system32\apphelp.dll
0x00007ffd33140000 - 0x00007ffd33193000 	C:\WINDOWS\AppPatch\AppPatch64\AcGenral.DLL
0x00007ffd42ac0000 - 0x00007ffd42b6a000 	C:\WINDOWS\system32\msvcrt.dll
0x00007ffd400b0000 - 0x00007ffd400de000 	C:\WINDOWS\SYSTEM32\SspiCli.dll
0x00007ffd42cd0000 - 0x00007ffd42d24000 	C:\WINDOWS\system32\SHLWAPI.dll
0x00007ffd42940000 - 0x00007ffd42ab7000 	C:\WINDOWS\system32\USER32.dll
0x00007ffd42650000 - 0x00007ffd427e4000 	C:\WINDOWS\system32\ole32.dll
0x00007ffd40b00000 - 0x00007ffd42019000 	C:\WINDOWS\system32\SHELL32.dll
0x00007ffd3f820000 - 0x00007ffd3f841000 	C:\WINDOWS\SYSTEM32\USERENV.dll
0x00007ffd42d30000 - 0x00007ffd42dda000 	C:\WINDOWS\system32\ADVAPI32.dll
0x00007ffd32a40000 - 0x00007ffd32a5e000 	C:\WINDOWS\SYSTEM32\MPR.dll
0x00007ffd40940000 - 0x00007ffd40a81000 	C:\WINDOWS\system32\RPCRT4.dll
0x00007ffd42020000 - 0x00007ffd42079000 	C:\WINDOWS\SYSTEM32\sechost.dll
0x00007ffd42de0000 - 0x00007ffd42ff1000 	C:\WINDOWS\SYSTEM32\combase.dll
0x00007ffd424e0000 - 0x00007ffd4262f000 	C:\WINDOWS\system32\GDI32.dll
0x00007ffd40280000 - 0x00007ffd40295000 	C:\WINDOWS\SYSTEM32\profapi.dll
0x00007ffd3ed90000 - 0x00007ffd3ee42000 	C:\WINDOWS\SYSTEM32\SHCORE.dll
0x00007ffd40900000 - 0x00007ffd40936000 	C:\WINDOWS\system32\IMM32.DLL
0x00007ffd42b70000 - 0x00007ffd42cc2000 	C:\WINDOWS\system32\MSCTF.dll
0x00007ffd3da70000 - 0x00007ffd3dcea000 	C:\WINDOWS\WinSxS\amd64_microsoft.windows.common-controls_6595b64144ccf1df_6.0.9600.17810_none_6240b9c7ecbd0bda\COMCTL32.dll
0x0000000056bb0000 - 0x0000000056c82000 	E:\Java\jdk1.8.0_60\jre\bin\msvcr100.dll
0x00000000576e0000 - 0x0000000057f69000 	E:\Java\jdk1.8.0_60\jre\bin\server\jvm.dll
0x00007ffd26fc0000 - 0x00007ffd26fc9000 	C:\WINDOWS\SYSTEM32\WSOCK32.dll
0x00007ffd3dcf0000 - 0x00007ffd3dd12000 	C:\WINDOWS\SYSTEM32\WINMM.dll
0x00007ffd3dd20000 - 0x00007ffd3dd2a000 	C:\WINDOWS\SYSTEM32\VERSION.dll
0x00007ffd40890000 - 0x00007ffd40897000 	C:\WINDOWS\system32\PSAPI.DLL
0x00007ffd430c0000 - 0x00007ffd4311a000 	C:\WINDOWS\system32\WS2_32.dll
0x00007ffd3da00000 - 0x00007ffd3da2a000 	C:\WINDOWS\SYSTEM32\WINMMBASE.dll
0x00007ffd407b0000 - 0x00007ffd407b9000 	C:\WINDOWS\system32\NSI.dll
0x00007ffd40460000 - 0x00007ffd404af000 	C:\WINDOWS\SYSTEM32\cfgmgr32.dll
0x00007ffd3f060000 - 0x00007ffd3f088000 	C:\WINDOWS\SYSTEM32\DEVOBJ.dll
0x00000000576d0000 - 0x00000000576df000 	E:\Java\jdk1.8.0_60\jre\bin\verify.dll
0x00000000576a0000 - 0x00000000576c9000 	E:\Java\jdk1.8.0_60\jre\bin\java.dll
0x0000000057680000 - 0x0000000057696000 	E:\Java\jdk1.8.0_60\jre\bin\zip.dll
0x00007ffd3a950000 - 0x00007ffd3aad9000 	C:\WINDOWS\SYSTEM32\dbghelp.dll

VM Arguments:
jvm_args: -Xmx1024M -Dfile.encoding=windows-1251 -Duser.country=RU -Duser.language=ru -Duser.variant 
java_command: com.android.dx.command.Main --dex --num-threads=4 --output E:\LoftSchool\ItHappens\app\build\intermediates\pre-dexed\debug\classes-8911bd3c0bcbb1a5c0b884d4ba4038f33470bb98.jar E:\LoftSchool\ItHappens\app\build\intermediates\exploded-aar\com.android.support\support-v4\23.0.1\jars\classes.jar
java_class_path (initial): E:\Android\sdk\build-tools\23.0.0\lib\dx.jar
Launcher Type: SUN_STANDARD

Environment Variables:
PATH=C:\ProgramData\Oracle\Java\javapath;C:\WINDOWS\system32;C:\WINDOWS;C:\WINDOWS\System32\Wbem;C:\WINDOWS\System32\WindowsPowerShell\v1.0\;C:\Program Files (x86)\Common Files\Acronis\SnapAPI\;C:\Program Files (x86)\Common Files\Autodesk Shared\;C:\Program Files\Microsoft\Web Platform Installer\;C:\Program Files (x86)\Microsoft ASP.NET\ASP.NET Web Pages\v1.0\;C:\Program Files\Microsoft SQL Server\110\Tools\Binn\;C:\Program Files\Common Files\Autodesk Shared\;C:\Program Files (x86)\NVIDIA Corporation\PhysX\Common;C:\Program Files (x86)\Skype\Phone\;C:\Program Files (x86)\Common Files\Acronis\TibMounter64
USERNAME=¿ÎÂÍÒ‡Ì‰
OS=Windows_NT
PROCESSOR_IDENTIFIER=Intel64 Family 6 Model 15 Stepping 11, GenuineIntel



---------------  S Y S T E M  ---------------

OS: Windows 8.1 , 64 bit Build 9600 (6.3.9600.17415)

CPU:total 4 (4 cores per cpu, 1 threads per core) family 6 model 15 stepping 11, cmov, cx8, fxsr, mmx, sse, sse2, sse3, ssse3, tsc

Memory: 4k page, physical 8387492k(651000k free), swap 14154916k(2290124k free)

vm_info: Java HotSpot(TM) 64-Bit Server VM (25.60-b23) for windows-amd64 JRE (1.8.0_60-b27), built on Aug  4 2015 11:06:27 by "java_re" with MS VC++ 10.0 (VS2010)

time: Sun Sep 27 18:38:59 2015
elapsed time: 29 seconds (0d 0h 0m 29s)

