#
# A fatal error has been detected by the Java Runtime Environment:
#
#  EXCEPTION_ACCESS_VIOLATION (0xc0000005) at pc=0xffffffffa3475120, pid=9296, tid=9540
#
# JRE version: Java(TM) SE Runtime Environment (8.0_60-b27) (build 1.8.0_60-b27)
# Java VM: Java HotSpot(TM) 64-Bit Server VM (25.60-b23 mixed mode windows-amd64 compressed oops)
# Problematic frame:
# C  0xffffffffa3475120
#
# Failed to write core dump. Minidumps are not enabled by default on client versions of Windows
#
# If you would like to submit a bug report, please visit:
#   http://bugreport.java.com/bugreport/crash.jsp
#

---------------  T H R E A D  ---------------

Current thread (0x0000000002370800):  JavaThread "main" [_thread_in_Java, id=9540, stack(0x00000000021f0000,0x00000000022f0000)]

siginfo: ExceptionCode=0xc0000005, ExceptionInformation=0x0000000000000008 0xffffffffa3475120

Registers:
RAX=0x0000000100082588, RBX=0x00000000146bc8e8, RCX=0x00000000eb1ca778, RDX=0x00000000ec83b680
RSP=0x00000000022ee148, RBP=0x00000000ec82f600, RSI=0x00000000ec83a010, RDI=0x000000000000000c
R8 =0x00000000ec82f768, R9 =0x0000000000000002, R10=0x0000000100085ab0, R11=0x0000000000000238
R12=0x0000000000000000, R13=0x0000000000000007, R14=0x000000000000000b, R15=0x0000000002370800
RIP=0xffffffffa3475120, EFLAGS=0x0000000000010246

Top of Stack: (sp=0x00000000022ee148)
0x00000000022ee148:   00000000026e3f4c 0000000100000002
0x00000000022ee158:   00000000ec83b650 00000000ec82f9e0
0x00000000022ee168:   00000000ec83b680 00000000ec83b518
0x00000000022ee178:   00000000ec82f930 00000000ec82e7f8
0x00000000022ee188:   00000000ec81a2a8 00000000022ee470
0x00000000022ee198:   000000000279ff14 00000000022ee468
0x00000000022ee1a8:   000000000271ddfc 00000000022ee4c8
0x00000000022ee1b8:   00000000026d0914 00000000022ee468
0x00000000022ee1c8:   0000000000000031 0000000057cdfde8
0x00000000022ee1d8:   000000000273228c 0000000000000000
0x00000000022ee1e8:   00000000ec835f08 00000000ec835e88
0x00000000022ee1f8:   00000000ec836490 00000000ec835ec8
0x00000000022ee208:   000000300000002f 00000000ec835e88
0x00000000022ee218:   00000000ec81a290 00000000ec83b680
0x00000000022ee228:   00000000ec82f860 0000000000000000
0x00000000022ee238:   00000000ec82f930 00000000ec83b660 

Instructions: (pc=0xffffffffa3475120)
0xffffffffa3475100:   
[error occurred during error reporting (printing registers, top of stack, instructions near pc), id 0xc0000005]

Register to memory mapping:

RAX=0x0000000100082588 is pointing into metadata
RBX={method} {0x00000000146bc8f0} 'visitNonMoveInsn' '(Lcom/android/dx/ssa/NormalSsaInsn;)V' in 'com/android/dx/ssa/SsaRenamer$BlockRenamer'
RCX=0x00000000eb1ca778 is an oop
com.android.dx.rop.code.Rop 
 - klass: 'com/android/dx/rop/code/Rop'
RDX=0x00000000ec83b680 is an oop
com.android.dx.ssa.SsaRenamer$BlockRenamer 
 - klass: 'com/android/dx/ssa/SsaRenamer$BlockRenamer'
RSP=0x00000000022ee148 is pointing into the stack for thread: 0x0000000002370800
RBP=0x00000000ec82f600 is an oop
com.android.dx.ssa.SsaBasicBlock 
 - klass: 'com/android/dx/ssa/SsaBasicBlock'
RSI=0x00000000ec83a010 is an oop
com.android.dx.ssa.SsaRenamer 
 - klass: 'com/android/dx/ssa/SsaRenamer'
RDI=0x000000000000000c is an unknown value
R8 =0x00000000ec82f768 is an oop
com.android.dx.ssa.NormalSsaInsn 
 - klass: 'com/android/dx/ssa/NormalSsaInsn'
R9 =0x0000000000000002 is an unknown value
R10=0x0000000100085ab0 is pointing into metadata
R11=0x0000000000000238 is an unknown value
R12=0x0000000000000000 is an unknown value
R13=0x0000000000000007 is an unknown value
R14=0x000000000000000b is an unknown value
R15=0x0000000002370800 is a thread


Stack: [0x00000000021f0000,0x00000000022f0000],  sp=0x00000000022ee148,  free space=1016k
Native frames: (J=compiled Java code, j=interpreted, Vv=VM code, C=native code)
C  0xffffffffa3475120


---------------  P R O C E S S  ---------------

Java Threads: ( => current thread )
  0x00000000166f7000 JavaThread "pool-1-thread-4" [_thread_in_vm, id=3084, stack(0x0000000016e80000,0x0000000016f80000)]
  0x00000000166f6000 JavaThread "pool-1-thread-3" [_thread_in_vm, id=9188, stack(0x0000000016d80000,0x0000000016e80000)]
  0x00000000166f5800 JavaThread "pool-1-thread-2" [_thread_in_vm, id=224, stack(0x0000000016c80000,0x0000000016d80000)]
  0x00000000166e6000 JavaThread "pool-2-thread-1" [_thread_blocked, id=10208, stack(0x0000000016b80000,0x0000000016c80000)]
  0x00000000166e9000 JavaThread "pool-1-thread-1" [_thread_in_vm, id=2548, stack(0x0000000016a80000,0x0000000016b80000)]
  0x00000000164b3800 JavaThread "Service Thread" daemon [_thread_blocked, id=5492, stack(0x0000000016880000,0x0000000016980000)]
  0x0000000014b9e800 JavaThread "C1 CompilerThread2" daemon [_thread_blocked, id=11252, stack(0x0000000016380000,0x0000000016480000)]
  0x0000000014b4b800 JavaThread "C2 CompilerThread1" daemon [_thread_blocked, id=620, stack(0x0000000016280000,0x0000000016380000)]
  0x0000000014b40000 JavaThread "C2 CompilerThread0" daemon [_thread_blocked, id=4224, stack(0x0000000016180000,0x0000000016280000)]
  0x0000000014b3f000 JavaThread "Attach Listener" daemon [_thread_blocked, id=10920, stack(0x0000000016080000,0x0000000016180000)]
  0x0000000014b3c000 JavaThread "Signal Dispatcher" daemon [_thread_blocked, id=10140, stack(0x0000000015f80000,0x0000000016080000)]
  0x0000000002467800 JavaThread "Finalizer" daemon [_thread_blocked, id=2440, stack(0x0000000015da0000,0x0000000015ea0000)]
  0x000000000245d800 JavaThread "Reference Handler" daemon [_thread_blocked, id=9284, stack(0x0000000015ca0000,0x0000000015da0000)]
=>0x0000000002370800 JavaThread "main" [_thread_in_Java, id=9540, stack(0x00000000021f0000,0x00000000022f0000)]

Other Threads:
  0x0000000014b06800 VMThread [stack: 0x0000000015ba0000,0x0000000015ca0000] [id=3976]
  0x00000000164be000 WatcherThread [stack: 0x0000000016980000,0x0000000016a80000] [id=5688]

VM state:synchronizing (normal execution)

VM Mutex/Monitor currently owned by a thread:  ([mutex/lock_event])
[0x000000000095bd30] Safepoint_lock - owner thread: 0x0000000014b06800
[0x000000000095bdb0] Threads_lock - owner thread: 0x0000000014b06800

Heap:
 PSYoungGen      total 38400K, used 31989K [0x00000000eab00000, 0x00000000ed580000, 0x0000000100000000)
  eden space 33280K, 96% used [0x00000000eab00000,0x00000000eca3d5f0,0x00000000ecb80000)
  from space 5120K, 0% used [0x00000000ed080000,0x00000000ed080000,0x00000000ed580000)
  to   space 5120K, 0% used [0x00000000ecb80000,0x00000000ecb80000,0x00000000ed080000)
 ParOldGen       total 87552K, used 0K [0x00000000c0000000, 0x00000000c5580000, 0x00000000eab00000)
  object space 87552K, 0% used [0x00000000c0000000,0x00000000c0000000,0x00000000c5580000)
 Metaspace       used 6009K, capacity 7024K, committed 7296K, reserved 1056768K
  class space    used 593K, capacity 616K, committed 640K, reserved 1048576K

Card table byte_map: [0x0000000011830000,0x0000000011a40000] byte_map_base: 0x0000000011230000

Marking Bits: (ParMarkBitMap*) 0x0000000057eea5b0
 Begin Bits: [0x0000000011fa0000, 0x0000000012fa0000)
 End Bits:   [0x0000000012fa0000, 0x0000000013fa0000)

Polling page: 0x0000000000900000

CodeCache: size=245760Kb used=5679Kb max_used=5679Kb free=240080Kb
 bounds [0x0000000002470000, 0x0000000002a10000, 0x0000000011470000]
 total_blobs=1605 nmethods=1338 adapters=182
 compilation: enabled

Compilation events (10 events):
Event: 3.724 Thread 0x0000000014b9e800 1335       3       com.android.dx.rop.code.BasicBlockList::getMutableCopy (9 bytes)
Event: 3.724 Thread 0x0000000014b9e800 nmethod 1335 0x00000000029fdd90 code [0x00000000029fdf00, 0x00000000029fe168]
Event: 3.725 Thread 0x0000000014b9e800 1336       3       com.android.dx.cf.code.ConcreteMethod::<init> (21 bytes)
Event: 3.726 Thread 0x0000000014b9e800 nmethod 1336 0x00000000029fe250 code [0x00000000029fe440, 0x00000000029fec78]
Event: 3.726 Thread 0x0000000014b9e800 1337   !   3       com.android.dx.cf.code.Ropper::convert (52 bytes)
Event: 3.726 Thread 0x0000000014b9e800 nmethod 1337 0x00000000029ff0d0 code [0x00000000029ff300, 0x00000000029ffe88]
Event: 3.728 Thread 0x0000000014b9e800 1338       3       java.util.HashMap$EntrySet::iterator (12 bytes)
Event: 3.728 Thread 0x0000000014b9e800 nmethod 1338 0x0000000002a00410 code [0x0000000002a00580, 0x0000000002a007e8]
Event: 3.728 Thread 0x0000000014b9e800 1339       3       java.util.HashMap$EntryIterator::<init> (11 bytes)
Event: 3.728 Thread 0x0000000014b9e800 nmethod 1339 0x0000000002a008d0 code [0x0000000002a00a40, 0x0000000002a00be8]

GC Heap History (0 events):
No events

Deoptimization events (10 events):
Event: 2.369 Thread 0x00000000166f5800 Uncommon trap: reason=bimorphic action=maybe_recompile pc=0x00000000027a3434 method=java.util.HashMap.getNode(ILjava/lang/Object;)Ljava/util/HashMap$Node; @ 126
Event: 2.369 Thread 0x00000000166f5800 Uncommon trap: reason=class_check action=maybe_recompile pc=0x00000000028f4924 method=java.util.HashMap.putVal(ILjava/lang/Object;Ljava/lang/Object;ZZ)Ljava/lang/Object; @ 203
Event: 2.369 Thread 0x00000000166f5800 Uncommon trap: reason=bimorphic action=maybe_recompile pc=0x00000000027a3434 method=java.util.HashMap.getNode(ILjava/lang/Object;)Ljava/util/HashMap$Node; @ 126
Event: 2.369 Thread 0x00000000166f5800 Uncommon trap: reason=class_check action=maybe_recompile pc=0x00000000028f4924 method=java.util.HashMap.putVal(ILjava/lang/Object;Ljava/lang/Object;ZZ)Ljava/lang/Object; @ 203
Event: 2.370 Thread 0x00000000166f5800 Uncommon trap: reason=bimorphic action=maybe_recompile pc=0x00000000027a3434 method=java.util.HashMap.getNode(ILjava/lang/Object;)Ljava/util/HashMap$Node; @ 126
Event: 2.370 Thread 0x00000000166f5800 Uncommon trap: reason=class_check action=maybe_recompile pc=0x00000000028f4924 method=java.util.HashMap.putVal(ILjava/lang/Object;Ljava/lang/Object;ZZ)Ljava/lang/Object; @ 203
Event: 2.370 Thread 0x00000000166f5800 Uncommon trap: reason=bimorphic action=maybe_recompile pc=0x00000000027a3434 method=java.util.HashMap.getNode(ILjava/lang/Object;)Ljava/util/HashMap$Node; @ 126
Event: 2.370 Thread 0x00000000166f5800 Uncommon trap: reason=class_check action=maybe_recompile pc=0x00000000028f4924 method=java.util.HashMap.putVal(ILjava/lang/Object;Ljava/lang/Object;ZZ)Ljava/lang/Object; @ 203
Event: 2.374 Thread 0x00000000166f5800 Uncommon trap: reason=bimorphic action=maybe_recompile pc=0x00000000026e4bac method=java.util.HashMap.getNode(ILjava/lang/Object;)Ljava/util/HashMap$Node; @ 126
Event: 2.374 Thread 0x00000000166f5800 Uncommon trap: reason=class_check action=maybe_recompile pc=0x00000000028f7ddc method=java.util.HashMap.putVal(ILjava/lang/Object;Ljava/lang/Object;ZZ)Ljava/lang/Object; @ 203

Internal exceptions (2 events):
Event: 0.064 Thread 0x0000000002370800 Exception <a 'java/lang/NoSuchMethodError': Method sun.misc.Unsafe.defineClass(Ljava/lang/String;[BII)Ljava/lang/Class; name or signature does not match> (0x00000000eab13068) thrown at [C:\re\workspace\8-2-build-windows-amd64-cygwin\jdk8u60\4407\hotspot\srÕ…πQ∞?
Event: 0.064 Thread 0x0000000002370800 Exception <a 'java/lang/NoSuchMethodError': Method sun.misc.Unsafe.prefetchRead(Ljava/lang/Object;J)V name or signature does not match> (0x00000000eab13350) thrown at [C:\re\workspace\8-2-build-windows-amd64-cygwin\jdk8u60\4407\hotspot\src\share\vm\prims\j

Events (10 events):
Event: 2.370 Thread 0x00000000166f5800 DEOPT PACKING pc=0x00000000028f4924 sp=0x0000000016d7ea10
Event: 2.370 Thread 0x00000000166f5800 DEOPT UNPACKING pc=0x00000000024b556a sp=0x0000000016d7e988 mode 2
Event: 2.374 Thread 0x00000000166f5800 Uncommon trap: trap_request=0xffffffc6 fr.pc=0x00000000026e4bac
Event: 2.374 Thread 0x00000000166f5800 DEOPT PACKING pc=0x00000000026e4bac sp=0x0000000016d7e720
Event: 2.374 Thread 0x00000000166f5800 DEOPT UNPACKING pc=0x00000000024b556a sp=0x0000000016d7e658 mode 2
Event: 2.374 Thread 0x00000000166f5800 Uncommon trap: trap_request=0xffffffde fr.pc=0x00000000028f7ddc
Event: 2.374 Thread 0x00000000166f5800 DEOPT PACKING pc=0x00000000028f7ddc sp=0x0000000016d7eb50
Event: 2.374 Thread 0x00000000166f5800 DEOPT UNPACKING pc=0x00000000024b556a sp=0x0000000016d7ea88 mode 2
Event: 2.727 Executing VM operation: ForceSafepoint
Event: 2.728 Executing VM operation: ForceSafepoint done


Dynamic libraries:
0x00007ff6d4550000 - 0x00007ff6d4587000 	E:\Java\jdk1.8.0_60\bin\java.exe
0x00007ffd43120000 - 0x00007ffd432cc000 	C:\WINDOWS\SYSTEM32\ntdll.dll
0x00007ffd427f0000 - 0x00007ffd4292e000 	C:\WINDOWS\system32\KERNEL32.DLL
0x00007ffd40690000 - 0x00007ffd407a5000 	C:\WINDOWS\system32\KERNELBASE.dll
0x00007ffd3ed00000 - 0x00007ffd3ed8e000 	C:\WINDOWS\system32\apphelp.dll
0x00007ffd33140000 - 0x00007ffd33193000 	C:\WINDOWS\AppPatch\AppPatch64\AcGenral.DLL
0x00007ffd42ac0000 - 0x00007ffd42b6a000 	C:\WINDOWS\system32\msvcrt.dll
0x00007ffd400b0000 - 0x00007ffd400de000 	C:\WINDOWS\SYSTEM32\SspiCli.dll
0x00007ffd42cd0000 - 0x00007ffd42d24000 	C:\WINDOWS\system32\SHLWAPI.dll
0x00007ffd42940000 - 0x00007ffd42ab7000 	C:\WINDOWS\system32\USER32.dll
0x00007ffd42650000 - 0x00007ffd427e4000 	C:\WINDOWS\system32\ole32.dll
0x00007ffd40b00000 - 0x00007ffd42019000 	C:\WINDOWS\system32\SHELL32.dll
0x00007ffd3f820000 - 0x00007ffd3f841000 	C:\WINDOWS\SYSTEM32\USERENV.dll
0x00007ffd42d30000 - 0x00007ffd42dda000 	C:\WINDOWS\system32\ADVAPI32.dll
0x00007ffd32a40000 - 0x00007ffd32a5e000 	C:\WINDOWS\SYSTEM32\MPR.dll
0x00007ffd40940000 - 0x00007ffd40a81000 	C:\WINDOWS\system32\RPCRT4.dll
0x00007ffd42020000 - 0x00007ffd42079000 	C:\WINDOWS\SYSTEM32\sechost.dll
0x00007ffd42de0000 - 0x00007ffd42ff1000 	C:\WINDOWS\SYSTEM32\combase.dll
0x00007ffd424e0000 - 0x00007ffd4262f000 	C:\WINDOWS\system32\GDI32.dll
0x00007ffd40280000 - 0x00007ffd40295000 	C:\WINDOWS\SYSTEM32\profapi.dll
0x00007ffd3ed90000 - 0x00007ffd3ee42000 	C:\WINDOWS\SYSTEM32\SHCORE.dll
0x00007ffd40900000 - 0x00007ffd40936000 	C:\WINDOWS\system32\IMM32.DLL
0x00007ffd42b70000 - 0x00007ffd42cc2000 	C:\WINDOWS\system32\MSCTF.dll
0x00007ffd3da70000 - 0x00007ffd3dcea000 	C:\WINDOWS\WinSxS\amd64_microsoft.windows.common-controls_6595b64144ccf1df_6.0.9600.17810_none_6240b9c7ecbd0bda\COMCTL32.dll
0x0000000056bb0000 - 0x0000000056c82000 	E:\Java\jdk1.8.0_60\jre\bin\msvcr100.dll
0x00000000576e0000 - 0x0000000057f69000 	E:\Java\jdk1.8.0_60\jre\bin\server\jvm.dll
0x00007ffd26fc0000 - 0x00007ffd26fc9000 	C:\WINDOWS\SYSTEM32\WSOCK32.dll
0x00007ffd3dcf0000 - 0x00007ffd3dd12000 	C:\WINDOWS\SYSTEM32\WINMM.dll
0x00007ffd3dd20000 - 0x00007ffd3dd2a000 	C:\WINDOWS\SYSTEM32\VERSION.dll
0x00007ffd40890000 - 0x00007ffd40897000 	C:\WINDOWS\system32\PSAPI.DLL
0x00007ffd430c0000 - 0x00007ffd4311a000 	C:\WINDOWS\system32\WS2_32.dll
0x00007ffd3da00000 - 0x00007ffd3da2a000 	C:\WINDOWS\SYSTEM32\WINMMBASE.dll
0x00007ffd407b0000 - 0x00007ffd407b9000 	C:\WINDOWS\system32\NSI.dll
0x00007ffd40460000 - 0x00007ffd404af000 	C:\WINDOWS\SYSTEM32\cfgmgr32.dll
0x00007ffd3f060000 - 0x00007ffd3f088000 	C:\WINDOWS\SYSTEM32\DEVOBJ.dll
0x00000000576d0000 - 0x00000000576df000 	E:\Java\jdk1.8.0_60\jre\bin\verify.dll
0x00000000576a0000 - 0x00000000576c9000 	E:\Java\jdk1.8.0_60\jre\bin\java.dll
0x0000000057680000 - 0x0000000057696000 	E:\Java\jdk1.8.0_60\jre\bin\zip.dll
0x00007ffd3a950000 - 0x00007ffd3aad9000 	C:\WINDOWS\SYSTEM32\dbghelp.dll

VM Arguments:
jvm_args: -Xmx1024M -Dfile.encoding=windows-1251 -Duser.country=RU -Duser.language=ru -Duser.variant 
java_command: com.android.dx.command.Main --dex --num-threads=4 --output E:\LoftSchool\ItHappens\app\build\intermediates\pre-dexed\debug\classes-8911bd3c0bcbb1a5c0b884d4ba4038f33470bb98.jar E:\LoftSchool\ItHappens\app\build\intermediates\exploded-aar\com.android.support\support-v4\23.0.1\jars\classes.jar
java_class_path (initial): E:\Android\sdk\build-tools\23.0.0\lib\dx.jar
Launcher Type: SUN_STANDARD

Environment Variables:
PATH=C:\ProgramData\Oracle\Java\javapath;C:\WINDOWS\system32;C:\WINDOWS;C:\WINDOWS\System32\Wbem;C:\WINDOWS\System32\WindowsPowerShell\v1.0\;C:\Program Files (x86)\Common Files\Acronis\SnapAPI\;C:\Program Files (x86)\Common Files\Autodesk Shared\;C:\Program Files\Microsoft\Web Platform Installer\;C:\Program Files (x86)\Microsoft ASP.NET\ASP.NET Web Pages\v1.0\;C:\Program Files\Microsoft SQL Server\110\Tools\Binn\;C:\Program Files\Common Files\Autodesk Shared\;C:\Program Files (x86)\NVIDIA Corporation\PhysX\Common;C:\Program Files (x86)\Skype\Phone\;C:\Program Files (x86)\Common Files\Acronis\TibMounter64
USERNAME=¿ÎÂÍÒ‡Ì‰
OS=Windows_NT
PROCESSOR_IDENTIFIER=Intel64 Family 6 Model 15 Stepping 11, GenuineIntel



---------------  S Y S T E M  ---------------

OS: Windows 8.1 , 64 bit Build 9600 (6.3.9600.17415)

CPU:total 4 (4 cores per cpu, 1 threads per core) family 6 model 15 stepping 11, cmov, cx8, fxsr, mmx, sse, sse2, sse3, ssse3, tsc

Memory: 4k page, physical 8387492k(910548k free), swap 14154916k(2286632k free)

vm_info: Java HotSpot(TM) 64-Bit Server VM (25.60-b23) for windows-amd64 JRE (1.8.0_60-b27), built on Aug  4 2015 11:06:27 by "java_re" with MS VC++ 10.0 (VS2010)

time: Sun Sep 27 18:36:43 2015
elapsed time: 5 seconds (0d 0h 0m 5s)

