#
# A fatal error has been detected by the Java Runtime Environment:
#
#  EXCEPTION_ACCESS_VIOLATION (0xc0000005) at pc=0xffffffffa3895120, pid=8888, tid=11172
#
# JRE version: Java(TM) SE Runtime Environment (8.0_60-b27) (build 1.8.0_60-b27)
# Java VM: Java HotSpot(TM) 64-Bit Server VM (25.60-b23 mixed mode windows-amd64 compressed oops)
# Problematic frame:
# C  0xffffffffa3895120
#
# Failed to write core dump. Minidumps are not enabled by default on client versions of Windows
#
# If you would like to submit a bug report, please visit:
#   http://bugreport.java.com/bugreport/crash.jsp
#

---------------  T H R E A D  ---------------

Current thread (0x000000000268d800):  JavaThread "main" [_thread_in_Java, id=11172, stack(0x0000000002690000,0x0000000002790000)]

siginfo: ExceptionCode=0xc0000005, ExceptionInformation=0x0000000000000008 0xffffffffa3895120

Registers:
RAX=0x00000000000289e2, RBX=0x0000000014683d20, RCX=0x00000000000085e4, RDX=0x00000000eacf7f00
RSP=0x000000000278efc8, RBP=0x000000000278f160, RSI=0x00000000000289e0, RDI=0x0000000014852e78
R8 =0x00000000000289e0, R9 =0x00000000eb238340, R10=0x000000010001dea8, R11=0x00000000000289e2
R12=0x0000000000000000, R13=0x0000000000000128, R14=0x0000000000002cf2, R15=0x000000000268d800
RIP=0xffffffffa3895120, EFLAGS=0x0000000000010206

Top of Stack: (sp=0x000000000278efc8)
0x000000000278efc8:   0000000002ea93c4 ffffffffffffffff
0x000000000278efd8:   00000000146dc5f8 00000000eb2250c0
0x000000000278efe8:   00000000eacec908 0000000000000000
0x000000000278eff8:   0000000014c560d8 000000000278f030
0x000000000278f008:   00000000eacf7f30 00000000eacf7f00
0x000000000278f018:   00000000eb238340 000000000278f160
0x000000000278f028:   0000000002ee030c 000000000278f160
0x000000000278f038:   0000000002f3dc94 ffffffffffffffff
0x000000000278f048:   0000000014c560d8 0000000000000000
0x000000000278f058:   000000000268d800 000000000278f160
0x000000000278f068:   0000000002f3c74c 000000000278f160
0x000000000278f078:   000000005160b4c5 0000000000000000
0x000000000278f088:   0000000000000126 0000000100022964
0x000000000278f098:   00000000eacf7f30 00000000eb2312d0
0x000000000278f0a8:   00000000eacec430 00000000eacf5150
0x000000000278f0b8:   00000000eb238300 00000000eacf8490 

Instructions: (pc=0xffffffffa3895120)
0xffffffffa3895100:   
[error occurred during error reporting (printing registers, top of stack, instructions near pc), id 0xc0000005]

Register to memory mapping:

RAX=0x00000000000289e2 is an unknown value
RBX={method} {0x0000000014683d28} 'hashCode' '()I' in 'java/lang/Integer'
RCX=0x00000000000085e4 is an unknown value
RDX=0x00000000eacf7f00 is an oop
java.util.HashMap 
 - klass: 'java/util/HashMap'
RSP=0x000000000278efc8 is pointing into the stack for thread: 0x000000000268d800
RBP=0x000000000278f160 is pointing into the stack for thread: 0x000000000268d800
RSI=0x00000000000289e0 is an unknown value
RDI=0x0000000014852e78 is pointing into metadata
R8 =0x00000000000289e0 is an unknown value
R9 =0x00000000eb238340 is an oop
java.lang.Integer 
 - klass: 'java/lang/Integer'
R10=0x000000010001dea8 is pointing into metadata
R11=0x00000000000289e2 is an unknown value
R12=0x0000000000000000 is an unknown value
R13=0x0000000000000128 is an unknown value
R14=0x0000000000002cf2 is an unknown value
R15=0x000000000268d800 is a thread


Stack: [0x0000000002690000,0x0000000002790000],  sp=0x000000000278efc8,  free space=1019k
Native frames: (J=compiled Java code, j=interpreted, Vv=VM code, C=native code)
C  0xffffffffa3895120


---------------  P R O C E S S  ---------------

Java Threads: ( => current thread )
  0x00000000168e8800 JavaThread "Service Thread" daemon [_thread_blocked, id=10768, stack(0x0000000016cc0000,0x0000000016dc0000)]
  0x0000000014fab800 JavaThread "C1 CompilerThread2" daemon [_thread_blocked, id=5364, stack(0x00000000167c0000,0x00000000168c0000)]
  0x0000000014f86800 JavaThread "C2 CompilerThread1" daemon [_thread_blocked, id=9188, stack(0x00000000166c0000,0x00000000167c0000)]
  0x0000000014f80000 JavaThread "C2 CompilerThread0" daemon [_thread_blocked, id=10016, stack(0x00000000165c0000,0x00000000166c0000)]
  0x0000000014f7f000 JavaThread "Attach Listener" daemon [_thread_blocked, id=10916, stack(0x00000000164c0000,0x00000000165c0000)]
  0x0000000014f7b800 JavaThread "Signal Dispatcher" daemon [_thread_blocked, id=2884, stack(0x00000000163c0000,0x00000000164c0000)]
  0x0000000002888000 JavaThread "Finalizer" daemon [_thread_blocked, id=10252, stack(0x00000000161d0000,0x00000000162d0000)]
  0x000000000287e800 JavaThread "Reference Handler" daemon [_thread_blocked, id=10436, stack(0x00000000160d0000,0x00000000161d0000)]
=>0x000000000268d800 JavaThread "main" [_thread_in_Java, id=11172, stack(0x0000000002690000,0x0000000002790000)]

Other Threads:
  0x0000000014f46800 VMThread [stack: 0x0000000015fd0000,0x00000000160d0000] [id=11040]
  0x00000000168ee000 WatcherThread [stack: 0x0000000016dc0000,0x0000000016ec0000] [id=10716]

VM state:not at safepoint (normal execution)

VM Mutex/Monitor currently owned by a thread: None

Heap:
 PSYoungGen      total 71680K, used 12969K [0x00000000eab00000, 0x00000000ef600000, 0x0000000100000000)
  eden space 66560K, 11% used [0x00000000eab00000,0x00000000eb2aceb8,0x00000000eec00000)
  from space 5120K, 99% used [0x00000000ef100000,0x00000000ef5fd7f0,0x00000000ef600000)
  to   space 5120K, 0% used [0x00000000eec00000,0x00000000eec00000,0x00000000ef100000)
 ParOldGen       total 87552K, used 9838K [0x00000000c0000000, 0x00000000c5580000, 0x00000000eab00000)
  object space 87552K, 11% used [0x00000000c0000000,0x00000000c099b9b0,0x00000000c5580000)
 Metaspace       used 7731K, capacity 7938K, committed 8064K, reserved 1056768K
  class space    used 785K, capacity 818K, committed 896K, reserved 1048576K

Card table byte_map: [0x0000000011c50000,0x0000000011e60000] byte_map_base: 0x0000000011650000

Marking Bits: (ParMarkBitMap*) 0x0000000051d5a5b0
 Begin Bits: [0x00000000123c0000, 0x00000000133c0000)
 End Bits:   [0x00000000133c0000, 0x00000000143c0000)

Polling page: 0x0000000002650000

CodeCache: size=245760Kb used=7128Kb max_used=7142Kb free=238631Kb
 bounds [0x0000000002890000, 0x0000000002fa0000, 0x0000000011890000]
 total_blobs=2385 nmethods=2094 adapters=206
 compilation: enabled

Compilation events (10 events):
Event: 2.021 Thread 0x0000000014fab800 2090 %     3       com.android.dx.merge.DexMerger$IdMerger::mergeSorted @ 125 (381 bytes)
Event: 2.024 Thread 0x0000000014fab800 nmethod 2090% 0x0000000002f88d10 code [0x0000000002f89000, 0x0000000002f8acf8]
Event: 2.024 Thread 0x0000000014fab800 2093       3       java.util.ComparableTimSort::gallopRight (327 bytes)
Event: 2.025 Thread 0x0000000014fab800 nmethod 2093 0x0000000002f7f7d0 code [0x0000000002f7f9c0, 0x0000000002f80498]
Event: 2.025 Thread 0x0000000014f80000 nmethod 2088 0x0000000002f8bb90 code [0x0000000002f8bd00, 0x0000000002f8bf78]
Event: 2.025 Thread 0x0000000014fab800 2095       3       java.util.ComparableTimSort::gallopLeft (327 bytes)
Event: 2.025 Thread 0x0000000014f80000 2089       4       java.util.HashMap::get (23 bytes)
Event: 2.026 Thread 0x0000000014fab800 nmethod 2095 0x0000000002f85850 code [0x0000000002f85a40, 0x0000000002f864f8]
Event: 2.027 Thread 0x0000000014f86800 nmethod 2085 0x0000000002f8dd90 code [0x0000000002f8df00, 0x0000000002f8e358]
Event: 2.027 Thread 0x0000000014f86800 2092       4       com.android.dex.EncodedValueCodec::readUnsignedInt (86 bytes)

GC Heap History (4 events):
Event: 1.389 GC heap before
{Heap before GC invocations=1 (full 0):
 PSYoungGen      total 38400K, used 33268K [0x00000000eab00000, 0x00000000ed580000, 0x0000000100000000)
  eden space 33280K, 99% used [0x00000000eab00000,0x00000000ecb7d070,0x00000000ecb80000)
  from space 5120K, 0% used [0x00000000ed080000,0x00000000ed080000,0x00000000ed580000)
  to   space 5120K, 0% used [0x00000000ecb80000,0x00000000ecb80000,0x00000000ed080000)
 ParOldGen       total 87552K, used 0K [0x00000000c0000000, 0x00000000c5580000, 0x00000000eab00000)
  object space 87552K, 0% used [0x00000000c0000000,0x00000000c0000000,0x00000000c5580000)
 Metaspace       used 5875K, capacity 6896K, committed 7040K, reserved 1056768K
  class space    used 592K, capacity 616K, committed 640K, reserved 1048576K
Event: 1.412 GC heap after
Heap after GC invocations=1 (full 0):
 PSYoungGen      total 38400K, used 5092K [0x00000000eab00000, 0x00000000ef600000, 0x0000000100000000)
  eden space 33280K, 0% used [0x00000000eab00000,0x00000000eab00000,0x00000000ecb80000)
  from space 5120K, 99% used [0x00000000ecb80000,0x00000000ed079090,0x00000000ed080000)
  to   space 5120K, 0% used [0x00000000ef100000,0x00000000ef100000,0x00000000ef600000)
 ParOldGen       total 87552K, used 3655K [0x00000000c0000000, 0x00000000c5580000, 0x00000000eab00000)
  object space 87552K, 4% used [0x00000000c0000000,0x00000000c0391c68,0x00000000c5580000)
 Metaspace       used 5875K, capacity 6896K, committed 7040K, reserved 1056768K
  class space    used 592K, capacity 616K, committed 640K, reserved 1048576K
}
Event: 1.957 GC heap before
{Heap before GC invocations=2 (full 0):
 PSYoungGen      total 38400K, used 38372K [0x00000000eab00000, 0x00000000ef600000, 0x0000000100000000)
  eden space 33280K, 100% used [0x00000000eab00000,0x00000000ecb80000,0x00000000ecb80000)
  from space 5120K, 99% used [0x00000000ecb80000,0x00000000ed079090,0x00000000ed080000)
  to   space 5120K, 0% used [0x00000000ef100000,0x00000000ef100000,0x00000000ef600000)
 ParOldGen       total 87552K, used 3655K [0x00000000c0000000, 0x00000000c5580000, 0x00000000eab00000)
  object space 87552K, 4% used [0x00000000c0000000,0x00000000c0391c68,0x00000000c5580000)
 Metaspace       used 7719K, capacity 7938K, committed 8064K, reserved 1056768K
  class space    used 785K, capacity 818K, committed 896K, reserved 1048576K
Event: 1.981 GC heap after
Heap after GC invocations=2 (full 0):
 PSYoungGen      total 71680K, used 5109K [0x00000000eab00000, 0x00000000ef600000, 0x0000000100000000)
  eden space 66560K, 0% used [0x00000000eab00000,0x00000000eab00000,0x00000000eec00000)
  from space 5120K, 99% used [0x00000000ef100000,0x00000000ef5fd7f0,0x00000000ef600000)
  to   space 5120K, 0% used [0x00000000eec00000,0x00000000eec00000,0x00000000ef100000)
 ParOldGen       total 87552K, used 9838K [0x00000000c0000000, 0x00000000c5580000, 0x00000000eab00000)
  object space 87552K, 11% used [0x00000000c0000000,0x00000000c099b9b0,0x00000000c5580000)
 Metaspace       used 7719K, capacity 7938K, committed 8064K, reserved 1056768K
  class space    used 785K, capacity 818K, committed 896K, reserved 1048576K
}

Deoptimization events (10 events):
Event: 1.738 Thread 0x000000000268d800 Uncommon trap: reason=unstable_if action=reinterpret pc=0x0000000002e4a028 method=java.util.HashMap.putVal(ILjava/lang/Object;Ljava/lang/Object;ZZ)Ljava/lang/Object; @ 162
Event: 1.738 Thread 0x000000000268d800 Uncommon trap: reason=unstable_if action=reinterpret pc=0x0000000002e4e8a0 method=java.util.HashMap.putVal(ILjava/lang/Object;Ljava/lang/Object;ZZ)Ljava/lang/Object; @ 162
Event: 1.751 Thread 0x000000000268d800 Uncommon trap: reason=unstable_if action=reinterpret pc=0x0000000002d9a374 method=java.util.HashMap.getNode(ILjava/lang/Object;)Ljava/util/HashMap$Node; @ 84
Event: 1.818 Thread 0x000000000268d800 Uncommon trap: reason=unstable_if action=reinterpret pc=0x0000000002e5ca5c method=sun.misc.URLClassPath.getLoader(I)Lsun/misc/URLClassPath$Loader; @ 36
Event: 1.818 Thread 0x000000000268d800 Uncommon trap: reason=unstable_if action=reinterpret pc=0x0000000002e5af14 method=sun.misc.URLClassPath.getLoader(I)Lsun/misc/URLClassPath$Loader; @ 36
Event: 1.818 Thread 0x000000000268d800 Uncommon trap: reason=unstable_if action=reinterpret pc=0x0000000002ea4e78 method=sun.misc.MetaIndex.mayContain(Ljava/lang/String;)Z @ 13
Event: 1.819 Thread 0x000000000268d800 Uncommon trap: reason=unstable_if action=reinterpret pc=0x0000000002a70004 method=sun.misc.MetaIndex.mayContain(Ljava/lang/String;)Z @ 13
Event: 1.821 Thread 0x000000000268d800 Uncommon trap: reason=class_check action=maybe_recompile pc=0x0000000002d5a488 method=java.util.ArrayList.<init>(Ljava/util/Collection;)V @ 6
Event: 1.830 Thread 0x000000000268d800 Uncommon trap: reason=class_check action=maybe_recompile pc=0x0000000002d5a488 method=java.util.ArrayList.<init>(Ljava/util/Collection;)V @ 6
Event: 1.843 Thread 0x000000000268d800 Uncommon trap: reason=predicate action=maybe_recompile pc=0x0000000002ecb300 method=com.android.dex.Leb128.readUnsignedLeb128(Lcom/android/dex/util/ByteInput;)I @ 41

Internal exceptions (6 events):
Event: 0.055 Thread 0x000000000268d800 Exception <a 'java/lang/NoSuchMethodError': Method sun.misc.Unsafe.defineClass(Ljava/lang/String;[BII)Ljava/lang/Class; name or signature does not match> (0x00000000eab13068) thrown at [C:\re\workspace\8-2-build-windows-amd64-cygwin\jdk8u60\4407\hotspot\srîhš•q¬?
Event: 0.056 Thread 0x000000000268d800 Exception <a 'java/lang/NoSuchMethodError': Method sun.misc.Unsafe.prefetchRead(Ljava/lang/Object;J)V name or signature does not match> (0x00000000eab13350) thrown at [C:\re\workspace\8-2-build-windows-amd64-cygwin\jdk8u60\4407\hotspot\src\share\vm\prims\j<‹ÖÞÄý?
Event: 1.819 Thread 0x000000000268d800 Exception <a 'java/security/PrivilegedActionException'> (0x00000000ec000108) thrown at [C:\re\workspace\8-2-build-windows-amd64-cygwin\jdk8u60\4407\hotspot\src\share\vm\prims\jvm.cpp, line 1386]
Event: 1.819 Thread 0x000000000268d800 Exception <a 'java/security/PrivilegedActionException'> (0x00000000ec000500) thrown at [C:\re\workspace\8-2-build-windows-amd64-cygwin\jdk8u60\4407\hotspot\src\share\vm\prims\jvm.cpp, line 1386]
Event: 1.819 Thread 0x000000000268d800 Exception <a 'java/security/PrivilegedActionException'> (0x00000000ec002f88) thrown at [C:\re\workspace\8-2-build-windows-amd64-cygwin\jdk8u60\4407\hotspot\src\share\vm\prims\jvm.cpp, line 1386]
Event: 1.819 Thread 0x000000000268d800 Exception <a 'java/security/PrivilegedActionException'> (0x00000000ec003380) thrown at [C:\re\workspace\8-2-build-windows-amd64-cygwin\jdk8u60\4407\hotspot\src\share\vm\prims\jvm.cpp, line 1386]

Events (10 events):
Event: 1.901 Thread 0x000000000268d800 DEOPT PACKING pc=0x0000000002e47af1 sp=0x000000000278eed0
Event: 1.901 Thread 0x000000000268d800 DEOPT UNPACKING pc=0x00000000028d71bf sp=0x000000000278ebe8 mode 0
Event: 1.901 Thread 0x000000000268d800 DEOPT PACKING pc=0x0000000002e47ac7 sp=0x000000000278eed0
Event: 1.901 Thread 0x000000000268d800 DEOPT UNPACKING pc=0x00000000028d71bf sp=0x000000000278ebe8 mode 0
Event: 1.901 Thread 0x000000000268d800 DEOPT PACKING pc=0x0000000002e47a73 sp=0x000000000278eed0
Event: 1.901 Thread 0x000000000268d800 DEOPT UNPACKING pc=0x00000000028d71bf sp=0x000000000278ebe8 mode 0
Event: 1.901 Thread 0x000000000268d800 DEOPT PACKING pc=0x0000000002e479fe sp=0x000000000278eed0
Event: 1.901 Thread 0x000000000268d800 DEOPT UNPACKING pc=0x00000000028d71bf sp=0x000000000278ebe8 mode 0
Event: 1.957 Executing VM operation: ParallelGCFailedAllocation
Event: 1.981 Executing VM operation: ParallelGCFailedAllocation done


Dynamic libraries:
0x00007ff657df0000 - 0x00007ff657e27000 	E:\Java\jdk1.8.0_60\bin\java.exe
0x00007fff55fc0000 - 0x00007fff5616c000 	C:\WINDOWS\SYSTEM32\ntdll.dll
0x00007fff55a10000 - 0x00007fff55b4e000 	C:\WINDOWS\system32\KERNEL32.DLL
0x00007fff534d0000 - 0x00007fff535e5000 	C:\WINDOWS\system32\KERNELBASE.dll
0x00007fff51be0000 - 0x00007fff51c6e000 	C:\WINDOWS\system32\apphelp.dll
0x00007fff37da0000 - 0x00007fff37df3000 	C:\WINDOWS\AppPatch\AppPatch64\AcGenral.DLL
0x00007fff55e50000 - 0x00007fff55efa000 	C:\WINDOWS\system32\msvcrt.dll
0x00007fff52fc0000 - 0x00007fff52fee000 	C:\WINDOWS\SYSTEM32\SspiCli.dll
0x00007fff53730000 - 0x00007fff53784000 	C:\WINDOWS\system32\SHLWAPI.dll
0x00007fff54cb0000 - 0x00007fff54e27000 	C:\WINDOWS\system32\USER32.dll
0x00007fff55b50000 - 0x00007fff55ce4000 	C:\WINDOWS\system32\ole32.dll
0x00007fff53790000 - 0x00007fff54ca9000 	C:\WINDOWS\system32\SHELL32.dll
0x00007fff52740000 - 0x00007fff52761000 	C:\WINDOWS\SYSTEM32\USERENV.dll
0x00007fff55280000 - 0x00007fff5532a000 	C:\WINDOWS\system32\ADVAPI32.dll
0x00007fff45e10000 - 0x00007fff45e2e000 	C:\WINDOWS\SYSTEM32\MPR.dll
0x00007fff55550000 - 0x00007fff55691000 	C:\WINDOWS\system32\RPCRT4.dll
0x00007fff53650000 - 0x00007fff536a9000 	C:\WINDOWS\SYSTEM32\sechost.dll
0x00007fff557f0000 - 0x00007fff55a01000 	C:\WINDOWS\SYSTEM32\combase.dll
0x00007fff556a0000 - 0x00007fff557ef000 	C:\WINDOWS\system32\GDI32.dll
0x00007fff53120000 - 0x00007fff53135000 	C:\WINDOWS\SYSTEM32\profapi.dll
0x00007fff51c80000 - 0x00007fff51d32000 	C:\WINDOWS\SYSTEM32\SHCORE.dll
0x00007fff55240000 - 0x00007fff55276000 	C:\WINDOWS\system32\IMM32.DLL
0x00007fff55cf0000 - 0x00007fff55e42000 	C:\WINDOWS\system32\MSCTF.dll
0x00007fff51520000 - 0x00007fff5179a000 	C:\WINDOWS\WinSxS\amd64_microsoft.windows.common-controls_6595b64144ccf1df_6.0.9600.17810_none_6240b9c7ecbd0bda\COMCTL32.dll
0x00000000511e0000 - 0x00000000512b2000 	E:\Java\jdk1.8.0_60\jre\bin\msvcr100.dll
0x0000000051550000 - 0x0000000051dd9000 	E:\Java\jdk1.8.0_60\jre\bin\server\jvm.dll
0x00007fff45a40000 - 0x00007fff45a49000 	C:\WINDOWS\SYSTEM32\WSOCK32.dll
0x00007fff517a0000 - 0x00007fff517c2000 	C:\WINDOWS\SYSTEM32\WINMM.dll
0x00007fff517d0000 - 0x00007fff517da000 	C:\WINDOWS\SYSTEM32\VERSION.dll
0x00007fff55030000 - 0x00007fff55037000 	C:\WINDOWS\system32\PSAPI.DLL
0x00007fff55330000 - 0x00007fff5538a000 	C:\WINDOWS\system32\WS2_32.dll
0x00007fff514b0000 - 0x00007fff514da000 	C:\WINDOWS\SYSTEM32\WINMMBASE.dll
0x00007fff53720000 - 0x00007fff53729000 	C:\WINDOWS\system32\NSI.dll
0x00007fff531f0000 - 0x00007fff5323f000 	C:\WINDOWS\SYSTEM32\cfgmgr32.dll
0x00007fff51f20000 - 0x00007fff51f48000 	C:\WINDOWS\SYSTEM32\DEVOBJ.dll
0x00000000526c0000 - 0x00000000526cf000 	E:\Java\jdk1.8.0_60\jre\bin\verify.dll
0x0000000052690000 - 0x00000000526b9000 	E:\Java\jdk1.8.0_60\jre\bin\java.dll
0x0000000052670000 - 0x0000000052686000 	E:\Java\jdk1.8.0_60\jre\bin\zip.dll
0x00007fff4e820000 - 0x00007fff4e9a9000 	C:\WINDOWS\SYSTEM32\dbghelp.dll

VM Arguments:
jvm_args: -Xmx1024M -Dfile.encoding=windows-1251 -Duser.country=RU -Duser.language=ru -Duser.variant 
java_command: com.android.dx.command.Main --dex --num-threads=4 --output E:\LoftSchool\ItHappens\app\build\intermediates\dex\debug E:\LoftSchool\ItHappens\app\build\intermediates\classes\debug E:\LoftSchool\ItHappens\app\build\intermediates\pre-dexed\debug\support-annotations-23.0.1-e6941ffc9cbf1270b1623cf686ba7082dcc4df08.jar E:\LoftSchool\ItHappens\app\build\intermediates\pre-dexed\debug\classes-2fbdfcc023f96c5beeeb527b484842a4dc4d0184.jar E:\LoftSchool\ItHappens\app\build\intermediates\pre-dexed\debug\classes-ac288d2dcecbe054b797262fda1b1e3dbda9b766.jar E:\LoftSchool\ItHappens\app\build\intermediates\pre-dexed\debug\androidannotations-api-3.3.1-f92de5d8f4f147f1d6bd99ca686b10a8a3b8f178.jar E:\LoftSchool\ItHappens\app\build\intermediates\pre-dexed\debug\retrofit-1.9.0-36267d02236be5f5e3181af5cbed035765687fc1.jar E:\LoftSchool\ItHappens\app\build\intermediates\pre-dexed\debug\gson-2.3.1-3f4280419e45f26d584cf9889ccc40127341c14b.jar E:\LoftSchool\ItHappens\app\build\intermediates\pre-dexed\debug\classes-0f9211435bb759352cdb6487f7556ac18e58167a.jar E:\LoftSchool\ItHappens\app\build\intermediates\pre-dexed\debug\internal_impl-23.0.1-1aa6e61057530704e9df5098ee71d88e2be7b5dd.jar E:\LoftSchool\ItHappens\app\build\intermediates\pre-dexed\debug\classes-9d8aefa58b2f8b20b24b2ed6a451c789bc5dbf7c.jar E:\LoftSchool\ItHappens\app\build\intermediates\pre-dexed\debug\classes-8005d05b30177bc6493811b9ad1a691dcf5f27a4.jar E:\LoftSchool\ItHappens\app\build\intermediates\pre-dexed\debug\classes-8911bd3c0bcbb1a5c0b884d4ba4038f33470bb98.jar E:\LoftSchool\ItHappens\app\build\intermediates\pre-dexed\debug\realm-android-0.82.2-9bd58c3028bf05b2b6a2e7497d4acef77ad0e6d3.jar
java_class_path (initial): E:\Android\sdk\build-tools\23.0.0\lib\dx.jar
Launcher Type: SUN_STANDARD

Environment Variables:
PATH=C:\ProgramData\Oracle\Java\javapath;C:\WINDOWS\system32;C:\WINDOWS;C:\WINDOWS\System32\Wbem;C:\WINDOWS\System32\WindowsPowerShell\v1.0\;C:\Program Files (x86)\Common Files\Acronis\SnapAPI\;C:\Program Files (x86)\Common Files\Autodesk Shared\;C:\Program Files\Microsoft\Web Platform Installer\;C:\Program Files (x86)\Microsoft ASP.NET\ASP.NET Web Pages\v1.0\;C:\Program Files\Microsoft SQL Server\110\Tools\Binn\;C:\Program Files\Common Files\Autodesk Shared\;C:\Program Files (x86)\NVIDIA Corporation\PhysX\Common;C:\Program Files (x86)\Skype\Phone\;C:\Program Files (x86)\Common Files\Acronis\TibMounter64
USERNAME=Àëåêñàíäð
OS=Windows_NT
PROCESSOR_IDENTIFIER=Intel64 Family 6 Model 15 Stepping 11, GenuineIntel



---------------  S Y S T E M  ---------------

OS: Windows 8.1 , 64 bit Build 9600 (6.3.9600.17415)

CPU:total 4 (4 cores per cpu, 1 threads per core) family 6 model 15 stepping 11, cmov, cx8, fxsr, mmx, sse, sse2, sse3, ssse3, tsc

Memory: 4k page, physical 8387492k(1531336k free), swap 14154916k(3840072k free)

vm_info: Java HotSpot(TM) 64-Bit Server VM (25.60-b23) for windows-amd64 JRE (1.8.0_60-b27), built on Aug  4 2015 11:06:27 by "java_re" with MS VC++ 10.0 (VS2010)

time: Wed Sep 23 00:33:14 2015
elapsed time: 2 seconds (0d 0h 0m 2s)

