#
# A fatal error has been detected by the Java Runtime Environment:
#
#  EXCEPTION_ACCESS_VIOLATION (0xc0000005) at pc=0xffffffffa31d5120, pid=3852, tid=5428
#
# JRE version: Java(TM) SE Runtime Environment (8.0_60-b27) (build 1.8.0_60-b27)
# Java VM: Java HotSpot(TM) 64-Bit Server VM (25.60-b23 mixed mode windows-amd64 compressed oops)
# Problematic frame:
# C  0xffffffffa31d5120
#
# Failed to write core dump. Minidumps are not enabled by default on client versions of Windows
#
# If you would like to submit a bug report, please visit:
#   http://bugreport.java.com/bugreport/crash.jsp
#

---------------  T H R E A D  ---------------

Current thread (0x00000000163b4000):  JavaThread "pool-1-thread-4" [_thread_in_Java, id=5428, stack(0x0000000016be0000,0x0000000016ce0000)]

siginfo: ExceptionCode=0xc0000005, ExceptionInformation=0x0000000000000008 0xffffffffa31d5120

Registers:
RAX=0x0000000013f04a00, RBX=0x0000000013f04a00, RCX=0x00000000eaeb3388, RDX=0x00000000eaeb3388
RSP=0x0000000016cde558, RBP=0x0000000016cde5b8, RSI=0x0000000100068df8, RDI=0x0000000100068df8
R8 =0x00000000eaeb2e70, R9 =0x0000000000000118, R10=0x0000000057ed2140, R11=0x0000000002353820
R12=0x0000000000000000, R13=0x0000000016cde568, R14=0x0000000016cde5d0, R15=0x00000000163b4000
RIP=0xffffffffa31d5120, EFLAGS=0x0000000000010206

Top of Stack: (sp=0x0000000016cde558)
0x0000000016cde558:   00000000021d7470 00000000021d7470
0x0000000016cde568:   00000000eaeb2e70 00000000eaeb3388
0x0000000016cde578:   0000000016cde578 000000001433d4e3
0x0000000016cde588:   0000000016cde5d0 0000000014347238
0x0000000016cde598:   00000000143a7760 000000001433d508
0x0000000016cde5a8:   0000000016cde568 0000000016cde5e0
0x0000000016cde5b8:   0000000016cde6a8 0000000002356c04
0x0000000016cde5c8:   00000000eaeb2e08 00000000eaeb3338
0x0000000016cde5d8:   0000000002356c04 0000000000000000
0x0000000016cde5e8:   00000000163b4000 0000000016cde658
0x0000000016cde5f8:   00000000021d7470 00000000021d7470
0x0000000016cde608:   00000000eaeb3260 00000000eaeb3338
0x0000000016cde618:   0000000016cde618 00000000eadcb448
0x0000000016cde628:   0000000016cde690 000000001434c558
0x0000000016cde638:   00000000143a75b0 0000000016cde6a8
0x0000000016cde648:   00000000021d7470 00000000021d7470 

Instructions: (pc=0xffffffffa31d5120)
0xffffffffa31d5100:   
[error occurred during error reporting (printing registers, top of stack, instructions near pc), id 0xc0000005]

Register to memory mapping:

RAX={method} {0x0000000013f04a08} 'compareTo' '(Ljava/lang/String;)I' in 'java/lang/String'
RBX={method} {0x0000000013f04a08} 'compareTo' '(Ljava/lang/String;)I' in 'java/lang/String'
RCX=0x00000000eaeb3388 is an oop
java.lang.String 
 - klass: 'java/lang/String'
RDX=0x00000000eaeb3388 is an oop
java.lang.String 
 - klass: 'java/lang/String'
RSP=0x0000000016cde558 is pointing into the stack for thread: 0x00000000163b4000
RBP=0x0000000016cde5b8 is pointing into the stack for thread: 0x00000000163b4000
RSI=0x0000000100068df8 is pointing into metadata
RDI=0x0000000100068df8 is pointing into metadata
R8 =0x00000000eaeb2e70 is an oop
java.lang.String 
 - klass: 'java/lang/String'
R9 =0x0000000000000118 is an unknown value
R10=0x0000000057ed2140 is an unknown value
R11=0x0000000002353820 is at entry_point+32 in (nmethod*)0x0000000002353690
R12=0x0000000000000000 is an unknown value
R13=0x0000000016cde568 is pointing into the stack for thread: 0x00000000163b4000
R14=0x0000000016cde5d0 is pointing into the stack for thread: 0x00000000163b4000
R15=0x00000000163b4000 is a thread


Stack: [0x0000000016be0000,0x0000000016ce0000],  sp=0x0000000016cde558,  free space=1017k
Native frames: (J=compiled Java code, j=interpreted, Vv=VM code, C=native code)
C  0xffffffffa31d5120


---------------  P R O C E S S  ---------------

Java Threads: ( => current thread )
=>0x00000000163b4000 JavaThread "pool-1-thread-4" [_thread_in_Java, id=5428, stack(0x0000000016be0000,0x0000000016ce0000)]
  0x00000000163b7000 JavaThread "pool-1-thread-3" [_thread_blocked, id=5720, stack(0x0000000016ae0000,0x0000000016be0000)]
  0x0000000016333000 JavaThread "pool-1-thread-2" [_thread_blocked, id=10388, stack(0x00000000169e0000,0x0000000016ae0000)]
  0x000000001632e000 JavaThread "pool-2-thread-1" [_thread_blocked, id=1800, stack(0x00000000168e0000,0x00000000169e0000)]
  0x000000001632d000 JavaThread "pool-1-thread-1" [_thread_in_Java, id=11180, stack(0x00000000167e0000,0x00000000168e0000)]
  0x0000000016208800 JavaThread "Service Thread" daemon [_thread_blocked, id=10632, stack(0x00000000165e0000,0x00000000166e0000)]
  0x00000000148a6800 JavaThread "C1 CompilerThread2" daemon [_thread_in_native, id=10644, stack(0x00000000160e0000,0x00000000161e0000)]
  0x00000000148a3800 JavaThread "C2 CompilerThread1" daemon [_thread_blocked, id=1056, stack(0x0000000015fe0000,0x00000000160e0000)]
  0x00000000148a0800 JavaThread "C2 CompilerThread0" daemon [_thread_blocked, id=8432, stack(0x0000000015ee0000,0x0000000015fe0000)]
  0x000000001489f000 JavaThread "Attach Listener" daemon [_thread_blocked, id=10376, stack(0x0000000015de0000,0x0000000015ee0000)]
  0x000000001489b800 JavaThread "Signal Dispatcher" daemon [_thread_blocked, id=9996, stack(0x0000000015ce0000,0x0000000015de0000)]
  0x0000000014869800 JavaThread "Finalizer" daemon [_thread_blocked, id=200, stack(0x0000000015af0000,0x0000000015bf0000)]
  0x0000000014868800 JavaThread "Reference Handler" daemon [_thread_blocked, id=5244, stack(0x00000000159f0000,0x0000000015af0000)]
  0x000000000089e000 JavaThread "main" [_thread_blocked, id=9716, stack(0x0000000001fd0000,0x00000000020d0000)]

Other Threads:
  0x0000000014867000 VMThread [stack: 0x00000000158f0000,0x00000000159f0000] [id=2408]
  0x000000001622b800 WatcherThread [stack: 0x00000000166e0000,0x00000000167e0000] [id=5152]

VM state:not at safepoint (normal execution)

VM Mutex/Monitor currently owned by a thread: None

Heap:
 PSYoungGen      total 38400K, used 11588K [0x00000000eab00000, 0x00000000ed580000, 0x0000000100000000)
  eden space 33280K, 34% used [0x00000000eab00000,0x00000000eb651180,0x00000000ecb80000)
  from space 5120K, 0% used [0x00000000ed080000,0x00000000ed080000,0x00000000ed580000)
  to   space 5120K, 0% used [0x00000000ecb80000,0x00000000ecb80000,0x00000000ed080000)
 ParOldGen       total 87552K, used 0K [0x00000000c0000000, 0x00000000c5580000, 0x00000000eab00000)
  object space 87552K, 0% used [0x00000000c0000000,0x00000000c0000000,0x00000000c5580000)
 Metaspace       used 5023K, capacity 6320K, committed 6528K, reserved 1056768K
  class space    used 556K, capacity 616K, committed 640K, reserved 1048576K

Card table byte_map: [0x0000000011590000,0x00000000117a0000] byte_map_base: 0x0000000010f90000

Marking Bits: (ParMarkBitMap*) 0x0000000057eea5b0
 Begin Bits: [0x0000000011d00000, 0x0000000012d00000)
 End Bits:   [0x0000000012d00000, 0x0000000013d00000)

Polling page: 0x0000000000830000

CodeCache: size=245760Kb used=1873Kb max_used=1873Kb free=243886Kb
 bounds [0x00000000021d0000, 0x0000000002440000, 0x00000000111d0000]
 total_blobs=595 nmethods=336 adapters=174
 compilation: enabled

Compilation events (10 events):
Event: 0.231 Thread 0x00000000148a6800  226       3       java.util.zip.InflaterInputStream::ensureOpen (18 bytes)
Event: 0.232 Thread 0x00000000148a6800 nmethod 226 0x00000000023669d0 code [0x0000000002366b40, 0x0000000002366da8]
Event: 0.232 Thread 0x00000000148a6800  227       3       java.lang.Character::digit (6 bytes)
Event: 0.232 Thread 0x00000000148a6800 nmethod 227 0x0000000002366e90 code [0x0000000002367000, 0x0000000002367298]
Event: 0.232 Thread 0x00000000148a6800  228       3       java.lang.Character::digit (10 bytes)
Event: 0.232 Thread 0x00000000148a6800 nmethod 228 0x00000000023673d0 code [0x0000000002367540, 0x0000000002367778]
Event: 0.233 Thread 0x00000000148a6800  229       1       java.lang.CharacterDataLatin1::getProperties (11 bytes)
Event: 0.233 Thread 0x00000000148a6800 nmethod 229 0x0000000002367850 code [0x00000000023679a0, 0x0000000002367af0]
Event: 0.233 Thread 0x00000000148a6800  230       3       java.lang.CharacterDataLatin1::digit (91 bytes)
Event: 0.233 Thread 0x00000000148a6800 nmethod 230 0x0000000002367bd0 code [0x0000000002367d40, 0x00000000023680d0]

GC Heap History (0 events):
No events

Deoptimization events (0 events):
No events

Internal exceptions (2 events):
Event: 0.038 Thread 0x000000000089e000 Exception <a 'java/lang/NoSuchMethodError': Method sun.misc.Unsafe.defineClass(Ljava/lang/String;[BII)Ljava/lang/Class; name or signature does not match> (0x00000000eab13068) thrown at [C:\re\workspace\8-2-build-windows-amd64-cygwin\jdk8u60\4407\hotspot\sr_n’Jâ•£?
Event: 0.038 Thread 0x000000000089e000 Exception <a 'java/lang/NoSuchMethodError': Method sun.misc.Unsafe.prefetchRead(Ljava/lang/Object;J)V name or signature does not match> (0x00000000eab13350) thrown at [C:\re\workspace\8-2-build-windows-amd64-cygwin\jdk8u60\4407\hotspot\src\share\vm\prims\j

Events (10 events):
Event: 0.229 loading class com/android/dx/util/Bits
Event: 0.229 loading class com/android/dx/util/Bits done
Event: 0.229 loading class com/android/dx/util/IntList
Event: 0.229 loading class com/android/dx/util/IntList done
Event: 0.230 loading class com/android/dx/cf/code/ByteOps
Event: 0.230 loading class com/android/dx/cf/code/ByteOps done
Event: 0.233 loading class com/android/dx/cf/code/ByteCatchList$Item
Event: 0.233 loading class com/android/dx/cf/code/ByteCatchList$Item done
Event: 0.234 loading class com/android/dx/cf/code/ByteBlock
Event: 0.234 loading class com/android/dx/cf/code/ByteBlock done


Dynamic libraries:
0x00007ff6d4550000 - 0x00007ff6d4587000 	E:\Java\jdk1.8.0_60\bin\java.exe
0x00007ffd43120000 - 0x00007ffd432cc000 	C:\WINDOWS\SYSTEM32\ntdll.dll
0x00007ffd427f0000 - 0x00007ffd4292e000 	C:\WINDOWS\system32\KERNEL32.DLL
0x00007ffd40690000 - 0x00007ffd407a5000 	C:\WINDOWS\system32\KERNELBASE.dll
0x00007ffd3ed00000 - 0x00007ffd3ed8e000 	C:\WINDOWS\system32\apphelp.dll
0x00007ffd33140000 - 0x00007ffd33193000 	C:\WINDOWS\AppPatch\AppPatch64\AcGenral.DLL
0x00007ffd42ac0000 - 0x00007ffd42b6a000 	C:\WINDOWS\system32\msvcrt.dll
0x00007ffd400b0000 - 0x00007ffd400de000 	C:\WINDOWS\SYSTEM32\SspiCli.dll
0x00007ffd42cd0000 - 0x00007ffd42d24000 	C:\WINDOWS\system32\SHLWAPI.dll
0x00007ffd42940000 - 0x00007ffd42ab7000 	C:\WINDOWS\system32\USER32.dll
0x00007ffd42650000 - 0x00007ffd427e4000 	C:\WINDOWS\system32\ole32.dll
0x00007ffd40b00000 - 0x00007ffd42019000 	C:\WINDOWS\system32\SHELL32.dll
0x00007ffd3f820000 - 0x00007ffd3f841000 	C:\WINDOWS\SYSTEM32\USERENV.dll
0x00007ffd42d30000 - 0x00007ffd42dda000 	C:\WINDOWS\system32\ADVAPI32.dll
0x00007ffd32a40000 - 0x00007ffd32a5e000 	C:\WINDOWS\SYSTEM32\MPR.dll
0x00007ffd40940000 - 0x00007ffd40a81000 	C:\WINDOWS\system32\RPCRT4.dll
0x00007ffd42020000 - 0x00007ffd42079000 	C:\WINDOWS\SYSTEM32\sechost.dll
0x00007ffd42de0000 - 0x00007ffd42ff1000 	C:\WINDOWS\SYSTEM32\combase.dll
0x00007ffd424e0000 - 0x00007ffd4262f000 	C:\WINDOWS\system32\GDI32.dll
0x00007ffd40280000 - 0x00007ffd40295000 	C:\WINDOWS\SYSTEM32\profapi.dll
0x00007ffd3ed90000 - 0x00007ffd3ee42000 	C:\WINDOWS\SYSTEM32\SHCORE.dll
0x00007ffd40900000 - 0x00007ffd40936000 	C:\WINDOWS\system32\IMM32.DLL
0x00007ffd42b70000 - 0x00007ffd42cc2000 	C:\WINDOWS\system32\MSCTF.dll
0x00007ffd3da70000 - 0x00007ffd3dcea000 	C:\WINDOWS\WinSxS\amd64_microsoft.windows.common-controls_6595b64144ccf1df_6.0.9600.17810_none_6240b9c7ecbd0bda\COMCTL32.dll
0x0000000056bb0000 - 0x0000000056c82000 	E:\Java\jdk1.8.0_60\jre\bin\msvcr100.dll
0x00000000576e0000 - 0x0000000057f69000 	E:\Java\jdk1.8.0_60\jre\bin\server\jvm.dll
0x00007ffd26fc0000 - 0x00007ffd26fc9000 	C:\WINDOWS\SYSTEM32\WSOCK32.dll
0x00007ffd3dcf0000 - 0x00007ffd3dd12000 	C:\WINDOWS\SYSTEM32\WINMM.dll
0x00007ffd3dd20000 - 0x00007ffd3dd2a000 	C:\WINDOWS\SYSTEM32\VERSION.dll
0x00007ffd40890000 - 0x00007ffd40897000 	C:\WINDOWS\system32\PSAPI.DLL
0x00007ffd430c0000 - 0x00007ffd4311a000 	C:\WINDOWS\system32\WS2_32.dll
0x00007ffd3da00000 - 0x00007ffd3da2a000 	C:\WINDOWS\SYSTEM32\WINMMBASE.dll
0x00007ffd407b0000 - 0x00007ffd407b9000 	C:\WINDOWS\system32\NSI.dll
0x00007ffd40460000 - 0x00007ffd404af000 	C:\WINDOWS\SYSTEM32\cfgmgr32.dll
0x00007ffd3f060000 - 0x00007ffd3f088000 	C:\WINDOWS\SYSTEM32\DEVOBJ.dll
0x00000000576d0000 - 0x00000000576df000 	E:\Java\jdk1.8.0_60\jre\bin\verify.dll
0x00000000576a0000 - 0x00000000576c9000 	E:\Java\jdk1.8.0_60\jre\bin\java.dll
0x0000000057680000 - 0x0000000057696000 	E:\Java\jdk1.8.0_60\jre\bin\zip.dll
0x00007ffd3a950000 - 0x00007ffd3aad9000 	C:\WINDOWS\SYSTEM32\dbghelp.dll

VM Arguments:
jvm_args: -Xmx1024M -Dfile.encoding=windows-1251 -Duser.country=RU -Duser.language=ru -Duser.variant 
java_command: com.android.dx.command.Main --dex --num-threads=4 --output E:\LoftSchool\ItHappens\app\build\intermediates\dex\debug E:\LoftSchool\ItHappens\app\build\intermediates\classes\debug E:\LoftSchool\ItHappens\app\build\intermediates\pre-dexed\debug\support-annotations-23.0.1-e6941ffc9cbf1270b1623cf686ba7082dcc4df08.jar E:\LoftSchool\ItHappens\app\build\intermediates\pre-dexed\debug\classes-33b194942d40a93a6b7fb59f31809eafee4a3d60.jar E:\LoftSchool\ItHappens\app\build\intermediates\pre-dexed\debug\classes-2fbdfcc023f96c5beeeb527b484842a4dc4d0184.jar E:\LoftSchool\ItHappens\app\build\intermediates\pre-dexed\debug\classes-ac288d2dcecbe054b797262fda1b1e3dbda9b766.jar E:\LoftSchool\ItHappens\app\build\intermediates\pre-dexed\debug\classes-7b7a49ff55f6ad6d3d8f47054b4f618d20637af2.jar E:\LoftSchool\ItHappens\app\build\intermediates\pre-dexed\debug\androidannotations-api-3.3.1-f92de5d8f4f147f1d6bd99ca686b10a8a3b8f178.jar E:\LoftSchool\ItHappens\app\build\intermediates\pre-dexed\debug\retrofit-1.9.0-36267d02236be5f5e3181af5cbed035765687fc1.jar E:\LoftSchool\ItHappens\app\build\intermediates\pre-dexed\debug\gson-2.3.1-3f4280419e45f26d584cf9889ccc40127341c14b.jar E:\LoftSchool\ItHappens\app\build\intermediates\pre-dexed\debug\classes-0f9211435bb759352cdb6487f7556ac18e58167a.jar E:\LoftSchool\ItHappens\app\build\intermediates\pre-dexed\debug\internal_impl-23.0.1-1aa6e61057530704e9df5098ee71d88e2be7b5dd.jar E:\LoftSchool\ItHappens\app\build\intermediates\pre-dexed\debug\classes-9d8aefa58b2f8b20b24b2ed6a451c789bc5dbf7c.jar E:\LoftSchool\ItHappens\app\build\intermediates\pre-dexed\debug\classes-8005d05b30177bc6493811b9ad1a691dcf5f27a4.jar E:\LoftSchool\ItHappens\app\build\intermediates\pre-dexed\debug\rxjava-1.0.14-c7f33d3793e98165e867744c4ee16d987818699e.jar E:\LoftSchool\ItHappens\app\build\intermediates\pre-dexed\debug\classes-8911bd3c0bcbb1a5c0b884d4ba4038f33470bb98.jar E:\LoftSchool\ItHappens\app\build\intermediates\pre-dexed\debug\realm-android-0.82.2-9bd58c3028bf0
java_class_path (initial): E:\Android\sdk\build-tools\23.0.0\lib\dx.jar
Launcher Type: SUN_STANDARD

Environment Variables:
PATH=C:\ProgramData\Oracle\Java\javapath;C:\WINDOWS\system32;C:\WINDOWS;C:\WINDOWS\System32\Wbem;C:\WINDOWS\System32\WindowsPowerShell\v1.0\;C:\Program Files (x86)\Common Files\Acronis\SnapAPI\;C:\Program Files (x86)\Common Files\Autodesk Shared\;C:\Program Files\Microsoft\Web Platform Installer\;C:\Program Files (x86)\Microsoft ASP.NET\ASP.NET Web Pages\v1.0\;C:\Program Files\Microsoft SQL Server\110\Tools\Binn\;C:\Program Files\Common Files\Autodesk Shared\;C:\Program Files (x86)\NVIDIA Corporation\PhysX\Common;C:\Program Files (x86)\Skype\Phone\;C:\Program Files (x86)\Common Files\Acronis\TibMounter64
USERNAME=¿ÎÂÍÒ‡Ì‰
OS=Windows_NT
PROCESSOR_IDENTIFIER=Intel64 Family 6 Model 15 Stepping 11, GenuineIntel



---------------  S Y S T E M  ---------------

OS: Windows 8.1 , 64 bit Build 9600 (6.3.9600.17415)

CPU:total 4 (4 cores per cpu, 1 threads per core) family 6 model 15 stepping 11, cmov, cx8, fxsr, mmx, sse, sse2, sse3, ssse3, tsc

Memory: 4k page, physical 8387492k(631032k free), swap 14154916k(2616000k free)

vm_info: Java HotSpot(TM) 64-Bit Server VM (25.60-b23) for windows-amd64 JRE (1.8.0_60-b27), built on Aug  4 2015 11:06:27 by "java_re" with MS VC++ 10.0 (VS2010)

time: Sun Sep 27 21:37:46 2015
elapsed time: 0 seconds (0d 0h 0m 0s)

