#
# A fatal error has been detected by the Java Runtime Environment:
#
#  EXCEPTION_ACCESS_VIOLATION (0xc0000005) at pc=0xffffffffa3ba5120, pid=5724, tid=8560
#
# JRE version: Java(TM) SE Runtime Environment (8.0_60-b27) (build 1.8.0_60-b27)
# Java VM: Java HotSpot(TM) 64-Bit Server VM (25.60-b23 mixed mode windows-amd64 compressed oops)
# Problematic frame:
# C  0xffffffffa3ba5120
#
# Failed to write core dump. Minidumps are not enabled by default on client versions of Windows
#
# If you would like to submit a bug report, please visit:
#   http://bugreport.java.com/bugreport/crash.jsp
#

---------------  T H R E A D  ---------------

Current thread (0x0000000002aa0800):  JavaThread "main" [_thread_in_Java, id=8560, stack(0x00000000029a0000,0x0000000002aa0000)]

siginfo: ExceptionCode=0xc0000005, ExceptionInformation=0x0000000000000008 0xffffffffa3ba5120

Registers:
RAX=0x0000000100078d38, RBX=0x0000000014d5a5e8, RCX=0x00000000ed61fd18, RDX=0x00000000ed61fd18
RSP=0x0000000002a9eb48, RBP=0x0000000002a9ebf8, RSI=0x00000000ed61fd18, RDI=0x0000000000002c28
R8 =0x00000000ed61fcf8, R9 =0x0000000002997950, R10=0x0000000100078d38, R11=0x00000000032b1b80
R12=0x0000000000000000, R13=0x0000000002a9eba8, R14=0x0000000002a9ec10, R15=0x0000000002aa0800
RIP=0xffffffffa3ba5120, EFLAGS=0x0000000000010246

Top of Stack: (sp=0x0000000002a9eb48)
0x0000000002a9eb48:   00000000032b1be4 0000000014d5a5a6
0x0000000002a9eb58:   0000000002a9ebb0 0000000014d61978
0x0000000002a9eb68:   0000000014f57d80 00000000ed61fcf8
0x0000000002a9eb78:   00000000ed61fd18 0000000000000680
0x0000000002a9eb88:   0000000002bb1211 0000000002a9ebf8
0x0000000002a9eb98:   0000000002ba7470 0000000002ba7470
0x0000000002a9eba8:   00000000ed61fcf8 00000000ed61fd18
0x0000000002a9ebb8:   0000000002a9ebb8 0000000014d5b03d
0x0000000002a9ebc8:   0000000002a9ec10 0000000014d61978
0x0000000002a9ebd8:   0000000000000000 0000000014d5b060
0x0000000002a9ebe8:   0000000002a9eba8 0000000002a9ec20
0x0000000002a9ebf8:   0000000002a9ed10 0000000003264504
0x0000000002a9ec08:   00000000ed61fcf8 00000000ed61fd18
0x0000000002a9ec18:   0000000003264504 0000000000000000
0x0000000002a9ec28:   0000000002bc0c34 00000000ed881078
0x0000000002a9ec38:   0000000002a9ec38 0000000014bef9ca 

Instructions: (pc=0xffffffffa3ba5120)
0xffffffffa3ba5100:   
[error occurred during error reporting (printing registers, top of stack, instructions near pc), id 0xc0000005]

Register to memory mapping:

RAX=0x0000000100078d38 is pointing into metadata
RBX={method} {0x0000000014d5a5f0} 'compareTo' '(Lcom/android/dx/dex/file/OffsettedItem;)I' in 'com/android/dx/dex/file/OffsettedItem'
RCX=0x00000000ed61fd18 is an oop
com.android.dx.dex.file.StringDataItem 
 - klass: 'com/android/dx/dex/file/StringDataItem'
RDX=0x00000000ed61fd18 is an oop
com.android.dx.dex.file.StringDataItem 
 - klass: 'com/android/dx/dex/file/StringDataItem'
RSP=0x0000000002a9eb48 is pointing into the stack for thread: 0x0000000002aa0800
RBP=0x0000000002a9ebf8 is pointing into the stack for thread: 0x0000000002aa0800
RSI=0x00000000ed61fd18 is an oop
com.android.dx.dex.file.StringDataItem 
 - klass: 'com/android/dx/dex/file/StringDataItem'
RDI=0x0000000000002c28 is an unknown value
R8 =0x00000000ed61fcf8 is an oop
com.android.dx.dex.file.StringDataItem 
 - klass: 'com/android/dx/dex/file/StringDataItem'
R9 =0x0000000002997950 is an unknown value
R10=0x0000000100078d38 is pointing into metadata
R11=0x00000000032b1b80 is at entry_point+32 in (nmethod*)0x00000000032b19d0
R12=0x0000000000000000 is an unknown value
R13=0x0000000002a9eba8 is pointing into the stack for thread: 0x0000000002aa0800
R14=0x0000000002a9ec10 is pointing into the stack for thread: 0x0000000002aa0800
R15=0x0000000002aa0800 is a thread


Stack: [0x00000000029a0000,0x0000000002aa0000],  sp=0x0000000002a9eb48,  free space=1018k
Native frames: (J=compiled Java code, j=interpreted, Vv=VM code, C=native code)
C  0xffffffffa3ba5120


---------------  P R O C E S S  ---------------

Java Threads: ( => current thread )
  0x0000000016bb4000 JavaThread "Service Thread" daemon [_thread_blocked, id=3740, stack(0x0000000016fb0000,0x00000000170b0000)]
  0x00000000152ca800 JavaThread "C1 CompilerThread2" daemon [_thread_blocked, id=8088, stack(0x0000000016ab0000,0x0000000016bb0000)]
  0x00000000152c7800 JavaThread "C2 CompilerThread1" daemon [_thread_in_native, id=6056, stack(0x00000000169b0000,0x0000000016ab0000)]
  0x000000001526e800 JavaThread "C2 CompilerThread0" daemon [_thread_in_native, id=4828, stack(0x00000000168b0000,0x00000000169b0000)]
  0x000000001526d000 JavaThread "Attach Listener" daemon [_thread_blocked, id=2840, stack(0x00000000167b0000,0x00000000168b0000)]
  0x000000001526a000 JavaThread "Signal Dispatcher" daemon [_thread_blocked, id=1176, stack(0x00000000166b0000,0x00000000167b0000)]
  0x0000000002b90800 JavaThread "Finalizer" daemon [_thread_blocked, id=9336, stack(0x00000000164d0000,0x00000000165d0000)]
  0x0000000002b8c000 JavaThread "Reference Handler" daemon [_thread_blocked, id=10268, stack(0x00000000163d0000,0x00000000164d0000)]
=>0x0000000002aa0800 JavaThread "main" [_thread_in_Java, id=8560, stack(0x00000000029a0000,0x0000000002aa0000)]

Other Threads:
  0x0000000015236000 VMThread [stack: 0x00000000162d0000,0x00000000163d0000] [id=6356]
  0x0000000016bca000 WatcherThread [stack: 0x00000000170b0000,0x00000000171b0000] [id=11020]

VM state:not at safepoint (normal execution)

VM Mutex/Monitor currently owned by a thread: None

Heap:
 PSYoungGen      total 71680K, used 52179K [0x00000000eab00000, 0x00000000ef600000, 0x0000000100000000)
  eden space 66560K, 70% used [0x00000000eab00000,0x00000000ed8fa200,0x00000000eec00000)
  from space 5120K, 99% used [0x00000000ef100000,0x00000000ef5faaa0,0x00000000ef600000)
  to   space 5120K, 0% used [0x00000000eec00000,0x00000000eec00000,0x00000000ef100000)
 ParOldGen       total 87552K, used 6792K [0x00000000c0000000, 0x00000000c5580000, 0x00000000eab00000)
  object space 87552K, 7% used [0x00000000c0000000,0x00000000c06a2228,0x00000000c5580000)
 Metaspace       used 6422K, capacity 7344K, committed 7552K, reserved 1056768K
  class space    used 608K, capacity 616K, committed 640K, reserved 1048576K

Card table byte_map: [0x0000000011f60000,0x0000000012170000] byte_map_base: 0x0000000011960000

Marking Bits: (ParMarkBitMap*) 0x0000000057eea5b0
 Begin Bits: [0x00000000126d0000, 0x00000000136d0000)
 End Bits:   [0x00000000136d0000, 0x00000000146d0000)

Polling page: 0x0000000002850000

CodeCache: size=245760Kb used=7397Kb max_used=7422Kb free=238362Kb
 bounds [0x0000000002ba0000, 0x00000000032f0000, 0x0000000011ba0000]
 total_blobs=2199 nmethods=1930 adapters=182
 compilation: enabled

Compilation events (10 events):
Event: 4.285 Thread 0x00000000152ca800 1948       2       com.android.dx.dex.file.StringDataItem::itemType (4 bytes)
Event: 4.285 Thread 0x00000000152ca800 nmethod 1948 0x00000000032b1690 code [0x00000000032b17e0, 0x00000000032b1930]
Event: 4.285 Thread 0x00000000152ca800 1949       2       com.android.dx.dex.file.OffsettedItem::compareTo (34 bytes)
Event: 4.285 Thread 0x00000000152ca800 nmethod 1949 0x00000000032b19d0 code [0x00000000032b1b60, 0x00000000032b1d98]
Event: 4.285 Thread 0x00000000152ca800 1951       2       com.android.dx.dex.file.StringDataItem::compareTo0 (17 bytes)
Event: 4.286 Thread 0x00000000152ca800 nmethod 1951 0x00000000032b1ed0 code [0x00000000032b2060, 0x00000000032b2338]
Event: 4.286 Thread 0x00000000152ca800 1952       1       com.android.dx.dex.file.StringDataItem::itemType (4 bytes)
Event: 4.286 Thread 0x00000000152ca800 nmethod 1952 0x00000000032b2650 code [0x00000000032b27a0, 0x00000000032b28b0]
Event: 4.286 Thread 0x00000000152ca800 1950       2       com.android.dx.dex.file.OffsettedItem::compareTo (9 bytes)
Event: 4.286 Thread 0x00000000152ca800 nmethod 1950 0x00000000032b2910 code [0x00000000032b2aa0, 0x00000000032b2d18]

GC Heap History (4 events):
Event: 3.203 GC heap before
{Heap before GC invocations=1 (full 0):
 PSYoungGen      total 38400K, used 33280K [0x00000000eab00000, 0x00000000ed580000, 0x0000000100000000)
  eden space 33280K, 100% used [0x00000000eab00000,0x00000000ecb80000,0x00000000ecb80000)
  from space 5120K, 0% used [0x00000000ed080000,0x00000000ed080000,0x00000000ed580000)
  to   space 5120K, 0% used [0x00000000ecb80000,0x00000000ecb80000,0x00000000ed080000)
 ParOldGen       total 87552K, used 0K [0x00000000c0000000, 0x00000000c5580000, 0x00000000eab00000)
  object space 87552K, 0% used [0x00000000c0000000,0x00000000c0000000,0x00000000c5580000)
 Metaspace       used 5902K, capacity 6960K, committed 7040K, reserved 1056768K
  class space    used 587K, capacity 616K, committed 640K, reserved 1048576K
Event: 3.232 GC heap after
Heap after GC invocations=1 (full 0):
 PSYoungGen      total 38400K, used 5098K [0x00000000eab00000, 0x00000000ef600000, 0x0000000100000000)
  eden space 33280K, 0% used [0x00000000eab00000,0x00000000eab00000,0x00000000ecb80000)
  from space 5120K, 99% used [0x00000000ecb80000,0x00000000ed07aaa0,0x00000000ed080000)
  to   space 5120K, 0% used [0x00000000ef100000,0x00000000ef100000,0x00000000ef600000)
 ParOldGen       total 87552K, used 1908K [0x00000000c0000000, 0x00000000c5580000, 0x00000000eab00000)
  object space 87552K, 2% used [0x00000000c0000000,0x00000000c01dd150,0x00000000c5580000)
 Metaspace       used 5902K, capacity 6960K, committed 7040K, reserved 1056768K
  class space    used 587K, capacity 616K, committed 640K, reserved 1048576K
}
Event: 3.654 GC heap before
{Heap before GC invocations=2 (full 0):
 PSYoungGen      total 38400K, used 38378K [0x00000000eab00000, 0x00000000ef600000, 0x0000000100000000)
  eden space 33280K, 100% used [0x00000000eab00000,0x00000000ecb80000,0x00000000ecb80000)
  from space 5120K, 99% used [0x00000000ecb80000,0x00000000ed07aaa0,0x00000000ed080000)
  to   space 5120K, 0% used [0x00000000ef100000,0x00000000ef100000,0x00000000ef600000)
 ParOldGen       total 87552K, used 1908K [0x00000000c0000000, 0x00000000c5580000, 0x00000000eab00000)
  object space 87552K, 2% used [0x00000000c0000000,0x00000000c01dd150,0x00000000c5580000)
 Metaspace       used 6072K, capacity 7088K, committed 7296K, reserved 1056768K
  class space    used 588K, capacity 616K, committed 640K, reserved 1048576K
Event: 3.685 GC heap after
Heap after GC invocations=2 (full 0):
 PSYoungGen      total 71680K, used 5098K [0x00000000eab00000, 0x00000000ef600000, 0x0000000100000000)
  eden space 66560K, 0% used [0x00000000eab00000,0x00000000eab00000,0x00000000eec00000)
  from space 5120K, 99% used [0x00000000ef100000,0x00000000ef5faaa0,0x00000000ef600000)
  to   space 5120K, 0% used [0x00000000eec00000,0x00000000eec00000,0x00000000ef100000)
 ParOldGen       total 87552K, used 6792K [0x00000000c0000000, 0x00000000c5580000, 0x00000000eab00000)
  object space 87552K, 7% used [0x00000000c0000000,0x00000000c06a2228,0x00000000c5580000)
 Metaspace       used 6072K, capacity 7088K, committed 7296K, reserved 1056768K
  class space    used 588K, capacity 616K, committed 640K, reserved 1048576K
}

Deoptimization events (10 events):
Event: 4.054 Thread 0x0000000002aa0800 Uncommon trap: reason=class_check action=maybe_recompile pc=0x00000000030f3ddc method=java.util.HashMap.putVal(ILjava/lang/Object;Ljava/lang/Object;ZZ)Ljava/lang/Object; @ 203
Event: 4.054 Thread 0x0000000002aa0800 Uncommon trap: reason=class_check action=maybe_recompile pc=0x00000000030f3ddc method=java.util.HashMap.putVal(ILjava/lang/Object;Ljava/lang/Object;ZZ)Ljava/lang/Object; @ 203
Event: 4.054 Thread 0x0000000002aa0800 Uncommon trap: reason=class_check action=maybe_recompile pc=0x0000000003094ac4 method=java.util.HashMap.putVal(ILjava/lang/Object;Ljava/lang/Object;ZZ)Ljava/lang/Object; @ 203
Event: 4.136 Thread 0x0000000002aa0800 Uncommon trap: reason=speculate_class_check action=maybe_recompile pc=0x0000000002ef996c method=com.android.dx.util.FixedSizeList.equals(Ljava/lang/Object;)Z @ 25
Event: 4.136 Thread 0x0000000002aa0800 Uncommon trap: reason=class_check action=maybe_recompile pc=0x0000000002f04a40 method=java.util.Arrays.equals([Ljava/lang/Object;[Ljava/lang/Object;)Z @ 62
Event: 4.136 Thread 0x0000000002aa0800 Uncommon trap: reason=speculate_class_check action=maybe_recompile pc=0x0000000002ef996c method=com.android.dx.util.FixedSizeList.equals(Ljava/lang/Object;)Z @ 25
Event: 4.136 Thread 0x0000000002aa0800 Uncommon trap: reason=class_check action=maybe_recompile pc=0x0000000002f04a40 method=java.util.Arrays.equals([Ljava/lang/Object;[Ljava/lang/Object;)Z @ 62
Event: 4.136 Thread 0x0000000002aa0800 Uncommon trap: reason=speculate_class_check action=maybe_recompile pc=0x0000000002ef996c method=com.android.dx.util.FixedSizeList.equals(Ljava/lang/Object;)Z @ 25
Event: 4.136 Thread 0x0000000002aa0800 Uncommon trap: reason=unstable_if action=reinterpret pc=0x0000000002f04a14 method=java.util.Arrays.equals([Ljava/lang/Object;[Ljava/lang/Object;)Z @ 23
Event: 4.137 Thread 0x0000000002aa0800 Uncommon trap: reason=speculate_class_check action=maybe_recompile pc=0x0000000002ef996c method=com.android.dx.util.FixedSizeList.equals(Ljava/lang/Object;)Z @ 25

Internal exceptions (3 events):
Event: 1.800 Thread 0x0000000002aa0800 Exception <a 'java/lang/NoSuchMethodError': Method sun.misc.Unsafe.defineClass(Ljava/lang/String;[BII)Ljava/lang/Class; name or signature does not match> (0x00000000eab13068) thrown at [C:\re\workspace\8-2-build-windows-amd64-cygwin\jdk8u60\4407\hotspot\srî‹xeËü?
Event: 1.800 Thread 0x0000000002aa0800 Exception <a 'java/lang/NoSuchMethodError': Method sun.misc.Unsafe.prefetchRead(Ljava/lang/Object;J)V name or signature does not match> (0x00000000eab13350) thrown at [C:\re\workspace\8-2-build-windows-amd64-cygwin\jdk8u60\4407\hotspot\src\share\vm\prims\jÛÚB=WÌ@
Event: 3.475 Thread 0x0000000016e2a800 Implicit null exception at 0x000000000313c4ea to 0x000000000313db9d

Events (10 events):
Event: 4.224 Thread 0x0000000002aa0800 DEOPT PACKING pc=0x000000000325a363 sp=0x0000000002a9ecf0
Event: 4.224 Thread 0x0000000002aa0800 DEOPT UNPACKING pc=0x0000000002be71bf sp=0x0000000002a9ea60 mode 0
Event: 4.224 Thread 0x0000000002aa0800 DEOPT PACKING pc=0x000000000325b8ee sp=0x0000000002a9ec10
Event: 4.224 Thread 0x0000000002aa0800 DEOPT UNPACKING pc=0x0000000002be71bf sp=0x0000000002a9e990 mode 0
Event: 4.224 Thread 0x0000000002aa0800 DEOPT PACKING pc=0x000000000325938d sp=0x0000000002a9ec90
Event: 4.224 Thread 0x0000000002aa0800 DEOPT UNPACKING pc=0x0000000002be71bf sp=0x0000000002a9e9e0 mode 0
Event: 4.226 Thread 0x0000000002aa0800 DEOPT PACKING pc=0x000000000325ceb1 sp=0x0000000002a9ec00
Event: 4.226 Thread 0x0000000002aa0800 DEOPT UNPACKING pc=0x0000000002be71bf sp=0x0000000002a9e978 mode 0
Event: 4.280 Thread 0x0000000002aa0800 DEOPT PACKING pc=0x0000000003255cc0 sp=0x0000000002a9e890
Event: 4.280 Thread 0x0000000002aa0800 DEOPT UNPACKING pc=0x0000000002be71bf sp=0x0000000002a9e5b8 mode 0


Dynamic libraries:
0x00007ff695ab0000 - 0x00007ff695ae7000 	E:\Java\jdk1.8.0_60\bin\java.exe
0x00007ffd43120000 - 0x00007ffd432cc000 	C:\WINDOWS\SYSTEM32\ntdll.dll
0x00007ffd427f0000 - 0x00007ffd4292e000 	C:\WINDOWS\system32\KERNEL32.DLL
0x00007ffd40690000 - 0x00007ffd407a5000 	C:\WINDOWS\system32\KERNELBASE.dll
0x00007ffd3ed00000 - 0x00007ffd3ed8e000 	C:\WINDOWS\system32\apphelp.dll
0x00007ffd36480000 - 0x00007ffd364d3000 	C:\WINDOWS\AppPatch\AppPatch64\AcGenral.DLL
0x00007ffd42ac0000 - 0x00007ffd42b6a000 	C:\WINDOWS\system32\msvcrt.dll
0x00007ffd400b0000 - 0x00007ffd400de000 	C:\WINDOWS\SYSTEM32\SspiCli.dll
0x00007ffd42cd0000 - 0x00007ffd42d24000 	C:\WINDOWS\system32\SHLWAPI.dll
0x00007ffd42940000 - 0x00007ffd42ab7000 	C:\WINDOWS\system32\USER32.dll
0x00007ffd42650000 - 0x00007ffd427e4000 	C:\WINDOWS\system32\ole32.dll
0x00007ffd40b00000 - 0x00007ffd42019000 	C:\WINDOWS\system32\SHELL32.dll
0x00007ffd3f820000 - 0x00007ffd3f841000 	C:\WINDOWS\SYSTEM32\USERENV.dll
0x00007ffd42d30000 - 0x00007ffd42dda000 	C:\WINDOWS\system32\ADVAPI32.dll
0x00007ffd32a40000 - 0x00007ffd32a5e000 	C:\WINDOWS\SYSTEM32\MPR.dll
0x00007ffd40940000 - 0x00007ffd40a81000 	C:\WINDOWS\system32\RPCRT4.dll
0x00007ffd42020000 - 0x00007ffd42079000 	C:\WINDOWS\SYSTEM32\sechost.dll
0x00007ffd42de0000 - 0x00007ffd42ff1000 	C:\WINDOWS\SYSTEM32\combase.dll
0x00007ffd424e0000 - 0x00007ffd4262f000 	C:\WINDOWS\system32\GDI32.dll
0x00007ffd40280000 - 0x00007ffd40295000 	C:\WINDOWS\SYSTEM32\profapi.dll
0x00007ffd3ed90000 - 0x00007ffd3ee42000 	C:\WINDOWS\SYSTEM32\SHCORE.dll
0x00007ffd40900000 - 0x00007ffd40936000 	C:\WINDOWS\system32\IMM32.DLL
0x00007ffd42b70000 - 0x00007ffd42cc2000 	C:\WINDOWS\system32\MSCTF.dll
0x00007ffd3da70000 - 0x00007ffd3dcea000 	C:\WINDOWS\WinSxS\amd64_microsoft.windows.common-controls_6595b64144ccf1df_6.0.9600.17810_none_6240b9c7ecbd0bda\COMCTL32.dll
0x0000000056bb0000 - 0x0000000056c82000 	E:\Java\jdk1.8.0_60\jre\bin\msvcr100.dll
0x00000000576e0000 - 0x0000000057f69000 	E:\Java\jdk1.8.0_60\jre\bin\server\jvm.dll
0x00007ffd26fc0000 - 0x00007ffd26fc9000 	C:\WINDOWS\SYSTEM32\WSOCK32.dll
0x00007ffd3dcf0000 - 0x00007ffd3dd12000 	C:\WINDOWS\SYSTEM32\WINMM.dll
0x00007ffd3dd20000 - 0x00007ffd3dd2a000 	C:\WINDOWS\SYSTEM32\VERSION.dll
0x00007ffd40890000 - 0x00007ffd40897000 	C:\WINDOWS\system32\PSAPI.DLL
0x00007ffd430c0000 - 0x00007ffd4311a000 	C:\WINDOWS\system32\WS2_32.dll
0x00007ffd3da00000 - 0x00007ffd3da2a000 	C:\WINDOWS\SYSTEM32\WINMMBASE.dll
0x00007ffd407b0000 - 0x00007ffd407b9000 	C:\WINDOWS\system32\NSI.dll
0x00007ffd40460000 - 0x00007ffd404af000 	C:\WINDOWS\SYSTEM32\cfgmgr32.dll
0x00007ffd3f060000 - 0x00007ffd3f088000 	C:\WINDOWS\SYSTEM32\DEVOBJ.dll
0x00000000576d0000 - 0x00000000576df000 	E:\Java\jdk1.8.0_60\jre\bin\verify.dll
0x00000000576a0000 - 0x00000000576c9000 	E:\Java\jdk1.8.0_60\jre\bin\java.dll
0x0000000057680000 - 0x0000000057696000 	E:\Java\jdk1.8.0_60\jre\bin\zip.dll
0x00007ffd3a950000 - 0x00007ffd3aad9000 	C:\WINDOWS\SYSTEM32\dbghelp.dll

VM Arguments:
jvm_args: -Xmx1024M -Dfile.encoding=windows-1251 -Duser.country=RU -Duser.language=ru -Duser.variant 
java_command: com.android.dx.command.Main --dex --num-threads=4 --output E:\LoftSchool\ItHappens\app\build\intermediates\pre-dexed\debug\gson-2.3.1-3f4280419e45f26d584cf9889ccc40127341c14b.jar C:\Users\Àëåêñàíäð\.gradle\caches\modules-2\files-2.1\com.google.code.gson\gson\2.3.1\ecb6e1f8e4b0e84c4b886c2f14a1500caf309757\gson-2.3.1.jar
java_class_path (initial): E:\Android\sdk\build-tools\23.0.1\lib\dx.jar
Launcher Type: SUN_STANDARD

Environment Variables:
PATH=C:\ProgramData\Oracle\Java\javapath;C:\WINDOWS\system32;C:\WINDOWS;C:\WINDOWS\System32\Wbem;C:\WINDOWS\System32\WindowsPowerShell\v1.0\;C:\Program Files (x86)\Common Files\Acronis\SnapAPI\;C:\Program Files (x86)\Common Files\Autodesk Shared\;C:\Program Files\Microsoft\Web Platform Installer\;C:\Program Files (x86)\Microsoft ASP.NET\ASP.NET Web Pages\v1.0\;C:\Program Files\Microsoft SQL Server\110\Tools\Binn\;C:\Program Files\Common Files\Autodesk Shared\;C:\Program Files (x86)\NVIDIA Corporation\PhysX\Common;C:\Program Files (x86)\Skype\Phone\;C:\Program Files (x86)\Common Files\Acronis\TibMounter64
USERNAME=Àëåêñàíäð
OS=Windows_NT
PROCESSOR_IDENTIFIER=Intel64 Family 6 Model 15 Stepping 11, GenuineIntel



---------------  S Y S T E M  ---------------

OS: Windows 8.1 , 64 bit Build 9600 (6.3.9600.17415)

CPU:total 4 (4 cores per cpu, 1 threads per core) family 6 model 15 stepping 11, cmov, cx8, fxsr, mmx, sse, sse2, sse3, ssse3, tsc

Memory: 4k page, physical 8387492k(693760k free), swap 16404900k(2818924k free)

vm_info: Java HotSpot(TM) 64-Bit Server VM (25.60-b23) for windows-amd64 JRE (1.8.0_60-b27), built on Aug  4 2015 11:06:27 by "java_re" with MS VC++ 10.0 (VS2010)

time: Thu Oct 01 10:58:40 2015
elapsed time: 4 seconds (0d 0h 0m 4s)

