#
# A fatal error has been detected by the Java Runtime Environment:
#
#  EXCEPTION_ACCESS_VIOLATION (0xc0000005) at pc=0xffffffffa3365120, pid=5592, tid=9540
#
# JRE version: Java(TM) SE Runtime Environment (8.0_60-b27) (build 1.8.0_60-b27)
# Java VM: Java HotSpot(TM) 64-Bit Server VM (25.60-b23 mixed mode windows-amd64 compressed oops)
# Problematic frame:
# C  0xffffffffa3365120
#
# Failed to write core dump. Minidumps are not enabled by default on client versions of Windows
#
# If you would like to submit a bug report, please visit:
#   http://bugreport.java.com/bugreport/crash.jsp
#

---------------  T H R E A D  ---------------

Current thread (0x00000000020ee000):  JavaThread "main" [_thread_in_Java, id=9540, stack(0x0000000002160000,0x0000000002260000)]

siginfo: ExceptionCode=0xc0000005, ExceptionInformation=0x0000000000000008 0xffffffffa3365120

Registers:
RAX=0x00000000ecfb3fd8, RBX=0x0000000000060f08, RCX=0x00000000ed0ff458, RDX=0x00000000ecfb4008
RSP=0x000000000225ed28, RBP=0x000000000225f078, RSI=0x00000000ecfb4008, RDI=0x0000000000000000
R8 =0x00000000ed848f90, R9 =0x00000000ecfb3fd8, R10=0x0000000000060f08, R11=0x0000000000000000
R12=0x0000000000000000, R13=0x00000001000adc28, R14=0x00000000147731d0, R15=0x00000000020ee000
RIP=0xffffffffa3365120, EFLAGS=0x0000000000010206

Top of Stack: (sp=0x000000000225ed28)
0x000000000225ed28:   0000000002af7d1c 00000000c039b768
0x000000000225ed38:   0000000000000000 000000000225f078
0x000000000225ed48:   0000000002a1438c ffffffffffffffff
0x000000000225ed58:   00000000141dbf30 0000000014712028
0x000000000225ed68:   000000001477b098 0000000000060efc
0x000000000225ed78:   0000000000000000 000000000225ee00
0x000000000225ed88:   00000000ecfa2c60 00000000ed848990
0x000000000225ed98:   00000000ecfa2160 00000000ecfa3138
0x000000000225eda8:   0009c9f000000000 00000000ed848980
0x000000000225edb8:   00000000ed848970 00000000ed848f90
0x000000000225edc8:   000000000000001a 00000000ecfb3fb8
0x000000000225edd8:   00000000ed848990 00000000ed5fa888
0x000000000225ede8:   0000000002367200 000000000225f078
0x000000000225edf8:   0000000002a82f74 000000000225f078
0x000000000225ee08:   0000000002a7fe94 00000000ecfb3fb8
0x000000000225ee18:   0000000002a23c14 00000000143f13f8 

Instructions: (pc=0xffffffffa3365120)
0xffffffffa3365100:   
[error occurred during error reporting (printing registers, top of stack, instructions near pc), id 0xc0000005]

Register to memory mapping:

RAX=0x00000000ecfb3fd8 is an oop
java.nio.HeapByteBuffer 
 - klass: 'java/nio/HeapByteBuffer'
RBX=0x0000000000060f08 is an unknown value
RCX=0x00000000ed0ff458 is an oop
[B 
 - klass: {type array byte}
 - length: 1489528
RDX=0x00000000ecfb4008 is an oop
com.android.dex.Dex$Section 
 - klass: 'com/android/dex/Dex$Section'
RSP=0x000000000225ed28 is pointing into the stack for thread: 0x00000000020ee000
RBP=0x000000000225f078 is pointing into the stack for thread: 0x00000000020ee000
RSI=0x00000000ecfb4008 is an oop
com.android.dex.Dex$Section 
 - klass: 'com/android/dex/Dex$Section'
RDI=0x0000000000000000 is an unknown value
R8 =0x00000000ed848f90 is an oop
[S 
 - klass: {type array short}
 - length: 26
R9 =0x00000000ecfb3fd8 is an oop
java.nio.HeapByteBuffer 
 - klass: 'java/nio/HeapByteBuffer'
R10=0x0000000000060f08 is an unknown value
R11=0x0000000000000000 is an unknown value
R12=0x0000000000000000 is an unknown value
R13=0x00000001000adc28 is pointing into metadata
R14=0x00000000147731d0 is pointing into metadata
R15=0x00000000020ee000 is a thread


Stack: [0x0000000002160000,0x0000000002260000],  sp=0x000000000225ed28,  free space=1019k
Native frames: (J=compiled Java code, j=interpreted, Vv=VM code, C=native code)
C  0xffffffffa3365120


---------------  P R O C E S S  ---------------

Java Threads: ( => current thread )
  0x00000000163b0800 JavaThread "Service Thread" daemon [_thread_blocked, id=2312, stack(0x0000000016770000,0x0000000016870000)]
  0x0000000014a43800 JavaThread "C1 CompilerThread2" daemon [_thread_blocked, id=3440, stack(0x0000000016270000,0x0000000016370000)]
  0x0000000014a34000 JavaThread "C2 CompilerThread1" daemon [_thread_in_native, id=9360, stack(0x0000000016170000,0x0000000016270000)]
  0x0000000014a31000 JavaThread "C2 CompilerThread0" daemon [_thread_blocked, id=9624, stack(0x0000000016070000,0x0000000016170000)]
  0x0000000014a2f800 JavaThread "Attach Listener" daemon [_thread_blocked, id=4928, stack(0x0000000015f70000,0x0000000016070000)]
  0x0000000014a2c800 JavaThread "Signal Dispatcher" daemon [_thread_blocked, id=10092, stack(0x0000000015e70000,0x0000000015f70000)]
  0x0000000002358000 JavaThread "Finalizer" daemon [_thread_blocked, id=3596, stack(0x0000000015c90000,0x0000000015d90000)]
  0x000000000234e000 JavaThread "Reference Handler" daemon [_thread_blocked, id=5748, stack(0x0000000015b90000,0x0000000015c90000)]
=>0x00000000020ee000 JavaThread "main" [_thread_in_Java, id=9540, stack(0x0000000002160000,0x0000000002260000)]

Other Threads:
  0x00000000149f6800 VMThread [stack: 0x0000000015a90000,0x0000000015b90000] [id=6260]
  0x00000000163c1800 WatcherThread [stack: 0x0000000016870000,0x0000000016970000] [id=9328]

VM state:not at safepoint (normal execution)

VM Mutex/Monitor currently owned by a thread: None

Heap:
 PSYoungGen      total 71680K, used 52284K [0x00000000eab00000, 0x00000000ef600000, 0x0000000100000000)
  eden space 66560K, 70% used [0x00000000eab00000,0x00000000ed913a70,0x00000000eec00000)
  from space 5120K, 99% used [0x00000000ef100000,0x00000000ef5fb960,0x00000000ef600000)
  to   space 5120K, 0% used [0x00000000eec00000,0x00000000eec00000,0x00000000ef100000)
 ParOldGen       total 87552K, used 7352K [0x00000000c0000000, 0x00000000c5580000, 0x00000000eab00000)
  object space 87552K, 8% used [0x00000000c0000000,0x00000000c072e3c8,0x00000000c5580000)
 Metaspace       used 7813K, capacity 8002K, committed 8320K, reserved 1056768K
  class space    used 783K, capacity 818K, committed 896K, reserved 1048576K

Card table byte_map: [0x0000000011720000,0x0000000011930000] byte_map_base: 0x0000000011120000

Marking Bits: (ParMarkBitMap*) 0x0000000057eea5b0
 Begin Bits: [0x0000000011e90000, 0x0000000012e90000)
 End Bits:   [0x0000000012e90000, 0x0000000013e90000)

Polling page: 0x0000000000860000

CodeCache: size=245760Kb used=7800Kb max_used=7812Kb free=237959Kb
 bounds [0x0000000002360000, 0x0000000002b10000, 0x0000000011360000]
 total_blobs=2587 nmethods=2296 adapters=206
 compilation: enabled

Compilation events (10 events):
Event: 2.304 Thread 0x0000000014a43800 2316       2       com.android.dx.io.instructions.InstructionCodec$7::decode (50 bytes)
Event: 2.305 Thread 0x0000000014a43800 nmethod 2316 0x0000000002af3190 code [0x0000000002af3320, 0x0000000002af36d8]
Event: 2.305 Thread 0x0000000014a43800 2317       2       com.android.dx.io.instructions.InstructionCodec$7::encode (23 bytes)
Event: 2.305 Thread 0x0000000014a34000 nmethod 2311 0x0000000002b01a10 code [0x0000000002b01b60, 0x0000000002b01f18]
Event: 2.305 Thread 0x0000000014a34000 2309       4       com.android.dx.merge.DexMerger::transformDebugInfoItem (313 bytes)
Event: 2.305 Thread 0x0000000014a43800 nmethod 2317 0x0000000002aeffd0 code [0x0000000002af0140, 0x0000000002af03a8]
Event: 2.308 Thread 0x0000000014a31000 nmethod 2298 0x0000000002b04690 code [0x0000000002b04860, 0x0000000002b05648]
Event: 2.308 Thread 0x0000000014a31000 2310       4       com.android.dx.io.instructions.TwoRegisterDecodedInstruction::withIndex (37 bytes)
Event: 2.310 Thread 0x0000000014a31000 nmethod 2310 0x0000000002b02b50 code [0x0000000002b02ca0, 0x0000000002b02f18]
Event: 2.310 Thread 0x0000000014a31000 2276       4       com.android.dx.io.instructions.InstructionCodec$25::decode (7 bytes)

GC Heap History (4 events):
Event: 1.212 GC heap before
{Heap before GC invocations=1 (full 0):
 PSYoungGen      total 38400K, used 33280K [0x00000000eab00000, 0x00000000ed580000, 0x0000000100000000)
  eden space 33280K, 100% used [0x00000000eab00000,0x00000000ecb80000,0x00000000ecb80000)
  from space 5120K, 0% used [0x00000000ed080000,0x00000000ed080000,0x00000000ed580000)
  to   space 5120K, 0% used [0x00000000ecb80000,0x00000000ecb80000,0x00000000ed080000)
 ParOldGen       total 87552K, used 0K [0x00000000c0000000, 0x00000000c5580000, 0x00000000eab00000)
  object space 87552K, 0% used [0x00000000c0000000,0x00000000c0000000,0x00000000c5580000)
 Metaspace       used 5872K, capacity 6960K, committed 7040K, reserved 1056768K
  class space    used 589K, capacity 616K, committed 640K, reserved 1048576K
Event: 1.229 GC heap after
Heap after GC invocations=1 (full 0):
 PSYoungGen      total 38400K, used 5110K [0x00000000eab00000, 0x00000000ef600000, 0x0000000100000000)
  eden space 33280K, 0% used [0x00000000eab00000,0x00000000eab00000,0x00000000ecb80000)
  from space 5120K, 99% used [0x00000000ecb80000,0x00000000ed07dab8,0x00000000ed080000)
  to   space 5120K, 0% used [0x00000000ef100000,0x00000000ef100000,0x00000000ef600000)
 ParOldGen       total 87552K, used 2619K [0x00000000c0000000, 0x00000000c5580000, 0x00000000eab00000)
  object space 87552K, 2% used [0x00000000c0000000,0x00000000c028ef60,0x00000000c5580000)
 Metaspace       used 5872K, capacity 6960K, committed 7040K, reserved 1056768K
  class space    used 589K, capacity 616K, committed 640K, reserved 1048576K
}
Event: 1.890 GC heap before
{Heap before GC invocations=2 (full 0):
 PSYoungGen      total 38400K, used 38390K [0x00000000eab00000, 0x00000000ef600000, 0x0000000100000000)
  eden space 33280K, 100% used [0x00000000eab00000,0x00000000ecb80000,0x00000000ecb80000)
  from space 5120K, 99% used [0x00000000ecb80000,0x00000000ed07dab8,0x00000000ed080000)
  to   space 5120K, 0% used [0x00000000ef100000,0x00000000ef100000,0x00000000ef600000)
 ParOldGen       total 87552K, used 2619K [0x00000000c0000000, 0x00000000c5580000, 0x00000000eab00000)
  object space 87552K, 2% used [0x00000000c0000000,0x00000000c028ef60,0x00000000c5580000)
 Metaspace       used 7705K, capacity 7938K, committed 8064K, reserved 1056768K
  class space    used 783K, capacity 818K, committed 896K, reserved 1048576K
Event: 1.911 GC heap after
Heap after GC invocations=2 (full 0):
 PSYoungGen      total 71680K, used 5102K [0x00000000eab00000, 0x00000000ef600000, 0x0000000100000000)
  eden space 66560K, 0% used [0x00000000eab00000,0x00000000eab00000,0x00000000eec00000)
  from space 5120K, 99% used [0x00000000ef100000,0x00000000ef5fb960,0x00000000ef600000)
  to   space 5120K, 0% used [0x00000000eec00000,0x00000000eec00000,0x00000000ef100000)
 ParOldGen       total 87552K, used 7352K [0x00000000c0000000, 0x00000000c5580000, 0x00000000eab00000)
  object space 87552K, 8% used [0x00000000c0000000,0x00000000c072e3c8,0x00000000c5580000)
 Metaspace       used 7705K, capacity 7938K, committed 8064K, reserved 1056768K
  class space    used 783K, capacity 818K, committed 896K, reserved 1048576K
}

Deoptimization events (10 events):
Event: 1.706 Thread 0x00000000020ee000 Uncommon trap: reason=class_check action=maybe_recompile pc=0x000000000296c724 method=com.android.dex.Leb128.writeUnsignedLeb128(Lcom/android/dex/util/ByteOutput;I)V @ 40
Event: 1.762 Thread 0x00000000020ee000 Uncommon trap: reason=predicate action=maybe_recompile pc=0x00000000029c680c method=com.android.dex.Leb128.writeUnsignedLeb128(Lcom/android/dex/util/ByteOutput;I)V @ 9
Event: 1.790 Thread 0x00000000020ee000 Uncommon trap: reason=unstable_if action=reinterpret pc=0x000000000299a454 method=java.util.HashMap.getNode(ILjava/lang/Object;)Ljava/util/HashMap$Node; @ 84
Event: 1.840 Thread 0x00000000020ee000 Uncommon trap: reason=unstable_if action=reinterpret pc=0x00000000029b22d4 method=sun.misc.URLClassPath.getLoader(I)Lsun/misc/URLClassPath$Loader; @ 36
Event: 1.841 Thread 0x00000000020ee000 Uncommon trap: reason=unstable_if action=reinterpret pc=0x0000000002538a84 method=sun.misc.MetaIndex.mayContain(Ljava/lang/String;)Z @ 13
Event: 1.843 Thread 0x00000000020ee000 Uncommon trap: reason=class_check action=maybe_recompile pc=0x00000000027f5988 method=java.util.ArrayList.<init>(Ljava/util/Collection;)V @ 6
Event: 1.857 Thread 0x00000000020ee000 Uncommon trap: reason=class_check action=maybe_recompile pc=0x00000000027f5988 method=java.util.ArrayList.<init>(Ljava/util/Collection;)V @ 6
Event: 1.863 Thread 0x00000000020ee000 Uncommon trap: reason=unstable_if action=reinterpret pc=0x00000000029d6464 method=com.android.dex.Mutf8.decode(Lcom/android/dex/util/ByteInput;[C)Ljava/lang/String; @ 37
Event: 1.876 Thread 0x00000000020ee000 Uncommon trap: reason=predicate action=maybe_recompile pc=0x0000000002a26fa4 method=com.android.dex.Leb128.readUnsignedLeb128(Lcom/android/dex/util/ByteInput;)I @ 41
Event: 1.972 Thread 0x00000000020ee000 Uncommon trap: reason=unstable_if action=reinterpret pc=0x000000000275aabc method=java.lang.Long.numberOfTrailingZeros(J)I @ 3

Internal exceptions (6 events):
Event: 0.039 Thread 0x00000000020ee000 Exception <a 'java/lang/NoSuchMethodError': Method sun.misc.Unsafe.defineClass(Ljava/lang/String;[BII)Ljava/lang/Class; name or signature does not match> (0x00000000eab13068) thrown at [C:\re\workspace\8-2-build-windows-amd64-cygwin\jdk8u60\4407\hotspot\sr{Ÿ	Ñ…Ø£?
Event: 0.039 Thread 0x00000000020ee000 Exception <a 'java/lang/NoSuchMethodError': Method sun.misc.Unsafe.prefetchRead(Ljava/lang/Object;J)V name or signature does not match> (0x00000000eab13350) thrown at [C:\re\workspace\8-2-build-windows-amd64-cygwin\jdk8u60\4407\hotspot\src\share\vm\prims\jåK¢¦Ñtý?
Event: 1.841 Thread 0x00000000020ee000 Exception <a 'java/security/PrivilegedActionException'> (0x00000000ec98fe68) thrown at [C:\re\workspace\8-2-build-windows-amd64-cygwin\jdk8u60\4407\hotspot\src\share\vm\prims\jvm.cpp, line 1386]
Event: 1.841 Thread 0x00000000020ee000 Exception <a 'java/security/PrivilegedActionException'> (0x00000000ec990260) thrown at [C:\re\workspace\8-2-build-windows-amd64-cygwin\jdk8u60\4407\hotspot\src\share\vm\prims\jvm.cpp, line 1386]
Event: 1.842 Thread 0x00000000020ee000 Exception <a 'java/security/PrivilegedActionException'> (0x00000000ec992ce8) thrown at [C:\re\workspace\8-2-build-windows-amd64-cygwin\jdk8u60\4407\hotspot\src\share\vm\prims\jvm.cpp, line 1386]
Event: 1.842 Thread 0x00000000020ee000 Exception <a 'java/security/PrivilegedActionException'> (0x00000000ec9930e0) thrown at [C:\re\workspace\8-2-build-windows-amd64-cygwin\jdk8u60\4407\hotspot\src\share\vm\prims\jvm.cpp, line 1386]

Events (10 events):
Event: 2.290 Thread 0x00000000020ee000 DEOPT PACKING pc=0x0000000002a618a1 sp=0x000000000225ed20
Event: 2.290 Thread 0x00000000020ee000 DEOPT UNPACKING pc=0x00000000023a71bf sp=0x000000000225ea10 mode 0
Event: 2.294 Thread 0x00000000020ee000 DEOPT PACKING pc=0x0000000002a47d86 sp=0x000000000225ecd0
Event: 2.294 Thread 0x00000000020ee000 DEOPT UNPACKING pc=0x00000000023a71bf sp=0x000000000225e9f0 mode 0
Event: 2.298 Thread 0x00000000020ee000 DEOPT PACKING pc=0x0000000002a47d86 sp=0x000000000225ecd0
Event: 2.298 Thread 0x00000000020ee000 DEOPT UNPACKING pc=0x00000000023a71bf sp=0x000000000225e9f0 mode 0
Event: 2.301 Thread 0x00000000020ee000 DEOPT PACKING pc=0x0000000002a47d86 sp=0x000000000225ecd0
Event: 2.301 Thread 0x00000000020ee000 DEOPT UNPACKING pc=0x00000000023a71bf sp=0x000000000225e9f0 mode 0
Event: 2.303 Thread 0x00000000020ee000 DEOPT PACKING pc=0x0000000002a47d86 sp=0x000000000225ecd0
Event: 2.303 Thread 0x00000000020ee000 DEOPT UNPACKING pc=0x00000000023a71bf sp=0x000000000225e9f0 mode 0


Dynamic libraries:
0x00007ff695ab0000 - 0x00007ff695ae7000 	E:\Java\jdk1.8.0_60\bin\java.exe
0x00007ffd43120000 - 0x00007ffd432cc000 	C:\WINDOWS\SYSTEM32\ntdll.dll
0x00007ffd427f0000 - 0x00007ffd4292e000 	C:\WINDOWS\system32\KERNEL32.DLL
0x00007ffd40690000 - 0x00007ffd407a5000 	C:\WINDOWS\system32\KERNELBASE.dll
0x00007ffd3ed00000 - 0x00007ffd3ed8e000 	C:\WINDOWS\system32\apphelp.dll
0x00007ffd36600000 - 0x00007ffd36653000 	C:\WINDOWS\AppPatch\AppPatch64\AcGenral.DLL
0x00007ffd42ac0000 - 0x00007ffd42b6a000 	C:\WINDOWS\system32\msvcrt.dll
0x00007ffd400b0000 - 0x00007ffd400de000 	C:\WINDOWS\SYSTEM32\SspiCli.dll
0x00007ffd42cd0000 - 0x00007ffd42d24000 	C:\WINDOWS\system32\SHLWAPI.dll
0x00007ffd42940000 - 0x00007ffd42ab7000 	C:\WINDOWS\system32\USER32.dll
0x00007ffd42650000 - 0x00007ffd427e4000 	C:\WINDOWS\system32\ole32.dll
0x00007ffd40b00000 - 0x00007ffd42019000 	C:\WINDOWS\system32\SHELL32.dll
0x00007ffd3f820000 - 0x00007ffd3f841000 	C:\WINDOWS\SYSTEM32\USERENV.dll
0x00007ffd42d30000 - 0x00007ffd42dda000 	C:\WINDOWS\system32\ADVAPI32.dll
0x00007ffd32a40000 - 0x00007ffd32a5e000 	C:\WINDOWS\SYSTEM32\MPR.dll
0x00007ffd40940000 - 0x00007ffd40a81000 	C:\WINDOWS\system32\RPCRT4.dll
0x00007ffd42020000 - 0x00007ffd42079000 	C:\WINDOWS\SYSTEM32\sechost.dll
0x00007ffd42de0000 - 0x00007ffd42ff1000 	C:\WINDOWS\SYSTEM32\combase.dll
0x00007ffd424e0000 - 0x00007ffd4262f000 	C:\WINDOWS\system32\GDI32.dll
0x00007ffd40280000 - 0x00007ffd40295000 	C:\WINDOWS\SYSTEM32\profapi.dll
0x00007ffd3ed90000 - 0x00007ffd3ee42000 	C:\WINDOWS\SYSTEM32\SHCORE.dll
0x00007ffd40900000 - 0x00007ffd40936000 	C:\WINDOWS\system32\IMM32.DLL
0x00007ffd42b70000 - 0x00007ffd42cc2000 	C:\WINDOWS\system32\MSCTF.dll
0x00007ffd3da70000 - 0x00007ffd3dcea000 	C:\WINDOWS\WinSxS\amd64_microsoft.windows.common-controls_6595b64144ccf1df_6.0.9600.17810_none_6240b9c7ecbd0bda\COMCTL32.dll
0x0000000056bb0000 - 0x0000000056c82000 	E:\Java\jdk1.8.0_60\jre\bin\msvcr100.dll
0x00000000576e0000 - 0x0000000057f69000 	E:\Java\jdk1.8.0_60\jre\bin\server\jvm.dll
0x00007ffd26fc0000 - 0x00007ffd26fc9000 	C:\WINDOWS\SYSTEM32\WSOCK32.dll
0x00007ffd3dcf0000 - 0x00007ffd3dd12000 	C:\WINDOWS\SYSTEM32\WINMM.dll
0x00007ffd3dd20000 - 0x00007ffd3dd2a000 	C:\WINDOWS\SYSTEM32\VERSION.dll
0x00007ffd40890000 - 0x00007ffd40897000 	C:\WINDOWS\system32\PSAPI.DLL
0x00007ffd430c0000 - 0x00007ffd4311a000 	C:\WINDOWS\system32\WS2_32.dll
0x00007ffd3da00000 - 0x00007ffd3da2a000 	C:\WINDOWS\SYSTEM32\WINMMBASE.dll
0x00007ffd407b0000 - 0x00007ffd407b9000 	C:\WINDOWS\system32\NSI.dll
0x00007ffd40460000 - 0x00007ffd404af000 	C:\WINDOWS\SYSTEM32\cfgmgr32.dll
0x00007ffd3f060000 - 0x00007ffd3f088000 	C:\WINDOWS\SYSTEM32\DEVOBJ.dll
0x00000000576d0000 - 0x00000000576df000 	E:\Java\jdk1.8.0_60\jre\bin\verify.dll
0x00000000576a0000 - 0x00000000576c9000 	E:\Java\jdk1.8.0_60\jre\bin\java.dll
0x0000000057680000 - 0x0000000057696000 	E:\Java\jdk1.8.0_60\jre\bin\zip.dll
0x00007ffd3a950000 - 0x00007ffd3aad9000 	C:\WINDOWS\SYSTEM32\dbghelp.dll

VM Arguments:
jvm_args: -Xmx1024M -Dfile.encoding=windows-1251 -Duser.country=RU -Duser.language=ru -Duser.variant 
java_command: com.android.dx.command.Main --dex --num-threads=4 --output E:\LoftSchool\ItHappens\app\build\intermediates\dex\debug E:\LoftSchool\ItHappens\app\build\intermediates\classes\debug E:\LoftSchool\ItHappens\app\build\intermediates\pre-dexed\debug\support-annotations-23.0.1-e6941ffc9cbf1270b1623cf686ba7082dcc4df08.jar E:\LoftSchool\ItHappens\app\build\intermediates\pre-dexed\debug\classes-33b194942d40a93a6b7fb59f31809eafee4a3d60.jar E:\LoftSchool\ItHappens\app\build\intermediates\pre-dexed\debug\classes-2fbdfcc023f96c5beeeb527b484842a4dc4d0184.jar E:\LoftSchool\ItHappens\app\build\intermediates\pre-dexed\debug\classes-ac288d2dcecbe054b797262fda1b1e3dbda9b766.jar E:\LoftSchool\ItHappens\app\build\intermediates\pre-dexed\debug\classes-7b7a49ff55f6ad6d3d8f47054b4f618d20637af2.jar E:\LoftSchool\ItHappens\app\build\intermediates\pre-dexed\debug\androidannotations-api-3.3.1-f92de5d8f4f147f1d6bd99ca686b10a8a3b8f178.jar E:\LoftSchool\ItHappens\app\build\intermediates\pre-dexed\debug\retrofit-1.9.0-36267d02236be5f5e3181af5cbed035765687fc1.jar E:\LoftSchool\ItHappens\app\build\intermediates\pre-dexed\debug\gson-2.3.1-3f4280419e45f26d584cf9889ccc40127341c14b.jar E:\LoftSchool\ItHappens\app\build\intermediates\pre-dexed\debug\classes-0f9211435bb759352cdb6487f7556ac18e58167a.jar E:\LoftSchool\ItHappens\app\build\intermediates\pre-dexed\debug\internal_impl-23.0.1-1aa6e61057530704e9df5098ee71d88e2be7b5dd.jar E:\LoftSchool\ItHappens\app\build\intermediates\pre-dexed\debug\classes-9d8aefa58b2f8b20b24b2ed6a451c789bc5dbf7c.jar E:\LoftSchool\ItHappens\app\build\intermediates\pre-dexed\debug\classes-8005d05b30177bc6493811b9ad1a691dcf5f27a4.jar E:\LoftSchool\ItHappens\app\build\intermediates\pre-dexed\debug\rxjava-1.0.14-c7f33d3793e98165e867744c4ee16d987818699e.jar E:\LoftSchool\ItHappens\app\build\intermediates\pre-dexed\debug\classes-8911bd3c0bcbb1a5c0b884d4ba4038f33470bb98.jar E:\LoftSchool\ItHappens\app\build\intermediates\pre-dexed\debug\realm-android-0.82.2-9bd58c3028bf0
java_class_path (initial): E:\Android\sdk\build-tools\23.0.0\lib\dx.jar
Launcher Type: SUN_STANDARD

Environment Variables:
PATH=C:\ProgramData\Oracle\Java\javapath;C:\WINDOWS\system32;C:\WINDOWS;C:\WINDOWS\System32\Wbem;C:\WINDOWS\System32\WindowsPowerShell\v1.0\;C:\Program Files (x86)\Common Files\Acronis\SnapAPI\;C:\Program Files (x86)\Common Files\Autodesk Shared\;C:\Program Files\Microsoft\Web Platform Installer\;C:\Program Files (x86)\Microsoft ASP.NET\ASP.NET Web Pages\v1.0\;C:\Program Files\Microsoft SQL Server\110\Tools\Binn\;C:\Program Files\Common Files\Autodesk Shared\;C:\Program Files (x86)\NVIDIA Corporation\PhysX\Common;C:\Program Files (x86)\Skype\Phone\;C:\Program Files (x86)\Common Files\Acronis\TibMounter64
USERNAME=Àëåêñàíäð
OS=Windows_NT
PROCESSOR_IDENTIFIER=Intel64 Family 6 Model 15 Stepping 11, GenuineIntel



---------------  S Y S T E M  ---------------

OS: Windows 8.1 , 64 bit Build 9600 (6.3.9600.17415)

CPU:total 4 (4 cores per cpu, 1 threads per core) family 6 model 15 stepping 11, cmov, cx8, fxsr, mmx, sse, sse2, sse3, ssse3, tsc

Memory: 4k page, physical 8387492k(1131564k free), swap 14912196k(2875504k free)

vm_info: Java HotSpot(TM) 64-Bit Server VM (25.60-b23) for windows-amd64 JRE (1.8.0_60-b27), built on Aug  4 2015 11:06:27 by "java_re" with MS VC++ 10.0 (VS2010)

time: Tue Sep 29 20:33:56 2015
elapsed time: 2 seconds (0d 0h 0m 2s)

