#
# A fatal error has been detected by the Java Runtime Environment:
#
#  EXCEPTION_ACCESS_VIOLATION (0xc0000005) at pc=0xffffffffa3285120, pid=6660, tid=10812
#
# JRE version: Java(TM) SE Runtime Environment (8.0_60-b27) (build 1.8.0_60-b27)
# Java VM: Java HotSpot(TM) 64-Bit Server VM (25.60-b23 mixed mode windows-amd64 compressed oops)
# Problematic frame:
# C  0xffffffffa3285120
#
# Failed to write core dump. Minidumps are not enabled by default on client versions of Windows
#
# If you would like to submit a bug report, please visit:
#   http://bugreport.java.com/bugreport/crash.jsp
#

---------------  T H R E A D  ---------------

Current thread (0x000000000207e000):  JavaThread "main" [_thread_in_Java, id=10812, stack(0x0000000002080000,0x0000000002180000)]

siginfo: ExceptionCode=0xc0000005, ExceptionInformation=0x0000000000000008 0xffffffffa3285120

Registers:
RAX=0x00000000140ffce0, RBX=0x00000000140ffce0, RCX=0x00000000eca285c8, RDX=0x00000000eca285c8
RSP=0x000000000217ec38, RBP=0x000000000217ecb0, RSI=0x0000000000000d08, RDI=0x0000000000000015
R8 =0x000000000001849a, R9 =0x1fffffffffffffff, R10=0x0000000057ed2140, R11=0x000000000291b680
R12=0x0000000000000000, R13=0x000000000217ec48, R14=0x0000000000000000, R15=0x000000000207e000
RIP=0xffffffffa3285120, EFLAGS=0x0000000000010202

Top of Stack: (sp=0x000000000217ec38)
0x000000000217ec38:   0000000002287470 0000000002287470
0x000000000217ec48:   000000000001849a 00000000eca285c8
0x000000000217ec58:   00000000ec9cd040 0000000000000000
0x000000000217ec68:   00000000eca36d70 000000000217ec70
0x000000000217ec78:   00000000141001f2 000000000217ecd8
0x000000000217ec88:   00000000141019d0 0000000000000000
0x000000000217ec98:   0000000014100210 000000000217ec48
0x000000000217eca8:   000000000217ecc0 000000000217ed20
0x000000000217ecb8:   00000000022877b0 0000000000000015
0x000000000217ecc8:   0000000000000000 00000000eca36d70
0x000000000217ecd8:   00000000eca285c8 000000000217ece0
0x000000000217ece8:   00000000140fc9bd 000000000217ed38
0x000000000217ecf8:   00000000140fe7d8 0000000000000000
0x000000000217ed08:   00000000140fc9c8 000000000217ecc0
0x000000000217ed18:   000000000217ed30 000000000217ed80
0x000000000217ed28:   00000000022877b0 00000000eca36d70 

Instructions: (pc=0xffffffffa3285120)
0xffffffffa3285100:   
[error occurred during error reporting (printing registers, top of stack, instructions near pc), id 0xc0000005]

Register to memory mapping:

RAX={method} {0x00000000140ffce8} 'ix' '(I)I' in 'java/nio/HeapByteBuffer'
RBX={method} {0x00000000140ffce8} 'ix' '(I)I' in 'java/nio/HeapByteBuffer'
RCX=0x00000000eca285c8 is an oop
java.nio.HeapByteBuffer 
 - klass: 'java/nio/HeapByteBuffer'
RDX=0x00000000eca285c8 is an oop
java.nio.HeapByteBuffer 
 - klass: 'java/nio/HeapByteBuffer'
RSP=0x000000000217ec38 is pointing into the stack for thread: 0x000000000207e000
RBP=0x000000000217ecb0 is pointing into the stack for thread: 0x000000000207e000
RSI=0x0000000000000d08 is an unknown value
RDI=0x0000000000000015 is an unknown value
R8 =0x000000000001849a is an unknown value
R9 =0x1fffffffffffffff is an unknown value
R10=0x0000000057ed2140 is an unknown value
R11=0x000000000291b680 is at entry_point+32 in (nmethod*)0x000000000291b510
R12=0x0000000000000000 is an unknown value
R13=0x000000000217ec48 is pointing into the stack for thread: 0x000000000207e000
R14=0x0000000000000000 is an unknown value
R15=0x000000000207e000 is a thread


Stack: [0x0000000002080000,0x0000000002180000],  sp=0x000000000217ec38,  free space=1019k
Native frames: (J=compiled Java code, j=interpreted, Vv=VM code, C=native code)
C  0xffffffffa3285120


---------------  P R O C E S S  ---------------

Java Threads: ( => current thread )
  0x00000000162b0800 JavaThread "Service Thread" daemon [_thread_blocked, id=9272, stack(0x0000000016680000,0x0000000016780000)]
  0x0000000014956000 JavaThread "C1 CompilerThread2" daemon [_thread_blocked, id=5592, stack(0x0000000016180000,0x0000000016280000)]
  0x0000000014953000 JavaThread "C2 CompilerThread1" daemon [_thread_blocked, id=5872, stack(0x0000000016080000,0x0000000016180000)]
  0x0000000014950000 JavaThread "C2 CompilerThread0" daemon [_thread_in_native, id=10996, stack(0x0000000015f80000,0x0000000016080000)]
  0x000000001494f000 JavaThread "Attach Listener" daemon [_thread_blocked, id=5284, stack(0x0000000015e80000,0x0000000015f80000)]
  0x000000001494c000 JavaThread "Signal Dispatcher" daemon [_thread_blocked, id=10856, stack(0x0000000015d80000,0x0000000015e80000)]
  0x0000000002278000 JavaThread "Finalizer" daemon [_thread_blocked, id=3472, stack(0x0000000015ba0000,0x0000000015ca0000)]
  0x000000000226e800 JavaThread "Reference Handler" daemon [_thread_blocked, id=5420, stack(0x0000000015aa0000,0x0000000015ba0000)]
=>0x000000000207e000 JavaThread "main" [_thread_in_Java, id=10812, stack(0x0000000002080000,0x0000000002180000)]

Other Threads:
  0x0000000014916800 VMThread [stack: 0x00000000159a0000,0x0000000015aa0000] [id=9180]
  0x00000000162e0800 WatcherThread [stack: 0x0000000016780000,0x0000000016880000] [id=2504]

VM state:not at safepoint (normal execution)

VM Mutex/Monitor currently owned by a thread: None

Heap:
 PSYoungGen      total 38400K, used 37431K [0x00000000eab00000, 0x00000000ef600000, 0x0000000100000000)
  eden space 33280K, 97% used [0x00000000eab00000,0x00000000eca95910,0x00000000ecb80000)
  from space 5120K, 99% used [0x00000000ecb80000,0x00000000ed078620,0x00000000ed080000)
  to   space 5120K, 0% used [0x00000000ef100000,0x00000000ef100000,0x00000000ef600000)
 ParOldGen       total 87552K, used 2580K [0x00000000c0000000, 0x00000000c5580000, 0x00000000eab00000)
  object space 87552K, 2% used [0x00000000c0000000,0x00000000c0285268,0x00000000c5580000)
 Metaspace       used 6812K, capacity 7480K, committed 7680K, reserved 1056768K
  class space    used 670K, capacity 688K, committed 768K, reserved 1048576K

Card table byte_map: [0x0000000011640000,0x0000000011850000] byte_map_base: 0x0000000011040000

Marking Bits: (ParMarkBitMap*) 0x0000000057eea5b0
 Begin Bits: [0x0000000011db0000, 0x0000000012db0000)
 End Bits:   [0x0000000012db0000, 0x0000000013db0000)

Polling page: 0x0000000001fe0000

CodeCache: size=245760Kb used=6838Kb max_used=6849Kb free=238921Kb
 bounds [0x0000000002280000, 0x0000000002940000, 0x0000000011280000]
 total_blobs=2023 nmethods=1748 adapters=190
 compilation: enabled

Compilation events (10 events):
Event: 1.756 Thread 0x0000000014956000 nmethod 1742 0x000000000291b190 code [0x000000000291b2e0, 0x000000000291b3f0]
Event: 1.756 Thread 0x0000000014956000 1743       3       com.android.dex.Dex$Section::readByte (8 bytes)
Event: 1.756 Thread 0x0000000014956000 nmethod 1743 0x000000000292f710 code [0x000000000292f880, 0x000000000292faa8]
Event: 1.756 Thread 0x0000000014956000 1745       3       java.nio.Buffer::nextGetIndex (31 bytes)
Event: 1.757 Thread 0x0000000014956000 nmethod 1745 0x000000000292fb50 code [0x000000000292fcc0, 0x000000000292fec8]
Event: 1.757 Thread 0x0000000014956000 1744       3       java.nio.HeapByteBuffer::get (14 bytes)
Event: 1.757 Thread 0x0000000014956000 nmethod 1744 0x000000000292ff90 code [0x0000000002930120, 0x00000000029304a8]
Event: 1.757 Thread 0x0000000014956000 1746       1       java.nio.HeapByteBuffer::ix (7 bytes)
Event: 1.757 Thread 0x0000000014956000 nmethod 1746 0x0000000002930650 code [0x00000000029307a0, 0x00000000029308b0]
Event: 1.757 Thread 0x0000000014956000 1747       3       java.nio.HeapByteBuffer::_put (8 bytes)

GC Heap History (2 events):
Event: 1.208 GC heap before
{Heap before GC invocations=1 (full 0):
 PSYoungGen      total 38400K, used 33280K [0x00000000eab00000, 0x00000000ed580000, 0x0000000100000000)
  eden space 33280K, 100% used [0x00000000eab00000,0x00000000ecb80000,0x00000000ecb80000)
  from space 5120K, 0% used [0x00000000ed080000,0x00000000ed080000,0x00000000ed580000)
  to   space 5120K, 0% used [0x00000000ecb80000,0x00000000ecb80000,0x00000000ed080000)
 ParOldGen       total 87552K, used 0K [0x00000000c0000000, 0x00000000c5580000, 0x00000000eab00000)
  object space 87552K, 0% used [0x00000000c0000000,0x00000000c0000000,0x00000000c5580000)
 Metaspace       used 5880K, capacity 6960K, committed 7040K, reserved 1056768K
  class space    used 587K, capacity 616K, committed 640K, reserved 1048576K
Event: 1.233 GC heap after
Heap after GC invocations=1 (full 0):
 PSYoungGen      total 38400K, used 5089K [0x00000000eab00000, 0x00000000ef600000, 0x0000000100000000)
  eden space 33280K, 0% used [0x00000000eab00000,0x00000000eab00000,0x00000000ecb80000)
  from space 5120K, 99% used [0x00000000ecb80000,0x00000000ed078620,0x00000000ed080000)
  to   space 5120K, 0% used [0x00000000ef100000,0x00000000ef100000,0x00000000ef600000)
 ParOldGen       total 87552K, used 2580K [0x00000000c0000000, 0x00000000c5580000, 0x00000000eab00000)
  object space 87552K, 2% used [0x00000000c0000000,0x00000000c0285268,0x00000000c5580000)
 Metaspace       used 5880K, capacity 6960K, committed 7040K, reserved 1056768K
  class space    used 587K, capacity 616K, committed 640K, reserved 1048576K
}

Deoptimization events (10 events):
Event: 1.712 Thread 0x000000000207e000 Uncommon trap: reason=speculate_class_check action=maybe_recompile pc=0x0000000002850ff4 method=java.util.HashMap.putVal(ILjava/lang/Object;Ljava/lang/Object;ZZ)Ljava/lang/Object; @ 56
Event: 1.712 Thread 0x000000000207e000 Uncommon trap: reason=speculate_class_check action=maybe_recompile pc=0x0000000002850ff4 method=java.util.HashMap.putVal(ILjava/lang/Object;Ljava/lang/Object;ZZ)Ljava/lang/Object; @ 56
Event: 1.712 Thread 0x000000000207e000 Uncommon trap: reason=class_check action=maybe_recompile pc=0x000000000284a4e8 method=java.util.HashMap.putVal(ILjava/lang/Object;Ljava/lang/Object;ZZ)Ljava/lang/Object; @ 56
Event: 1.712 Thread 0x000000000207e000 Uncommon trap: reason=class_check action=maybe_recompile pc=0x000000000284a4e8 method=java.util.HashMap.putVal(ILjava/lang/Object;Ljava/lang/Object;ZZ)Ljava/lang/Object; @ 56
Event: 1.712 Thread 0x000000000207e000 Uncommon trap: reason=class_check action=maybe_recompile pc=0x000000000284a4e8 method=java.util.HashMap.putVal(ILjava/lang/Object;Ljava/lang/Object;ZZ)Ljava/lang/Object; @ 56
Event: 1.712 Thread 0x000000000207e000 Uncommon trap: reason=class_check action=maybe_recompile pc=0x000000000284a4e8 method=java.util.HashMap.putVal(ILjava/lang/Object;Ljava/lang/Object;ZZ)Ljava/lang/Object; @ 56
Event: 1.756 Thread 0x000000000207e000 Uncommon trap: reason=class_check action=maybe_recompile pc=0x0000000002904ff4 method=com.android.dex.Leb128.writeUnsignedLeb128(Lcom/android/dex/util/ByteOutput;I)V @ 40
Event: 1.756 Thread 0x000000000207e000 Uncommon trap: reason=class_check action=maybe_recompile pc=0x0000000002904ff4 method=com.android.dex.Leb128.writeUnsignedLeb128(Lcom/android/dex/util/ByteOutput;I)V @ 40
Event: 1.756 Thread 0x000000000207e000 Uncommon trap: reason=class_check action=maybe_recompile pc=0x0000000002904ff4 method=com.android.dex.Leb128.writeUnsignedLeb128(Lcom/android/dex/util/ByteOutput;I)V @ 40
Event: 1.756 Thread 0x000000000207e000 Uncommon trap: reason=class_check action=maybe_recompile pc=0x0000000002904ff4 method=com.android.dex.Leb128.writeUnsignedLeb128(Lcom/android/dex/util/ByteOutput;I)V @ 40

Internal exceptions (3 events):
Event: 0.037 Thread 0x000000000207e000 Exception <a 'java/lang/NoSuchMethodError': Method sun.misc.Unsafe.defineClass(Ljava/lang/String;[BII)Ljava/lang/Class; name or signature does not match> (0x00000000eab13068) thrown at [C:\re\workspace\8-2-build-windows-amd64-cygwin\jdk8u60\4407\hotspot\sr‡=vè¯£?
Event: 0.037 Thread 0x000000000207e000 Exception <a 'java/lang/NoSuchMethodError': Method sun.misc.Unsafe.prefetchRead(Ljava/lang/Object;J)V name or signature does not match> (0x00000000eab13350) thrown at [C:\re\workspace\8-2-build-windows-amd64-cygwin\jdk8u60\4407\hotspot\src\share\vm\prims\jv³‚Èw÷?
Event: 1.467 Thread 0x000000000207e000 Exception <a 'java/lang/ArrayIndexOutOfBoundsException': 18> (0x00000000ec70f290) thrown at [C:\re\workspace\8-2-build-windows-amd64-cygwin\jdk8u60\4407\hotspot\src\share\vm\interpreter\interpreterRuntime.cpp, line 366]

Events (10 events):
Event: 1.756 Thread 0x000000000207e000 DEOPT UNPACKING pc=0x00000000022c556a sp=0x000000000217ec88 mode 2
Event: 1.756 Thread 0x000000000207e000 Uncommon trap: trap_request=0xffffffde fr.pc=0x0000000002904ff4
Event: 1.756 Thread 0x000000000207e000 DEOPT PACKING pc=0x0000000002904ff4 sp=0x000000000217ec90
Event: 1.756 Thread 0x000000000207e000 DEOPT UNPACKING pc=0x00000000022c556a sp=0x000000000217ec88 mode 2
Event: 1.756 Thread 0x000000000207e000 Uncommon trap: trap_request=0xffffffde fr.pc=0x0000000002904ff4
Event: 1.756 Thread 0x000000000207e000 DEOPT PACKING pc=0x0000000002904ff4 sp=0x000000000217ec90
Event: 1.756 Thread 0x000000000207e000 DEOPT UNPACKING pc=0x00000000022c556a sp=0x000000000217ec88 mode 2
Event: 1.756 Thread 0x000000000207e000 Uncommon trap: trap_request=0xffffffde fr.pc=0x0000000002904ff4
Event: 1.756 Thread 0x000000000207e000 DEOPT PACKING pc=0x0000000002904ff4 sp=0x000000000217ec90
Event: 1.756 Thread 0x000000000207e000 DEOPT UNPACKING pc=0x00000000022c556a sp=0x000000000217ec88 mode 2


Dynamic libraries:
0x00007ff6d4550000 - 0x00007ff6d4587000 	E:\Java\jdk1.8.0_60\bin\java.exe
0x00007ffd43120000 - 0x00007ffd432cc000 	C:\WINDOWS\SYSTEM32\ntdll.dll
0x00007ffd427f0000 - 0x00007ffd4292e000 	C:\WINDOWS\system32\KERNEL32.DLL
0x00007ffd40690000 - 0x00007ffd407a5000 	C:\WINDOWS\system32\KERNELBASE.dll
0x00007ffd3ed00000 - 0x00007ffd3ed8e000 	C:\WINDOWS\system32\apphelp.dll
0x00007ffd33140000 - 0x00007ffd33193000 	C:\WINDOWS\AppPatch\AppPatch64\AcGenral.DLL
0x00007ffd42ac0000 - 0x00007ffd42b6a000 	C:\WINDOWS\system32\msvcrt.dll
0x00007ffd400b0000 - 0x00007ffd400de000 	C:\WINDOWS\SYSTEM32\SspiCli.dll
0x00007ffd42cd0000 - 0x00007ffd42d24000 	C:\WINDOWS\system32\SHLWAPI.dll
0x00007ffd42940000 - 0x00007ffd42ab7000 	C:\WINDOWS\system32\USER32.dll
0x00007ffd42650000 - 0x00007ffd427e4000 	C:\WINDOWS\system32\ole32.dll
0x00007ffd40b00000 - 0x00007ffd42019000 	C:\WINDOWS\system32\SHELL32.dll
0x00007ffd3f820000 - 0x00007ffd3f841000 	C:\WINDOWS\SYSTEM32\USERENV.dll
0x00007ffd42d30000 - 0x00007ffd42dda000 	C:\WINDOWS\system32\ADVAPI32.dll
0x00007ffd32a40000 - 0x00007ffd32a5e000 	C:\WINDOWS\SYSTEM32\MPR.dll
0x00007ffd40940000 - 0x00007ffd40a81000 	C:\WINDOWS\system32\RPCRT4.dll
0x00007ffd42020000 - 0x00007ffd42079000 	C:\WINDOWS\SYSTEM32\sechost.dll
0x00007ffd42de0000 - 0x00007ffd42ff1000 	C:\WINDOWS\SYSTEM32\combase.dll
0x00007ffd424e0000 - 0x00007ffd4262f000 	C:\WINDOWS\system32\GDI32.dll
0x00007ffd40280000 - 0x00007ffd40295000 	C:\WINDOWS\SYSTEM32\profapi.dll
0x00007ffd3ed90000 - 0x00007ffd3ee42000 	C:\WINDOWS\SYSTEM32\SHCORE.dll
0x00007ffd40900000 - 0x00007ffd40936000 	C:\WINDOWS\system32\IMM32.DLL
0x00007ffd42b70000 - 0x00007ffd42cc2000 	C:\WINDOWS\system32\MSCTF.dll
0x00007ffd3da70000 - 0x00007ffd3dcea000 	C:\WINDOWS\WinSxS\amd64_microsoft.windows.common-controls_6595b64144ccf1df_6.0.9600.17810_none_6240b9c7ecbd0bda\COMCTL32.dll
0x0000000056bb0000 - 0x0000000056c82000 	E:\Java\jdk1.8.0_60\jre\bin\msvcr100.dll
0x00000000576e0000 - 0x0000000057f69000 	E:\Java\jdk1.8.0_60\jre\bin\server\jvm.dll
0x00007ffd26fc0000 - 0x00007ffd26fc9000 	C:\WINDOWS\SYSTEM32\WSOCK32.dll
0x00007ffd3dcf0000 - 0x00007ffd3dd12000 	C:\WINDOWS\SYSTEM32\WINMM.dll
0x00007ffd3dd20000 - 0x00007ffd3dd2a000 	C:\WINDOWS\SYSTEM32\VERSION.dll
0x00007ffd40890000 - 0x00007ffd40897000 	C:\WINDOWS\system32\PSAPI.DLL
0x00007ffd430c0000 - 0x00007ffd4311a000 	C:\WINDOWS\system32\WS2_32.dll
0x00007ffd3da00000 - 0x00007ffd3da2a000 	C:\WINDOWS\SYSTEM32\WINMMBASE.dll
0x00007ffd407b0000 - 0x00007ffd407b9000 	C:\WINDOWS\system32\NSI.dll
0x00007ffd40460000 - 0x00007ffd404af000 	C:\WINDOWS\SYSTEM32\cfgmgr32.dll
0x00007ffd3f060000 - 0x00007ffd3f088000 	C:\WINDOWS\SYSTEM32\DEVOBJ.dll
0x00000000576d0000 - 0x00000000576df000 	E:\Java\jdk1.8.0_60\jre\bin\verify.dll
0x00000000576a0000 - 0x00000000576c9000 	E:\Java\jdk1.8.0_60\jre\bin\java.dll
0x0000000057680000 - 0x0000000057696000 	E:\Java\jdk1.8.0_60\jre\bin\zip.dll
0x00007ffd3a950000 - 0x00007ffd3aad9000 	C:\WINDOWS\SYSTEM32\dbghelp.dll

VM Arguments:
jvm_args: -Xmx1024M -Dfile.encoding=windows-1251 -Duser.country=RU -Duser.language=ru -Duser.variant 
java_command: com.android.dx.command.Main --dex --num-threads=4 --output E:\LoftSchool\ItHappens\app\build\intermediates\dex\debug E:\LoftSchool\ItHappens\app\build\intermediates\classes\debug E:\LoftSchool\ItHappens\app\build\intermediates\pre-dexed\debug\support-annotations-23.0.1-e6941ffc9cbf1270b1623cf686ba7082dcc4df08.jar E:\LoftSchool\ItHappens\app\build\intermediates\pre-dexed\debug\classes-33b194942d40a93a6b7fb59f31809eafee4a3d60.jar E:\LoftSchool\ItHappens\app\build\intermediates\pre-dexed\debug\classes-2fbdfcc023f96c5beeeb527b484842a4dc4d0184.jar E:\LoftSchool\ItHappens\app\build\intermediates\pre-dexed\debug\classes-ac288d2dcecbe054b797262fda1b1e3dbda9b766.jar E:\LoftSchool\ItHappens\app\build\intermediates\pre-dexed\debug\classes-7b7a49ff55f6ad6d3d8f47054b4f618d20637af2.jar E:\LoftSchool\ItHappens\app\build\intermediates\pre-dexed\debug\androidannotations-api-3.3.1-f92de5d8f4f147f1d6bd99ca686b10a8a3b8f178.jar E:\LoftSchool\ItHappens\app\build\intermediates\pre-dexed\debug\retrofit-1.9.0-36267d02236be5f5e3181af5cbed035765687fc1.jar E:\LoftSchool\ItHappens\app\build\intermediates\pre-dexed\debug\gson-2.3.1-3f4280419e45f26d584cf9889ccc40127341c14b.jar E:\LoftSchool\ItHappens\app\build\intermediates\pre-dexed\debug\classes-0f9211435bb759352cdb6487f7556ac18e58167a.jar E:\LoftSchool\ItHappens\app\build\intermediates\pre-dexed\debug\internal_impl-23.0.1-1aa6e61057530704e9df5098ee71d88e2be7b5dd.jar E:\LoftSchool\ItHappens\app\build\intermediates\pre-dexed\debug\classes-9d8aefa58b2f8b20b24b2ed6a451c789bc5dbf7c.jar E:\LoftSchool\ItHappens\app\build\intermediates\pre-dexed\debug\classes-8005d05b30177bc6493811b9ad1a691dcf5f27a4.jar E:\LoftSchool\ItHappens\app\build\intermediates\pre-dexed\debug\rxjava-1.0.14-c7f33d3793e98165e867744c4ee16d987818699e.jar E:\LoftSchool\ItHappens\app\build\intermediates\pre-dexed\debug\classes-8911bd3c0bcbb1a5c0b884d4ba4038f33470bb98.jar E:\LoftSchool\ItHappens\app\build\intermediates\pre-dexed\debug\realm-android-0.82.2-9bd58c3028bf0
java_class_path (initial): E:\Android\sdk\build-tools\23.0.0\lib\dx.jar
Launcher Type: SUN_STANDARD

Environment Variables:
PATH=C:\ProgramData\Oracle\Java\javapath;C:\WINDOWS\system32;C:\WINDOWS;C:\WINDOWS\System32\Wbem;C:\WINDOWS\System32\WindowsPowerShell\v1.0\;C:\Program Files (x86)\Common Files\Acronis\SnapAPI\;C:\Program Files (x86)\Common Files\Autodesk Shared\;C:\Program Files\Microsoft\Web Platform Installer\;C:\Program Files (x86)\Microsoft ASP.NET\ASP.NET Web Pages\v1.0\;C:\Program Files\Microsoft SQL Server\110\Tools\Binn\;C:\Program Files\Common Files\Autodesk Shared\;C:\Program Files (x86)\NVIDIA Corporation\PhysX\Common;C:\Program Files (x86)\Skype\Phone\;C:\Program Files (x86)\Common Files\Acronis\TibMounter64
USERNAME=Àëåêñàíäð
OS=Windows_NT
PROCESSOR_IDENTIFIER=Intel64 Family 6 Model 15 Stepping 11, GenuineIntel



---------------  S Y S T E M  ---------------

OS: Windows 8.1 , 64 bit Build 9600 (6.3.9600.17415)

CPU:total 4 (4 cores per cpu, 1 threads per core) family 6 model 15 stepping 11, cmov, cx8, fxsr, mmx, sse, sse2, sse3, ssse3, tsc

Memory: 4k page, physical 8387492k(1003752k free), swap 14154916k(3227632k free)

vm_info: Java HotSpot(TM) 64-Bit Server VM (25.60-b23) for windows-amd64 JRE (1.8.0_60-b27), built on Aug  4 2015 11:06:27 by "java_re" with MS VC++ 10.0 (VS2010)

time: Sun Sep 27 16:56:29 2015
elapsed time: 1 seconds (0d 0h 0m 1s)

