#
# A fatal error has been detected by the Java Runtime Environment:
#
#  EXCEPTION_ACCESS_VIOLATION (0xc0000005) at pc=0xffffffffa3755120, pid=9012, tid=3712
#
# JRE version: Java(TM) SE Runtime Environment (8.0_60-b27) (build 1.8.0_60-b27)
# Java VM: Java HotSpot(TM) 64-Bit Server VM (25.60-b23 mixed mode windows-amd64 compressed oops)
# Problematic frame:
# C  0xffffffffa3755120
#
# Failed to write core dump. Minidumps are not enabled by default on client versions of Windows
#
# If you would like to submit a bug report, please visit:
#   http://bugreport.java.com/bugreport/crash.jsp
#

---------------  T H R E A D  ---------------

Current thread (0x0000000000e0e000):  JavaThread "main" [_thread_in_Java, id=3712, stack(0x0000000002550000,0x0000000002650000)]

siginfo: ExceptionCode=0xc0000005, ExceptionInformation=0x0000000000000008 0xffffffffa3755120

Registers:
RAX=0x00000000148d7328, RBX=0x00000000148d7328, RCX=0x00000000eb5248f8, RDX=0x00000000eb5248f8
RSP=0x000000000264e568, RBP=0x000000000264e5c8, RSI=0x000000000075a924, RDI=0x0000000000000001
R8 =0x0000000000000000, R9 =0x0000000011510000, R10=0x0000000057ed2140, R11=0x00000000028d27c0
R12=0x0000000000000000, R13=0x000000000264e578, R14=0x000000000264e650, R15=0x0000000000e0e000
RIP=0xffffffffa3755120, EFLAGS=0x0000000000010202

Top of Stack: (sp=0x000000000264e568)
0x000000000264e568:   0000000002757a2d 0000000002757a2d
0x000000000264e578:   0000000000000000 00000000eb5248f8
0x000000000264e588:   000000000264e588 00000000148d54d6
0x000000000264e598:   000000000264e650 00000000148d57d0
0x000000000264e5a8:   0000000000000000 00000000148d5718
0x000000000264e5b8:   000000000264e578 000000000264e650
0x000000000264e5c8:   000000000264e698 0000000002757a2d
0x000000000264e5d8:   00000000eb5248d8 00000000eb5248c0
0x000000000264e5e8:   00000000eb524878 00000000eb5248f8
0x000000000264e5f8:   00000000eb5154a0 00000000eb51b568
0x000000000264e608:   0000000000000005 0000000000000112
0x000000000264e618:   0000000000000019 0000000000000086
0x000000000264e628:   00000000eb513fe8 00000000eb513fb0
0x000000000264e638:   0000000000001dc1 00000000000000cb
0x000000000264e648:   0000000000000001 00000000eb51ed88
0x000000000264e658:   000000000264e658 00000000148d4f18 

Instructions: (pc=0xffffffffa3755120)
0xffffffffa3755100:   
[error occurred during error reporting (printing registers, top of stack, instructions near pc), id 0xc0000005]

Register to memory mapping:

RAX={method} {0x00000000148d7330} 'setObserver' '(Lcom/android/dx/cf/iface/ParseObserver;)V' in 'com/android/dx/cf/direct/AttributeListParser'
RBX={method} {0x00000000148d7330} 'setObserver' '(Lcom/android/dx/cf/iface/ParseObserver;)V' in 'com/android/dx/cf/direct/AttributeListParser'
RCX=0x00000000eb5248f8 is an oop
com.android.dx.cf.direct.AttributeListParser 
 - klass: 'com/android/dx/cf/direct/AttributeListParser'
RDX=0x00000000eb5248f8 is an oop
com.android.dx.cf.direct.AttributeListParser 
 - klass: 'com/android/dx/cf/direct/AttributeListParser'
RSP=0x000000000264e568 is pointing into the stack for thread: 0x0000000000e0e000
RBP=0x000000000264e5c8 is pointing into the stack for thread: 0x0000000000e0e000
RSI=0x000000000075a924 is an unknown value
RDI=0x0000000000000001 is an unknown value
R8 =0x0000000000000000 is an unknown value
R9 =0x0000000011510000 is an unknown value
R10=0x0000000057ed2140 is an unknown value
R11=0x00000000028d27c0 is at entry_point+32 in (nmethod*)0x00000000028d2650
R12=0x0000000000000000 is an unknown value
R13=0x000000000264e578 is pointing into the stack for thread: 0x0000000000e0e000
R14=0x000000000264e650 is pointing into the stack for thread: 0x0000000000e0e000
R15=0x0000000000e0e000 is a thread


Stack: [0x0000000002550000,0x0000000002650000],  sp=0x000000000264e568,  free space=1017k
Native frames: (J=compiled Java code, j=interpreted, Vv=VM code, C=native code)
C  0xffffffffa3755120


---------------  P R O C E S S  ---------------

Java Threads: ( => current thread )
  0x0000000016989800 JavaThread "pool-1-thread-4" [_thread_blocked, id=10100, stack(0x0000000017150000,0x0000000017250000)]
  0x00000000168cf800 JavaThread "pool-1-thread-3" [_thread_blocked, id=4652, stack(0x0000000017050000,0x0000000017150000)]
  0x00000000168d3800 JavaThread "pool-1-thread-2" [_thread_blocked, id=10192, stack(0x0000000016f50000,0x0000000017050000)]
  0x00000000168ab000 JavaThread "pool-2-thread-1" [_thread_blocked, id=10292, stack(0x0000000016e50000,0x0000000016f50000)]
  0x00000000168aa800 JavaThread "pool-1-thread-1" [_thread_blocked, id=5032, stack(0x0000000016d50000,0x0000000016e50000)]
  0x000000001678a800 JavaThread "Service Thread" daemon [_thread_blocked, id=9484, stack(0x0000000016b50000,0x0000000016c50000)]
  0x0000000014e33800 JavaThread "C1 CompilerThread2" daemon [_thread_blocked, id=3736, stack(0x0000000016650000,0x0000000016750000)]
  0x0000000014e23800 JavaThread "C2 CompilerThread1" daemon [_thread_blocked, id=5296, stack(0x0000000016550000,0x0000000016650000)]
  0x0000000014e20800 JavaThread "C2 CompilerThread0" daemon [_thread_blocked, id=5132, stack(0x0000000016450000,0x0000000016550000)]
  0x0000000014e1f000 JavaThread "Attach Listener" daemon [_thread_blocked, id=2896, stack(0x0000000016350000,0x0000000016450000)]
  0x0000000014e1b800 JavaThread "Signal Dispatcher" daemon [_thread_blocked, id=3672, stack(0x0000000016250000,0x0000000016350000)]
  0x0000000002748000 JavaThread "Finalizer" daemon [_thread_blocked, id=2552, stack(0x0000000016070000,0x0000000016170000)]
  0x000000000273e800 JavaThread "Reference Handler" daemon [_thread_blocked, id=11176, stack(0x0000000015f70000,0x0000000016070000)]
=>0x0000000000e0e000 JavaThread "main" [_thread_in_Java, id=3712, stack(0x0000000002550000,0x0000000002650000)]

Other Threads:
  0x0000000014de7000 VMThread [stack: 0x0000000015e70000,0x0000000015f70000] [id=8432]
  0x000000001679f800 WatcherThread [stack: 0x0000000016c50000,0x0000000016d50000] [id=5288]

VM state:not at safepoint (normal execution)

VM Mutex/Monitor currently owned by a thread: None

Heap:
 PSYoungGen      total 38400K, used 12658K [0x00000000eab00000, 0x00000000ed580000, 0x0000000100000000)
  eden space 33280K, 38% used [0x00000000eab00000,0x00000000eb75cac8,0x00000000ecb80000)
  from space 5120K, 0% used [0x00000000ed080000,0x00000000ed080000,0x00000000ed580000)
  to   space 5120K, 0% used [0x00000000ecb80000,0x00000000ecb80000,0x00000000ed080000)
 ParOldGen       total 87552K, used 0K [0x00000000c0000000, 0x00000000c5580000, 0x00000000eab00000)
  object space 87552K, 0% used [0x00000000c0000000,0x00000000c0000000,0x00000000c5580000)
 Metaspace       used 5209K, capacity 6512K, committed 6784K, reserved 1056768K
  class space    used 562K, capacity 616K, committed 640K, reserved 1048576K

Card table byte_map: [0x0000000011b10000,0x0000000011d20000] byte_map_base: 0x0000000011510000

Marking Bits: (ParMarkBitMap*) 0x0000000057eea5b0
 Begin Bits: [0x0000000012280000, 0x0000000013280000)
 End Bits:   [0x0000000013280000, 0x0000000014280000)

Polling page: 0x0000000000da0000

CodeCache: size=245760Kb used=2392Kb max_used=2392Kb free=243367Kb
 bounds [0x0000000002750000, 0x00000000029c0000, 0x0000000011750000]
 total_blobs=818 nmethods=559 adapters=174
 compilation: enabled

Compilation events (10 events):
Event: 0.357 Thread 0x0000000014e33800  427       3       com.android.dx.util.Bits::clear (21 bytes)
Event: 0.357 Thread 0x0000000014e33800 nmethod 427 0x0000000002949050 code [0x00000000029491a0, 0x0000000002949310]
Event: 0.357 Thread 0x0000000014e33800  429       3       com.android.dx.util.Bits::set (19 bytes)
Event: 0.357 Thread 0x0000000014e33800 nmethod 429 0x0000000002948c90 code [0x0000000002948de0, 0x0000000002948f50]
Event: 0.357 Thread 0x0000000014e33800  430   !   3       com.android.dx.cf.code.BytecodeArray::parseInstruction (2764 bytes)
Event: 0.357 Thread 0x0000000014e20800 nmethod 421 0x0000000002948890 code [0x00000000029489e0, 0x0000000002948b38]
Event: 0.357 Thread 0x0000000014e20800  423       4       java.util.HashMap::hash (20 bytes)
Event: 0.358 Thread 0x0000000014e20800 nmethod 423 0x00000000029485d0 code [0x0000000002948720, 0x00000000029487d8]
Event: 0.358 Thread 0x0000000014e20800  434   !   4       com.android.dx.rop.cst.StdConstantPool::get (24 bytes)
Event: 0.359 Thread 0x0000000014e20800 nmethod 434 0x0000000002948310 code [0x0000000002948440, 0x00000000029484f8]

GC Heap History (0 events):
No events

Deoptimization events (4 events):
Event: 0.220 Thread 0x0000000000e0e000 Uncommon trap: reason=speculate_class_check action=maybe_recompile pc=0x00000000028dafcc method=com.android.dx.rop.cst.Constant.compareTo(Lcom/android/dx/rop/cst/Constant;)I @ 29
Event: 0.220 Thread 0x0000000000e0e000 Uncommon trap: reason=speculate_class_check action=maybe_recompile pc=0x00000000028dafcc method=com.android.dx.rop.cst.Constant.compareTo(Lcom/android/dx/rop/cst/Constant;)I @ 29
Event: 0.220 Thread 0x0000000000e0e000 Uncommon trap: reason=speculate_class_check action=maybe_recompile pc=0x00000000028dafcc method=com.android.dx.rop.cst.Constant.compareTo(Lcom/android/dx/rop/cst/Constant;)I @ 29
Event: 0.220 Thread 0x0000000000e0e000 Uncommon trap: reason=speculate_class_check action=maybe_recompile pc=0x00000000028dafcc method=com.android.dx.rop.cst.Constant.compareTo(Lcom/android/dx/rop/cst/Constant;)I @ 29

Internal exceptions (2 events):
Event: 0.036 Thread 0x0000000000e0e000 Exception <a 'java/lang/NoSuchMethodError': Method sun.misc.Unsafe.defineClass(Ljava/lang/String;[BII)Ljava/lang/Class; name or signature does not match> (0x00000000eab13068) thrown at [C:\re\workspace\8-2-build-windows-amd64-cygwin\jdk8u60\4407\hotspot\sr¢—öÜÖA¢?
Event: 0.036 Thread 0x0000000000e0e000 Exception <a 'java/lang/NoSuchMethodError': Method sun.misc.Unsafe.prefetchRead(Ljava/lang/Object;J)V name or signature does not match> (0x00000000eab13350) thrown at [C:\re\workspace\8-2-build-windows-amd64-cygwin\jdk8u60\4407\hotspot\src\share\vm\prims\j

Events (10 events):
Event: 0.336 loading class java/io/PrintWriter
Event: 0.336 loading class java/io/PrintWriter done
Event: 0.337 loading class com/android/dx/dex/file/DebugInfoItem
Event: 0.337 loading class com/android/dx/dex/file/DebugInfoItem done
Event: 0.337 loading class com/android/dx/rop/annotation/AnnotationsList
Event: 0.337 loading class com/android/dx/rop/annotation/AnnotationsList done
Event: 0.338 loading class com/android/dx/dex/file/MethodIdItem
Event: 0.338 loading class com/android/dx/dex/file/MethodIdItem done
Event: 0.355 loading class com/android/dx/cf/code/BytecodeArray$ConstantParserVisitor
Event: 0.355 loading class com/android/dx/cf/code/BytecodeArray$ConstantParserVisitor done


Dynamic libraries:
0x00007ff6d4550000 - 0x00007ff6d4587000 	E:\Java\jdk1.8.0_60\bin\java.exe
0x00007ffd43120000 - 0x00007ffd432cc000 	C:\WINDOWS\SYSTEM32\ntdll.dll
0x00007ffd427f0000 - 0x00007ffd4292e000 	C:\WINDOWS\system32\KERNEL32.DLL
0x00007ffd40690000 - 0x00007ffd407a5000 	C:\WINDOWS\system32\KERNELBASE.dll
0x00007ffd3ed00000 - 0x00007ffd3ed8e000 	C:\WINDOWS\system32\apphelp.dll
0x00007ffd33140000 - 0x00007ffd33193000 	C:\WINDOWS\AppPatch\AppPatch64\AcGenral.DLL
0x00007ffd42ac0000 - 0x00007ffd42b6a000 	C:\WINDOWS\system32\msvcrt.dll
0x00007ffd400b0000 - 0x00007ffd400de000 	C:\WINDOWS\SYSTEM32\SspiCli.dll
0x00007ffd42cd0000 - 0x00007ffd42d24000 	C:\WINDOWS\system32\SHLWAPI.dll
0x00007ffd42940000 - 0x00007ffd42ab7000 	C:\WINDOWS\system32\USER32.dll
0x00007ffd42650000 - 0x00007ffd427e4000 	C:\WINDOWS\system32\ole32.dll
0x00007ffd40b00000 - 0x00007ffd42019000 	C:\WINDOWS\system32\SHELL32.dll
0x00007ffd3f820000 - 0x00007ffd3f841000 	C:\WINDOWS\SYSTEM32\USERENV.dll
0x00007ffd42d30000 - 0x00007ffd42dda000 	C:\WINDOWS\system32\ADVAPI32.dll
0x00007ffd32a40000 - 0x00007ffd32a5e000 	C:\WINDOWS\SYSTEM32\MPR.dll
0x00007ffd40940000 - 0x00007ffd40a81000 	C:\WINDOWS\system32\RPCRT4.dll
0x00007ffd42020000 - 0x00007ffd42079000 	C:\WINDOWS\SYSTEM32\sechost.dll
0x00007ffd42de0000 - 0x00007ffd42ff1000 	C:\WINDOWS\SYSTEM32\combase.dll
0x00007ffd424e0000 - 0x00007ffd4262f000 	C:\WINDOWS\system32\GDI32.dll
0x00007ffd40280000 - 0x00007ffd40295000 	C:\WINDOWS\SYSTEM32\profapi.dll
0x00007ffd3ed90000 - 0x00007ffd3ee42000 	C:\WINDOWS\SYSTEM32\SHCORE.dll
0x00007ffd40900000 - 0x00007ffd40936000 	C:\WINDOWS\system32\IMM32.DLL
0x00007ffd42b70000 - 0x00007ffd42cc2000 	C:\WINDOWS\system32\MSCTF.dll
0x00007ffd3da70000 - 0x00007ffd3dcea000 	C:\WINDOWS\WinSxS\amd64_microsoft.windows.common-controls_6595b64144ccf1df_6.0.9600.17810_none_6240b9c7ecbd0bda\COMCTL32.dll
0x0000000056bb0000 - 0x0000000056c82000 	E:\Java\jdk1.8.0_60\jre\bin\msvcr100.dll
0x00000000576e0000 - 0x0000000057f69000 	E:\Java\jdk1.8.0_60\jre\bin\server\jvm.dll
0x00007ffd26fc0000 - 0x00007ffd26fc9000 	C:\WINDOWS\SYSTEM32\WSOCK32.dll
0x00007ffd3dcf0000 - 0x00007ffd3dd12000 	C:\WINDOWS\SYSTEM32\WINMM.dll
0x00007ffd3dd20000 - 0x00007ffd3dd2a000 	C:\WINDOWS\SYSTEM32\VERSION.dll
0x00007ffd40890000 - 0x00007ffd40897000 	C:\WINDOWS\system32\PSAPI.DLL
0x00007ffd430c0000 - 0x00007ffd4311a000 	C:\WINDOWS\system32\WS2_32.dll
0x00007ffd3da00000 - 0x00007ffd3da2a000 	C:\WINDOWS\SYSTEM32\WINMMBASE.dll
0x00007ffd407b0000 - 0x00007ffd407b9000 	C:\WINDOWS\system32\NSI.dll
0x00007ffd40460000 - 0x00007ffd404af000 	C:\WINDOWS\SYSTEM32\cfgmgr32.dll
0x00007ffd3f060000 - 0x00007ffd3f088000 	C:\WINDOWS\SYSTEM32\DEVOBJ.dll
0x00000000576d0000 - 0x00000000576df000 	E:\Java\jdk1.8.0_60\jre\bin\verify.dll
0x00000000576a0000 - 0x00000000576c9000 	E:\Java\jdk1.8.0_60\jre\bin\java.dll
0x0000000057680000 - 0x0000000057696000 	E:\Java\jdk1.8.0_60\jre\bin\zip.dll
0x00007ffd3a950000 - 0x00007ffd3aad9000 	C:\WINDOWS\SYSTEM32\dbghelp.dll

VM Arguments:
jvm_args: -Xmx1024M -Dfile.encoding=windows-1251 -Duser.country=RU -Duser.language=ru -Duser.variant 
java_command: com.android.dx.command.Main --dex --num-threads=4 --output E:\LoftSchool\ItHappens\app\build\intermediates\dex\debug E:\LoftSchool\ItHappens\app\build\intermediates\classes\debug E:\LoftSchool\ItHappens\app\build\intermediates\pre-dexed\debug\support-annotations-23.0.1-e6941ffc9cbf1270b1623cf686ba7082dcc4df08.jar E:\LoftSchool\ItHappens\app\build\intermediates\pre-dexed\debug\classes-33b194942d40a93a6b7fb59f31809eafee4a3d60.jar E:\LoftSchool\ItHappens\app\build\intermediates\pre-dexed\debug\classes-2fbdfcc023f96c5beeeb527b484842a4dc4d0184.jar E:\LoftSchool\ItHappens\app\build\intermediates\pre-dexed\debug\classes-ac288d2dcecbe054b797262fda1b1e3dbda9b766.jar E:\LoftSchool\ItHappens\app\build\intermediates\pre-dexed\debug\classes-7b7a49ff55f6ad6d3d8f47054b4f618d20637af2.jar E:\LoftSchool\ItHappens\app\build\intermediates\pre-dexed\debug\androidannotations-api-3.3.1-f92de5d8f4f147f1d6bd99ca686b10a8a3b8f178.jar E:\LoftSchool\ItHappens\app\build\intermediates\pre-dexed\debug\retrofit-1.9.0-36267d02236be5f5e3181af5cbed035765687fc1.jar E:\LoftSchool\ItHappens\app\build\intermediates\pre-dexed\debug\gson-2.3.1-3f4280419e45f26d584cf9889ccc40127341c14b.jar E:\LoftSchool\ItHappens\app\build\intermediates\pre-dexed\debug\classes-0f9211435bb759352cdb6487f7556ac18e58167a.jar E:\LoftSchool\ItHappens\app\build\intermediates\pre-dexed\debug\internal_impl-23.0.1-1aa6e61057530704e9df5098ee71d88e2be7b5dd.jar E:\LoftSchool\ItHappens\app\build\intermediates\pre-dexed\debug\classes-9d8aefa58b2f8b20b24b2ed6a451c789bc5dbf7c.jar E:\LoftSchool\ItHappens\app\build\intermediates\pre-dexed\debug\classes-8005d05b30177bc6493811b9ad1a691dcf5f27a4.jar E:\LoftSchool\ItHappens\app\build\intermediates\pre-dexed\debug\rxjava-1.0.14-c7f33d3793e98165e867744c4ee16d987818699e.jar E:\LoftSchool\ItHappens\app\build\intermediates\pre-dexed\debug\classes-8911bd3c0bcbb1a5c0b884d4ba4038f33470bb98.jar E:\LoftSchool\ItHappens\app\build\intermediates\pre-dexed\debug\realm-android-0.82.2-9bd58c3028bf0
java_class_path (initial): E:\Android\sdk\build-tools\23.0.0\lib\dx.jar
Launcher Type: SUN_STANDARD

Environment Variables:
PATH=C:\ProgramData\Oracle\Java\javapath;C:\WINDOWS\system32;C:\WINDOWS;C:\WINDOWS\System32\Wbem;C:\WINDOWS\System32\WindowsPowerShell\v1.0\;C:\Program Files (x86)\Common Files\Acronis\SnapAPI\;C:\Program Files (x86)\Common Files\Autodesk Shared\;C:\Program Files\Microsoft\Web Platform Installer\;C:\Program Files (x86)\Microsoft ASP.NET\ASP.NET Web Pages\v1.0\;C:\Program Files\Microsoft SQL Server\110\Tools\Binn\;C:\Program Files\Common Files\Autodesk Shared\;C:\Program Files (x86)\NVIDIA Corporation\PhysX\Common;C:\Program Files (x86)\Skype\Phone\;C:\Program Files (x86)\Common Files\Acronis\TibMounter64
USERNAME=Àëåêñàíäð
OS=Windows_NT
PROCESSOR_IDENTIFIER=Intel64 Family 6 Model 15 Stepping 11, GenuineIntel



---------------  S Y S T E M  ---------------

OS: Windows 8.1 , 64 bit Build 9600 (6.3.9600.17415)

CPU:total 4 (4 cores per cpu, 1 threads per core) family 6 model 15 stepping 11, cmov, cx8, fxsr, mmx, sse, sse2, sse3, ssse3, tsc

Memory: 4k page, physical 8387492k(670920k free), swap 14154916k(2662936k free)

vm_info: Java HotSpot(TM) 64-Bit Server VM (25.60-b23) for windows-amd64 JRE (1.8.0_60-b27), built on Aug  4 2015 11:06:27 by "java_re" with MS VC++ 10.0 (VS2010)

time: Sun Sep 27 21:23:50 2015
elapsed time: 0 seconds (0d 0h 0m 0s)

