#
# A fatal error has been detected by the Java Runtime Environment:
#
#  EXCEPTION_ACCESS_VIOLATION (0xc0000005) at pc=0xffffffffa3785120, pid=9284, tid=3060
#
# JRE version: Java(TM) SE Runtime Environment (8.0_60-b27) (build 1.8.0_60-b27)
# Java VM: Java HotSpot(TM) 64-Bit Server VM (25.60-b23 mixed mode windows-amd64 compressed oops)
# Problematic frame:
# C  0xffffffffa3785120
#
# Failed to write core dump. Minidumps are not enabled by default on client versions of Windows
#
# If you would like to submit a bug report, please visit:
#   http://bugreport.java.com/bugreport/crash.jsp
#

---------------  T H R E A D  ---------------

Current thread (0x000000000277e000):  JavaThread "main" [_thread_in_Java, id=3060, stack(0x0000000002430000,0x0000000002530000)]

siginfo: ExceptionCode=0xc0000005, ExceptionInformation=0x0000000000000008 0xffffffffa3785120

Registers:
RAX=0x00000000ed962c80, RBX=0x0000000000031abc, RCX=0x00000000ed962c50, RDX=0x00000000ed962c80
RSP=0x000000000252f2c8, RBP=0x000000000252f548, RSI=0x0000000014ba1a40, RDI=0x00000000ed962c50
R8 =0x00000000ed2843f8, R9 =0x00000000ef5f09f8, R10=0x000000000076cb16, R11=0x0000000000016fe8
R12=0x0000000000000000, R13=0x0000000000047efc, R14=0x0000000014ba7f08, R15=0x000000000277e000
RIP=0xffffffffa3785120, EFLAGS=0x0000000000010206

Top of Stack: (sp=0x000000000252f2c8)
0x000000000252f2c8:   0000000002ec3eac 000000000252f548
0x000000000252f2d8:   0000000002eb6a94 000000001463d790
0x000000000252f2e8:   0000000000000000 000000000252f318
0x000000000252f2f8:   0000000000000000 0000000000000392
0x000000000252f308:   00000000ed829fe8 00000005fffffffd
0x000000000252f318:   00000000ed95e0a0 0000000400000006
0x000000000252f328:   0000000b00000011 00000000ed95e268
0x000000000252f338:   00000000ed284978 00000000ed95e3c8
0x000000000252f348:   00000000ed2843f8 00000000ed291178
0x000000000252f358:   000000000000048f 00000000ed4e1100
0x000000000252f368:   ed4e10b000000702 000000000252f548
0x000000000252f378:   0000000002f12704 000000000252f548
0x000000000252f388:   0000000002eeccec 00000000ed829fe8
0x000000000252f398:   000000000252f398 00000000145c41e1
0x000000000252f3a8:   000000000252f410 00000000ed95e0a0
0x000000000252f3b8:   0000000002f3e6e4 00000000ed2843f8 

Instructions: (pc=0xffffffffa3785120)
0xffffffffa3785100:   
[error occurred during error reporting (printing registers, top of stack, instructions near pc), id 0xc0000005]

Register to memory mapping:

RAX=0x00000000ed962c80 is an oop
com.android.dex.Dex$Section 
 - klass: 'com/android/dex/Dex$Section'
RBX=0x0000000000031abc is an unknown value
RCX=0x00000000ed962c50 is an oop
java.nio.HeapByteBuffer 
 - klass: 'java/nio/HeapByteBuffer'
RDX=0x00000000ed962c80 is an oop
com.android.dex.Dex$Section 
 - klass: 'com/android/dex/Dex$Section'
RSP=0x000000000252f2c8 is pointing into the stack for thread: 0x000000000277e000
RBP=0x000000000252f548 is pointing into the stack for thread: 0x000000000277e000
RSI=0x0000000014ba1a40 is pointing into metadata
RDI=0x00000000ed962c50 is an oop
java.nio.HeapByteBuffer 
 - klass: 'java/nio/HeapByteBuffer'
R8 =0x00000000ed2843f8 is an oop
com.android.dex.Dex 
 - klass: 'com/android/dex/Dex'
R9 =0x00000000ef5f09f8 is an oop
java.lang.String 
 - klass: 'java/lang/String'
R10=0x000000000076cb16 is an unknown value
R11=0x0000000000016fe8 is an unknown value
R12=0x0000000000000000 is an unknown value
R13=0x0000000000047efc is an unknown value
R14=0x0000000014ba7f08 is pointing into metadata
R15=0x000000000277e000 is a thread


Stack: [0x0000000002430000,0x0000000002530000],  sp=0x000000000252f2c8,  free space=1020k
Native frames: (J=compiled Java code, j=interpreted, Vv=VM code, C=native code)
C  0xffffffffa3785120


---------------  P R O C E S S  ---------------

Java Threads: ( => current thread )
  0x00000000166d0800 JavaThread "Service Thread" daemon [_thread_blocked, id=4652, stack(0x0000000016aa0000,0x0000000016ba0000)]
  0x0000000014e59800 JavaThread "C1 CompilerThread2" daemon [_thread_blocked, id=6052, stack(0x00000000165a0000,0x00000000166a0000)]
  0x0000000014e52800 JavaThread "C2 CompilerThread1" daemon [_thread_in_native, id=6136, stack(0x00000000164a0000,0x00000000165a0000)]
  0x0000000014e4f800 JavaThread "C2 CompilerThread0" daemon [_thread_in_native, id=3624, stack(0x00000000163a0000,0x00000000164a0000)]
  0x0000000014e4e000 JavaThread "Attach Listener" daemon [_thread_blocked, id=10144, stack(0x00000000162a0000,0x00000000163a0000)]
  0x0000000014e4b000 JavaThread "Signal Dispatcher" daemon [_thread_blocked, id=9276, stack(0x00000000161a0000,0x00000000162a0000)]
  0x0000000014e19800 JavaThread "Finalizer" daemon [_thread_blocked, id=5724, stack(0x00000000160a0000,0x00000000161a0000)]
  0x0000000014e18800 JavaThread "Reference Handler" daemon [_thread_blocked, id=2884, stack(0x0000000015fa0000,0x00000000160a0000)]
=>0x000000000277e000 JavaThread "main" [_thread_in_Java, id=3060, stack(0x0000000002430000,0x0000000002530000)]

Other Threads:
  0x0000000014e17000 VMThread [stack: 0x0000000015ea0000,0x0000000015fa0000] [id=6036]
  0x00000000166e6800 WatcherThread [stack: 0x0000000016ba0000,0x0000000016ca0000] [id=3868]

VM state:not at safepoint (normal execution)

VM Mutex/Monitor currently owned by a thread: None

Heap:
 PSYoungGen      total 71680K, used 52655K [0x00000000eab00000, 0x00000000ef600000, 0x0000000100000000)
  eden space 66560K, 71% used [0x00000000eab00000,0x00000000ed9711d0,0x00000000eec00000)
  from space 5120K, 99% used [0x00000000ef100000,0x00000000ef5fab58,0x00000000ef600000)
  to   space 5120K, 0% used [0x00000000eec00000,0x00000000eec00000,0x00000000ef100000)
 ParOldGen       total 87552K, used 6800K [0x00000000c0000000, 0x00000000c5580000, 0x00000000eab00000)
  object space 87552K, 7% used [0x00000000c0000000,0x00000000c06a4160,0x00000000c5580000)
 Metaspace       used 7874K, capacity 8066K, committed 8320K, reserved 1056768K
  class space    used 783K, capacity 818K, committed 896K, reserved 1048576K

Card table byte_map: [0x0000000011b40000,0x0000000011d50000] byte_map_base: 0x0000000011540000

Marking Bits: (ParMarkBitMap*) 0x0000000057eea5b0
 Begin Bits: [0x00000000122b0000, 0x00000000132b0000)
 End Bits:   [0x00000000132b0000, 0x00000000142b0000)

Polling page: 0x0000000000e70000

CodeCache: size=245760Kb used=8205Kb max_used=8216Kb free=237554Kb
 bounds [0x0000000002780000, 0x0000000002f90000, 0x0000000011780000]
 total_blobs=2676 nmethods=2384 adapters=206
 compilation: enabled

Compilation events (10 events):
Event: 2.218 Thread 0x0000000014e59800 2383       1       java.util.Formatter::access$000 (5 bytes)
Event: 2.218 Thread 0x0000000014e59800 nmethod 2383 0x0000000002f86850 code [0x0000000002f869a0, 0x0000000002f86a90]
Event: 2.218 Thread 0x0000000014e59800 2384       1       sun.nio.cs.StreamEncoder::isOpen (5 bytes)
Event: 2.218 Thread 0x0000000014e59800 nmethod 2384 0x0000000002f86b10 code [0x0000000002f86c60, 0x0000000002f86d70]
Event: 2.226 Thread 0x0000000014e59800 2385       1       com.android.dex.Dex::getNextSectionStart (5 bytes)
Event: 2.227 Thread 0x0000000014e59800 nmethod 2385 0x0000000002f86dd0 code [0x0000000002f86f20, 0x0000000002f87030]
Event: 2.241 Thread 0x0000000014e59800 2386       3       com.android.dex.EncodedValueReader::readBoolean (24 bytes)
Event: 2.242 Thread 0x0000000014e59800 nmethod 2386 0x0000000002f87090 code [0x0000000002f87200, 0x0000000002f87408]
Event: 2.256 Thread 0x0000000014e59800 2387       3       com.android.dx.io.instructions.InstructionCodec$7::decode (50 bytes)
Event: 2.257 Thread 0x0000000014e52800 nmethod 2363 0x0000000002f8af90 code [0x0000000002f8b180, 0x0000000002f8c028]

GC Heap History (4 events):
Event: 1.124 GC heap before
{Heap before GC invocations=1 (full 0):
 PSYoungGen      total 38400K, used 33280K [0x00000000eab00000, 0x00000000ed580000, 0x0000000100000000)
  eden space 33280K, 100% used [0x00000000eab00000,0x00000000ecb80000,0x00000000ecb80000)
  from space 5120K, 0% used [0x00000000ed080000,0x00000000ed080000,0x00000000ed580000)
  to   space 5120K, 0% used [0x00000000ecb80000,0x00000000ecb80000,0x00000000ed080000)
 ParOldGen       total 87552K, used 0K [0x00000000c0000000, 0x00000000c5580000, 0x00000000eab00000)
  object space 87552K, 0% used [0x00000000c0000000,0x00000000c0000000,0x00000000c5580000)
 Metaspace       used 5895K, capacity 6960K, committed 7040K, reserved 1056768K
  class space    used 589K, capacity 616K, committed 640K, reserved 1048576K
Event: 1.157 GC heap after
Heap after GC invocations=1 (full 0):
 PSYoungGen      total 38400K, used 5101K [0x00000000eab00000, 0x00000000ef600000, 0x0000000100000000)
  eden space 33280K, 0% used [0x00000000eab00000,0x00000000eab00000,0x00000000ecb80000)
  from space 5120K, 99% used [0x00000000ecb80000,0x00000000ed07b450,0x00000000ed080000)
  to   space 5120K, 0% used [0x00000000ef100000,0x00000000ef100000,0x00000000ef600000)
 ParOldGen       total 87552K, used 2504K [0x00000000c0000000, 0x00000000c5580000, 0x00000000eab00000)
  object space 87552K, 2% used [0x00000000c0000000,0x00000000c02721b8,0x00000000c5580000)
 Metaspace       used 5895K, capacity 6960K, committed 7040K, reserved 1056768K
  class space    used 589K, capacity 616K, committed 640K, reserved 1048576K
}
Event: 1.680 GC heap before
{Heap before GC invocations=2 (full 0):
 PSYoungGen      total 38400K, used 38374K [0x00000000eab00000, 0x00000000ef600000, 0x0000000100000000)
  eden space 33280K, 99% used [0x00000000eab00000,0x00000000ecb7e708,0x00000000ecb80000)
  from space 5120K, 99% used [0x00000000ecb80000,0x00000000ed07b450,0x00000000ed080000)
  to   space 5120K, 0% used [0x00000000ef100000,0x00000000ef100000,0x00000000ef600000)
 ParOldGen       total 87552K, used 2504K [0x00000000c0000000, 0x00000000c5580000, 0x00000000eab00000)
  object space 87552K, 2% used [0x00000000c0000000,0x00000000c02721b8,0x00000000c5580000)
 Metaspace       used 7013K, capacity 7704K, committed 7936K, reserved 1056768K
  class space    used 686K, capacity 720K, committed 768K, reserved 1048576K
Event: 1.705 GC heap after
Heap after GC invocations=2 (full 0):
 PSYoungGen      total 71680K, used 5098K [0x00000000eab00000, 0x00000000ef600000, 0x0000000100000000)
  eden space 66560K, 0% used [0x00000000eab00000,0x00000000eab00000,0x00000000eec00000)
  from space 5120K, 99% used [0x00000000ef100000,0x00000000ef5fab58,0x00000000ef600000)
  to   space 5120K, 0% used [0x00000000eec00000,0x00000000eec00000,0x00000000ef100000)
 ParOldGen       total 87552K, used 6800K [0x00000000c0000000, 0x00000000c5580000, 0x00000000eab00000)
  object space 87552K, 7% used [0x00000000c0000000,0x00000000c06a4160,0x00000000c5580000)
 Metaspace       used 7013K, capacity 7704K, committed 7936K, reserved 1056768K
  class space    used 686K, capacity 720K, committed 768K, reserved 1048576K
}

Deoptimization events (10 events):
Event: 1.758 Thread 0x000000000277e000 Uncommon trap: reason=unstable_if action=reinterpret pc=0x0000000002e0805c method=sun.misc.URLClassPath.getLoader(I)Lsun/misc/URLClassPath$Loader; @ 36
Event: 1.758 Thread 0x000000000277e000 Uncommon trap: reason=unstable_if action=reinterpret pc=0x0000000002e03bd4 method=sun.misc.URLClassPath.getLoader(I)Lsun/misc/URLClassPath$Loader; @ 36
Event: 1.758 Thread 0x000000000277e000 Uncommon trap: reason=unstable_if action=reinterpret pc=0x0000000002958104 method=sun.misc.MetaIndex.mayContain(Ljava/lang/String;)Z @ 13
Event: 1.760 Thread 0x000000000277e000 Uncommon trap: reason=class_check action=maybe_recompile pc=0x0000000002c4ef08 method=java.util.ArrayList.<init>(Ljava/util/Collection;)V @ 6
Event: 1.768 Thread 0x000000000277e000 Uncommon trap: reason=class_check action=maybe_recompile pc=0x0000000002c4ef08 method=java.util.ArrayList.<init>(Ljava/util/Collection;)V @ 6
Event: 1.775 Thread 0x000000000277e000 Uncommon trap: reason=unstable_if action=reinterpret pc=0x0000000002e27e10 method=com.android.dex.Mutf8.decode(Lcom/android/dex/util/ByteInput;[C)Ljava/lang/String; @ 37
Event: 1.775 Thread 0x000000000277e000 Uncommon trap: reason=unstable_if action=reinterpret pc=0x0000000002e1ee44 method=com.android.dex.Mutf8.countBytes(Ljava/lang/String;Z)J @ 35
Event: 1.783 Thread 0x000000000277e000 Uncommon trap: reason=predicate action=maybe_recompile pc=0x0000000002e75ec0 method=com.android.dex.Leb128.readUnsignedLeb128(Lcom/android/dex/util/ByteInput;)I @ 41
Event: 2.101 Thread 0x000000000277e000 Uncommon trap: reason=unstable_if action=reinterpret pc=0x0000000002e29174 method=java.util.HashMap.getNode(ILjava/lang/Object;)Ljava/util/HashMap$Node; @ 84
Event: 2.104 Thread 0x000000000277e000 Uncommon trap: reason=unstable_if action=reinterpret pc=0x0000000002d4b0e4 method=java.util.HashMap.getNode(ILjava/lang/Object;)Ljava/util/HashMap$Node; @ 84

Internal exceptions (6 events):
Event: 0.044 Thread 0x000000000277e000 Exception <a 'java/lang/NoSuchMethodError': Method sun.misc.Unsafe.defineClass(Ljava/lang/String;[BII)Ljava/lang/Class; name or signature does not match> (0x00000000eab13068) thrown at [C:\re\workspace\8-2-build-windows-amd64-cygwin\jdk8u60\4407\hotspot\srА
Event: 0.044 Thread 0x000000000277e000 Exception <a 'java/lang/NoSuchMethodError': Method sun.misc.Unsafe.prefetchRead(Ljava/lang/Object;J)V name or signature does not match> (0x00000000eab13350) thrown at [C:\re\workspace\8-2-build-windows-amd64-cygwin\jdk8u60\4407\hotspot\src\share\vm\prims\j.SП"ь?
Event: 1.758 Thread 0x000000000277e000 Exception <a 'java/security/PrivilegedActionException'> (0x00000000eacf04e8) thrown at [C:\re\workspace\8-2-build-windows-amd64-cygwin\jdk8u60\4407\hotspot\src\share\vm\prims\jvm.cpp, line 1386]
Event: 1.759 Thread 0x000000000277e000 Exception <a 'java/security/PrivilegedActionException'> (0x00000000eacf08e0) thrown at [C:\re\workspace\8-2-build-windows-amd64-cygwin\jdk8u60\4407\hotspot\src\share\vm\prims\jvm.cpp, line 1386]
Event: 1.759 Thread 0x000000000277e000 Exception <a 'java/security/PrivilegedActionException'> (0x00000000eacf3368) thrown at [C:\re\workspace\8-2-build-windows-amd64-cygwin\jdk8u60\4407\hotspot\src\share\vm\prims\jvm.cpp, line 1386]
Event: 1.759 Thread 0x000000000277e000 Exception <a 'java/security/PrivilegedActionException'> (0x00000000eacf3760) thrown at [C:\re\workspace\8-2-build-windows-amd64-cygwin\jdk8u60\4407\hotspot\src\share\vm\prims\jvm.cpp, line 1386]

Events (10 events):
Event: 2.119 Thread 0x000000000277e000 DEOPT PACKING pc=0x0000000002e73d06 sp=0x000000000252f1a0
Event: 2.119 Thread 0x000000000277e000 DEOPT UNPACKING pc=0x00000000027c71bf sp=0x000000000252eec0 mode 0
Event: 2.153 Thread 0x000000000277e000 DEOPT PACKING pc=0x0000000002f27942 sp=0x000000000252f340
Event: 2.154 Thread 0x000000000277e000 DEOPT UNPACKING pc=0x00000000027c71bf sp=0x000000000252f048 mode 0
Event: 2.160 Executing VM operation: ForceSafepoint
Event: 2.160 Executing VM operation: ForceSafepoint done
Event: 2.206 Thread 0x000000000277e000 DEOPT PACKING pc=0x0000000002f02f05 sp=0x000000000252f2f0
Event: 2.206 Thread 0x000000000277e000 DEOPT UNPACKING pc=0x00000000027c71bf sp=0x000000000252f010 mode 0
Event: 2.212 Thread 0x000000000277e000 DEOPT PACKING pc=0x0000000002f02f05 sp=0x000000000252f2f0
Event: 2.212 Thread 0x000000000277e000 DEOPT UNPACKING pc=0x00000000027c71bf sp=0x000000000252f010 mode 0


Dynamic libraries:
0x00007ff6d4550000 - 0x00007ff6d4587000 	E:\Java\jdk1.8.0_60\bin\java.exe
0x00007ffd43120000 - 0x00007ffd432cc000 	C:\WINDOWS\SYSTEM32\ntdll.dll
0x00007ffd427f0000 - 0x00007ffd4292e000 	C:\WINDOWS\system32\KERNEL32.DLL
0x00007ffd40690000 - 0x00007ffd407a5000 	C:\WINDOWS\system32\KERNELBASE.dll
0x00007ffd3ed00000 - 0x00007ffd3ed8e000 	C:\WINDOWS\system32\apphelp.dll
0x00007ffd33140000 - 0x00007ffd33193000 	C:\WINDOWS\AppPatch\AppPatch64\AcGenral.DLL
0x00007ffd42ac0000 - 0x00007ffd42b6a000 	C:\WINDOWS\system32\msvcrt.dll
0x00007ffd400b0000 - 0x00007ffd400de000 	C:\WINDOWS\SYSTEM32\SspiCli.dll
0x00007ffd42cd0000 - 0x00007ffd42d24000 	C:\WINDOWS\system32\SHLWAPI.dll
0x00007ffd42940000 - 0x00007ffd42ab7000 	C:\WINDOWS\system32\USER32.dll
0x00007ffd42650000 - 0x00007ffd427e4000 	C:\WINDOWS\system32\ole32.dll
0x00007ffd40b00000 - 0x00007ffd42019000 	C:\WINDOWS\system32\SHELL32.dll
0x00007ffd3f820000 - 0x00007ffd3f841000 	C:\WINDOWS\SYSTEM32\USERENV.dll
0x00007ffd42d30000 - 0x00007ffd42dda000 	C:\WINDOWS\system32\ADVAPI32.dll
0x00007ffd32a40000 - 0x00007ffd32a5e000 	C:\WINDOWS\SYSTEM32\MPR.dll
0x00007ffd40940000 - 0x00007ffd40a81000 	C:\WINDOWS\system32\RPCRT4.dll
0x00007ffd42020000 - 0x00007ffd42079000 	C:\WINDOWS\SYSTEM32\sechost.dll
0x00007ffd42de0000 - 0x00007ffd42ff1000 	C:\WINDOWS\SYSTEM32\combase.dll
0x00007ffd424e0000 - 0x00007ffd4262f000 	C:\WINDOWS\system32\GDI32.dll
0x00007ffd40280000 - 0x00007ffd40295000 	C:\WINDOWS\SYSTEM32\profapi.dll
0x00007ffd3ed90000 - 0x00007ffd3ee42000 	C:\WINDOWS\SYSTEM32\SHCORE.dll
0x00007ffd40900000 - 0x00007ffd40936000 	C:\WINDOWS\system32\IMM32.DLL
0x00007ffd42b70000 - 0x00007ffd42cc2000 	C:\WINDOWS\system32\MSCTF.dll
0x00007ffd3da70000 - 0x00007ffd3dcea000 	C:\WINDOWS\WinSxS\amd64_microsoft.windows.common-controls_6595b64144ccf1df_6.0.9600.17810_none_6240b9c7ecbd0bda\COMCTL32.dll
0x0000000056bb0000 - 0x0000000056c82000 	E:\Java\jdk1.8.0_60\jre\bin\msvcr100.dll
0x00000000576e0000 - 0x0000000057f69000 	E:\Java\jdk1.8.0_60\jre\bin\server\jvm.dll
0x00007ffd26fc0000 - 0x00007ffd26fc9000 	C:\WINDOWS\SYSTEM32\WSOCK32.dll
0x00007ffd3dcf0000 - 0x00007ffd3dd12000 	C:\WINDOWS\SYSTEM32\WINMM.dll
0x00007ffd3dd20000 - 0x00007ffd3dd2a000 	C:\WINDOWS\SYSTEM32\VERSION.dll
0x00007ffd40890000 - 0x00007ffd40897000 	C:\WINDOWS\system32\PSAPI.DLL
0x00007ffd430c0000 - 0x00007ffd4311a000 	C:\WINDOWS\system32\WS2_32.dll
0x00007ffd3da00000 - 0x00007ffd3da2a000 	C:\WINDOWS\SYSTEM32\WINMMBASE.dll
0x00007ffd407b0000 - 0x00007ffd407b9000 	C:\WINDOWS\system32\NSI.dll
0x00007ffd40460000 - 0x00007ffd404af000 	C:\WINDOWS\SYSTEM32\cfgmgr32.dll
0x00007ffd3f060000 - 0x00007ffd3f088000 	C:\WINDOWS\SYSTEM32\DEVOBJ.dll
0x00000000576d0000 - 0x00000000576df000 	E:\Java\jdk1.8.0_60\jre\bin\verify.dll
0x00000000576a0000 - 0x00000000576c9000 	E:\Java\jdk1.8.0_60\jre\bin\java.dll
0x0000000057680000 - 0x0000000057696000 	E:\Java\jdk1.8.0_60\jre\bin\zip.dll
0x00007ffd3a950000 - 0x00007ffd3aad9000 	C:\WINDOWS\SYSTEM32\dbghelp.dll

VM Arguments:
jvm_args: -Xmx1024M -Dfile.encoding=windows-1251 -Duser.country=RU -Duser.language=ru -Duser.variant 
java_command: com.android.dx.command.Main --dex --num-threads=4 --output E:\LoftSchool\ItHappens\app\build\intermediates\dex\debug E:\LoftSchool\ItHappens\app\build\intermediates\classes\debug E:\LoftSchool\ItHappens\app\build\intermediates\pre-dexed\debug\support-annotations-23.0.1-e6941ffc9cbf1270b1623cf686ba7082dcc4df08.jar E:\LoftSchool\ItHappens\app\build\intermediates\pre-dexed\debug\classes-33b194942d40a93a6b7fb59f31809eafee4a3d60.jar E:\LoftSchool\ItHappens\app\build\intermediates\pre-dexed\debug\classes-2fbdfcc023f96c5beeeb527b484842a4dc4d0184.jar E:\LoftSchool\ItHappens\app\build\intermediates\pre-dexed\debug\classes-ac288d2dcecbe054b797262fda1b1e3dbda9b766.jar E:\LoftSchool\ItHappens\app\build\intermediates\pre-dexed\debug\classes-7b7a49ff55f6ad6d3d8f47054b4f618d20637af2.jar E:\LoftSchool\ItHappens\app\build\intermediates\pre-dexed\debug\androidannotations-api-3.3.1-f92de5d8f4f147f1d6bd99ca686b10a8a3b8f178.jar E:\LoftSchool\ItHappens\app\build\intermediates\pre-dexed\debug\retrofit-1.9.0-36267d02236be5f5e3181af5cbed035765687fc1.jar E:\LoftSchool\ItHappens\app\build\intermediates\pre-dexed\debug\gson-2.3.1-3f4280419e45f26d584cf9889ccc40127341c14b.jar E:\LoftSchool\ItHappens\app\build\intermediates\pre-dexed\debug\classes-0f9211435bb759352cdb6487f7556ac18e58167a.jar E:\LoftSchool\ItHappens\app\build\intermediates\pre-dexed\debug\internal_impl-23.0.1-1aa6e61057530704e9df5098ee71d88e2be7b5dd.jar E:\LoftSchool\ItHappens\app\build\intermediates\pre-dexed\debug\classes-9d8aefa58b2f8b20b24b2ed6a451c789bc5dbf7c.jar E:\LoftSchool\ItHappens\app\build\intermediates\pre-dexed\debug\classes-8005d05b30177bc6493811b9ad1a691dcf5f27a4.jar E:\LoftSchool\ItHappens\app\build\intermediates\pre-dexed\debug\rxjava-1.0.14-c7f33d3793e98165e867744c4ee16d987818699e.jar E:\LoftSchool\ItHappens\app\build\intermediates\pre-dexed\debug\classes-8911bd3c0bcbb1a5c0b884d4ba4038f33470bb98.jar E:\LoftSchool\ItHappens\app\build\intermediates\pre-dexed\debug\realm-android-0.82.2-9bd58c3028bf0
java_class_path (initial): E:\Android\sdk\build-tools\23.0.0\lib\dx.jar
Launcher Type: SUN_STANDARD

Environment Variables:
PATH=C:\ProgramData\Oracle\Java\javapath;C:\WINDOWS\system32;C:\WINDOWS;C:\WINDOWS\System32\Wbem;C:\WINDOWS\System32\WindowsPowerShell\v1.0\;C:\Program Files (x86)\Common Files\Acronis\SnapAPI\;C:\Program Files (x86)\Common Files\Autodesk Shared\;C:\Program Files\Microsoft\Web Platform Installer\;C:\Program Files (x86)\Microsoft ASP.NET\ASP.NET Web Pages\v1.0\;C:\Program Files\Microsoft SQL Server\110\Tools\Binn\;C:\Program Files\Common Files\Autodesk Shared\;C:\Program Files (x86)\NVIDIA Corporation\PhysX\Common;C:\Program Files (x86)\Skype\Phone\;C:\Program Files (x86)\Common Files\Acronis\TibMounter64
USERNAME=Александр
OS=Windows_NT
PROCESSOR_IDENTIFIER=Intel64 Family 6 Model 15 Stepping 11, GenuineIntel



---------------  S Y S T E M  ---------------

OS: Windows 8.1 , 64 bit Build 9600 (6.3.9600.17415)

CPU:total 4 (4 cores per cpu, 1 threads per core) family 6 model 15 stepping 11, cmov, cx8, fxsr, mmx, sse, sse2, sse3, ssse3, tsc

Memory: 4k page, physical 8387492k(544556k free), swap 14154916k(2538696k free)

vm_info: Java HotSpot(TM) 64-Bit Server VM (25.60-b23) for windows-amd64 JRE (1.8.0_60-b27), built on Aug  4 2015 11:06:27 by "java_re" with MS VC++ 10.0 (VS2010)

time: Sun Sep 27 21:37:55 2015
elapsed time: 2 seconds (0d 0h 0m 2s)

