#
# A fatal error has been detected by the Java Runtime Environment:
#
#  EXCEPTION_ACCESS_VIOLATION (0xc0000005) at pc=0xffffffffa3055120, pid=9916, tid=9304
#
# JRE version: Java(TM) SE Runtime Environment (8.0_60-b27) (build 1.8.0_60-b27)
# Java VM: Java HotSpot(TM) 64-Bit Server VM (25.60-b23 mixed mode windows-amd64 compressed oops)
# Problematic frame:
# C  0xffffffffa3055120
#
# Failed to write core dump. Minidumps are not enabled by default on client versions of Windows
#
# If you would like to submit a bug report, please visit:
#   http://bugreport.java.com/bugreport/crash.jsp
#

---------------  T H R E A D  ---------------

Current thread (0x0000000001f50800):  JavaThread "main" [_thread_in_Java, id=9304, stack(0x0000000001dd0000,0x0000000001ed0000)]

siginfo: ExceptionCode=0xc0000005, ExceptionInformation=0x0000000000000008 0xffffffffa3055120

Registers:
RAX=0x0000000014400e10, RBX=0x0000000014400e10, RCX=0x00000000f2572ec8, RDX=0x00000000f2572ec8
RSP=0x0000000001ecf3d8, RBP=0x0000000001ecf438, RSI=0x0000000100063dd0, RDI=0x00000000000065ff
R8 =0x0000000000000004, R9 =0x00000000000004d0, R10=0x0000000057ed20f0, R11=0x0000000002b4a320
R12=0x0000000000000000, R13=0x0000000001ecf3e8, R14=0x0000000001ecf470, R15=0x0000000001f50800
RIP=0xffffffffa3055120, EFLAGS=0x0000000000010202

Top of Stack: (sp=0x0000000001ecf3d8)
0x0000000001ecf3d8:   0000000002057a72 0000000002057a72
0x0000000001ecf3e8:   0000000000000004 00000000f2572ec8
0x0000000001ecf3f8:   0000000001ecf3f8 00000000141a0a64
0x0000000001ecf408:   0000000001ecf470 00000000141a0fd0
0x0000000001ecf418:   0000000000000000 00000000141a0ac8
0x0000000001ecf428:   0000000001ecf3e8 0000000001ecf468
0x0000000001ecf438:   0000000001ecf4b8 0000000002057a2d
0x0000000001ecf448:   00000000f1684738 00000000f25756c8
0x0000000001ecf458:   0000000000000004 00000000c14527b8
0x0000000001ecf468:   00000000f2572ec8 00000000c145f040
0x0000000001ecf478:   0000000001ecf478 000000001419bbf3
0x0000000001ecf488:   0000000001ecf4d8 00000000141a0c98
0x0000000001ecf498:   0000000000000000 000000001419bc38
0x0000000001ecf4a8:   0000000001ecf468 0000000001ecf4d0
0x0000000001ecf4b8:   0000000001ecf520 0000000002057a2d
0x0000000001ecf4c8:   000000000000648c 00000000f2572ec8 

Instructions: (pc=0xffffffffa3055120)
0xffffffffa3055100:   
[error occurred during error reporting (printing registers, top of stack, instructions near pc), id 0xc0000005]

Register to memory mapping:

RAX={method} {0x0000000014400e18} 'alignTo' '(I)V' in 'com/android/dx/util/ByteArrayAnnotatedOutput'
RBX={method} {0x0000000014400e18} 'alignTo' '(I)V' in 'com/android/dx/util/ByteArrayAnnotatedOutput'
RCX=0x00000000f2572ec8 is an oop
com.android.dx.util.ByteArrayAnnotatedOutput 
 - klass: 'com/android/dx/util/ByteArrayAnnotatedOutput'
RDX=0x00000000f2572ec8 is an oop
com.android.dx.util.ByteArrayAnnotatedOutput 
 - klass: 'com/android/dx/util/ByteArrayAnnotatedOutput'
RSP=0x0000000001ecf3d8 is pointing into the stack for thread: 0x0000000001f50800
RBP=0x0000000001ecf438 is pointing into the stack for thread: 0x0000000001f50800
RSI=0x0000000100063dd0 is pointing into metadata
RDI=0x00000000000065ff is an unknown value
R8 =0x0000000000000004 is an unknown value
R9 =0x00000000000004d0 is an unknown value
R10=0x0000000057ed20f0 is an unknown value
R11=0x0000000002b4a320 is at entry_point+32 in (nmethod*)0x0000000002b4a150
R12=0x0000000000000000 is an unknown value
R13=0x0000000001ecf3e8 is pointing into the stack for thread: 0x0000000001f50800
R14=0x0000000001ecf470 is pointing into the stack for thread: 0x0000000001f50800
R15=0x0000000001f50800 is a thread


Stack: [0x0000000001dd0000,0x0000000001ed0000],  sp=0x0000000001ecf3d8,  free space=1020k
Native frames: (J=compiled Java code, j=interpreted, Vv=VM code, C=native code)
C  0xffffffffa3055120


---------------  P R O C E S S  ---------------

Java Threads: ( => current thread )
  0x0000000016055800 JavaThread "Service Thread" daemon [_thread_blocked, id=380, stack(0x0000000016450000,0x0000000016550000)]
  0x000000001477b800 JavaThread "C1 CompilerThread2" daemon [_thread_blocked, id=9684, stack(0x0000000015f50000,0x0000000016050000)]
  0x0000000014778800 JavaThread "C2 CompilerThread1" daemon [_thread_blocked, id=540, stack(0x0000000015e50000,0x0000000015f50000)]
  0x000000001471f800 JavaThread "C2 CompilerThread0" daemon [_thread_blocked, id=10840, stack(0x0000000015d50000,0x0000000015e50000)]
  0x000000001471e000 JavaThread "Attach Listener" daemon [_thread_blocked, id=8060, stack(0x0000000015c50000,0x0000000015d50000)]
  0x000000001471b000 JavaThread "Signal Dispatcher" daemon [_thread_blocked, id=9208, stack(0x0000000015b50000,0x0000000015c50000)]
  0x0000000002047000 JavaThread "Finalizer" daemon [_thread_blocked, id=9376, stack(0x0000000015970000,0x0000000015a70000)]
  0x000000000203c000 JavaThread "Reference Handler" daemon [_thread_blocked, id=5956, stack(0x0000000015870000,0x0000000015970000)]
=>0x0000000001f50800 JavaThread "main" [_thread_in_Java, id=9304, stack(0x0000000001dd0000,0x0000000001ed0000)]

Other Threads:
  0x00000000146e6000 VMThread [stack: 0x0000000015770000,0x0000000015870000] [id=3260]
  0x0000000016073000 WatcherThread [stack: 0x0000000016550000,0x0000000016650000] [id=7048]

VM state:synchronizing (normal execution)

VM Mutex/Monitor currently owned by a thread:  ([mutex/lock_event])
[0x0000000001dcc930] Safepoint_lock - owner thread: 0x00000000146e6000
[0x0000000001dcc830] Threads_lock - owner thread: 0x00000000146e6000

Heap:
 PSYoungGen      total 138240K, used 131063K [0x00000000eab00000, 0x00000000f3700000, 0x0000000100000000)
  eden space 133120K, 94% used [0x00000000eab00000,0x00000000f25fece8,0x00000000f2d00000)
  from space 5120K, 99% used [0x00000000f3200000,0x00000000f36fef88,0x00000000f3700000)
  to   space 5120K, 0% used [0x00000000f2d00000,0x00000000f2d00000,0x00000000f3200000)
 ParOldGen       total 87552K, used 24660K [0x00000000c0000000, 0x00000000c5580000, 0x00000000eab00000)
  object space 87552K, 28% used [0x00000000c0000000,0x00000000c18153e8,0x00000000c5580000)
 Metaspace       used 6791K, capacity 7608K, committed 7936K, reserved 1056768K
  class space    used 636K, capacity 688K, committed 768K, reserved 1048576K

Card table byte_map: [0x0000000011410000,0x0000000011620000] byte_map_base: 0x0000000010e10000

Marking Bits: (ParMarkBitMap*) 0x0000000057eea5b0
 Begin Bits: [0x0000000011b80000, 0x0000000012b80000)
 End Bits:   [0x0000000012b80000, 0x0000000013b80000)

Polling page: 0x00000000005e0000

CodeCache: size=245760Kb used=11255Kb max_used=11266Kb free=234505Kb
 bounds [0x0000000002050000, 0x0000000002b60000, 0x0000000011050000]
 total_blobs=2751 nmethods=2482 adapters=183
 compilation: enabled

Compilation events (10 events):
Event: 26.284 Thread 0x000000001477b800 nmethod 2643 0x0000000002b534d0 code [0x0000000002b53740, 0x0000000002b54ae8]
Event: 26.284 Thread 0x0000000014778800 nmethod 2651 0x0000000002b44350 code [0x0000000002b444a0, 0x0000000002b44618]
Event: 26.284 Thread 0x0000000014778800 2652       4       com.android.dx.util.ByteArrayAnnotatedOutput::alignTo (69 bytes)
Event: 26.284 Thread 0x000000001477b800 2644       3       java.net.URLStreamHandler::equals (45 bytes)
Event: 26.285 Thread 0x000000001477b800 nmethod 2644 0x0000000002b4f910 code [0x0000000002b4faa0, 0x0000000002b4ffb8]
Event: 26.285 Thread 0x000000001477b800 2653       3       com.android.dx.dex.file.TypeIdItem::writeTo (107 bytes)
Event: 26.285 Thread 0x0000000014778800 nmethod 2652 0x0000000002b4f590 code [0x0000000002b4f6e0, 0x0000000002b4f7d8]
Event: 26.285 Thread 0x0000000014778800 2654       4       com.android.dx.dex.file.StringIdsSection::indexOf (49 bytes)
Event: 26.288 Thread 0x000000001477b800 nmethod 2653 0x0000000002b56bd0 code [0x0000000002b56f80, 0x0000000002b59068]
Event: 26.291 Thread 0x0000000014778800 nmethod 2654 0x0000000002b47c50 code [0x0000000002b47dc0, 0x0000000002b48138]

GC Heap History (8 events):
Event: 12.662 GC heap before
{Heap before GC invocations=1 (full 0):
 PSYoungGen      total 38400K, used 33280K [0x00000000eab00000, 0x00000000ed580000, 0x0000000100000000)
  eden space 33280K, 100% used [0x00000000eab00000,0x00000000ecb80000,0x00000000ecb80000)
  from space 5120K, 0% used [0x00000000ed080000,0x00000000ed080000,0x00000000ed580000)
  to   space 5120K, 0% used [0x00000000ecb80000,0x00000000ecb80000,0x00000000ed080000)
 ParOldGen       total 87552K, used 0K [0x00000000c0000000, 0x00000000c5580000, 0x00000000eab00000)
  object space 87552K, 0% used [0x00000000c0000000,0x00000000c0000000,0x00000000c5580000)
 Metaspace       used 5968K, capacity 6960K, committed 7040K, reserved 1056768K
  class space    used 592K, capacity 616K, committed 640K, reserved 1048576K
Event: 12.802 GC heap after
Heap after GC invocations=1 (full 0):
 PSYoungGen      total 38400K, used 5109K [0x00000000eab00000, 0x00000000ef600000, 0x0000000100000000)
  eden space 33280K, 0% used [0x00000000eab00000,0x00000000eab00000,0x00000000ecb80000)
  from space 5120K, 99% used [0x00000000ecb80000,0x00000000ed07d458,0x00000000ed080000)
  to   space 5120K, 0% used [0x00000000ef100000,0x00000000ef100000,0x00000000ef600000)
 ParOldGen       total 87552K, used 2489K [0x00000000c0000000, 0x00000000c5580000, 0x00000000eab00000)
  object space 87552K, 2% used [0x00000000c0000000,0x00000000c026e448,0x00000000c5580000)
 Metaspace       used 5968K, capacity 6960K, committed 7040K, reserved 1056768K
  class space    used 592K, capacity 616K, committed 640K, reserved 1048576K
}
Event: 14.463 GC heap before
{Heap before GC invocations=2 (full 0):
 PSYoungGen      total 38400K, used 38389K [0x00000000eab00000, 0x00000000ef600000, 0x0000000100000000)
  eden space 33280K, 100% used [0x00000000eab00000,0x00000000ecb80000,0x00000000ecb80000)
  from space 5120K, 99% used [0x00000000ecb80000,0x00000000ed07d458,0x00000000ed080000)
  to   space 5120K, 0% used [0x00000000ef100000,0x00000000ef100000,0x00000000ef600000)
 ParOldGen       total 87552K, used 2489K [0x00000000c0000000, 0x00000000c5580000, 0x00000000eab00000)
  object space 87552K, 2% used [0x00000000c0000000,0x00000000c026e448,0x00000000c5580000)
 Metaspace       used 6179K, capacity 7128K, committed 7424K, reserved 1056768K
  class space    used 612K, capacity 656K, committed 768K, reserved 1048576K
Event: 14.717 GC heap after
Heap after GC invocations=2 (full 0):
 PSYoungGen      total 71680K, used 5091K [0x00000000eab00000, 0x00000000ef600000, 0x0000000100000000)
  eden space 66560K, 0% used [0x00000000eab00000,0x00000000eab00000,0x00000000eec00000)
  from space 5120K, 99% used [0x00000000ef100000,0x00000000ef5f8dc0,0x00000000ef600000)
  to   space 5120K, 0% used [0x00000000eec00000,0x00000000eec00000,0x00000000ef100000)
 ParOldGen       total 87552K, used 5617K [0x00000000c0000000, 0x00000000c5580000, 0x00000000eab00000)
  object space 87552K, 6% used [0x00000000c0000000,0x00000000c057c448,0x00000000c5580000)
 Metaspace       used 6179K, capacity 7128K, committed 7424K, reserved 1056768K
  class space    used 612K, capacity 656K, committed 768K, reserved 1048576K
}
Event: 17.829 GC heap before
{Heap before GC invocations=3 (full 0):
 PSYoungGen      total 71680K, used 71651K [0x00000000eab00000, 0x00000000ef600000, 0x0000000100000000)
  eden space 66560K, 100% used [0x00000000eab00000,0x00000000eec00000,0x00000000eec00000)
  from space 5120K, 99% used [0x00000000ef100000,0x00000000ef5f8dc0,0x00000000ef600000)
  to   space 5120K, 0% used [0x00000000eec00000,0x00000000eec00000,0x00000000ef100000)
 ParOldGen       total 87552K, used 5617K [0x00000000c0000000, 0x00000000c5580000, 0x00000000eab00000)
  object space 87552K, 6% used [0x00000000c0000000,0x00000000c057c448,0x00000000c5580000)
 Metaspace       used 6264K, capacity 7128K, committed 7424K, reserved 1056768K
  class space    used 614K, capacity 656K, committed 768K, reserved 1048576K
Event: 18.083 GC heap after
Heap after GC invocations=3 (full 0):
 PSYoungGen      total 71680K, used 5100K [0x00000000eab00000, 0x00000000f3700000, 0x0000000100000000)
  eden space 66560K, 0% used [0x00000000eab00000,0x00000000eab00000,0x00000000eec00000)
  from space 5120K, 99% used [0x00000000eec00000,0x00000000ef0fb2d8,0x00000000ef100000)
  to   space 5120K, 0% used [0x00000000f3200000,0x00000000f3200000,0x00000000f3700000)
 ParOldGen       total 87552K, used 14848K [0x00000000c0000000, 0x00000000c5580000, 0x00000000eab00000)
  object space 87552K, 16% used [0x00000000c0000000,0x00000000c0e800d0,0x00000000c5580000)
 Metaspace       used 6264K, capacity 7128K, committed 7424K, reserved 1056768K
  class space    used 614K, capacity 656K, committed 768K, reserved 1048576K
}
Event: 18.899 GC heap before
{Heap before GC invocations=4 (full 0):
 PSYoungGen      total 71680K, used 71660K [0x00000000eab00000, 0x00000000f3700000, 0x0000000100000000)
  eden space 66560K, 100% used [0x00000000eab00000,0x00000000eec00000,0x00000000eec00000)
  from space 5120K, 99% used [0x00000000eec00000,0x00000000ef0fb2d8,0x00000000ef100000)
  to   space 5120K, 0% used [0x00000000f3200000,0x00000000f3200000,0x00000000f3700000)
 ParOldGen       total 87552K, used 14848K [0x00000000c0000000, 0x00000000c5580000, 0x00000000eab00000)
  object space 87552K, 16% used [0x00000000c0000000,0x00000000c0e800d0,0x00000000c5580000)
 Metaspace       used 6292K, capacity 7192K, committed 7424K, reserved 1056768K
  class space    used 614K, capacity 656K, committed 768K, reserved 1048576K
Event: 19.131 GC heap after
Heap after GC invocations=4 (full 0):
 PSYoungGen      total 138240K, used 5115K [0x00000000eab00000, 0x00000000f3700000, 0x0000000100000000)
  eden space 133120K, 0% used [0x00000000eab00000,0x00000000eab00000,0x00000000f2d00000)
  from space 5120K, 99% used [0x00000000f3200000,0x00000000f36fef88,0x00000000f3700000)
  to   space 5120K, 0% used [0x00000000f2d00000,0x00000000f2d00000,0x00000000f3200000)
 ParOldGen       total 87552K, used 24660K [0x00000000c0000000, 0x00000000c5580000, 0x00000000eab00000)
  object space 87552K, 28% used [0x00000000c0000000,0x00000000c18153e8,0x00000000c5580000)
 Metaspace       used 6292K, capacity 7192K, committed 7424K, reserved 1056768K
  class space    used 614K, capacity 656K, committed 768K, reserved 1048576K
}

Deoptimization events (10 events):
Event: 24.765 Thread 0x0000000001f50800 Uncommon trap: reason=speculate_class_check action=maybe_recompile pc=0x0000000002463a70 method=com.android.dx.util.FixedSizeList.equals(Ljava/lang/Object;)Z @ 25
Event: 24.765 Thread 0x0000000001f50800 Uncommon trap: reason=unstable_if action=reinterpret pc=0x00000000024654f4 method=java.util.Arrays.equals([Ljava/lang/Object;[Ljava/lang/Object;)Z @ 23
Event: 24.835 Thread 0x0000000001f50800 Uncommon trap: reason=speculate_class_check action=maybe_recompile pc=0x0000000002463a70 method=com.android.dx.util.FixedSizeList.equals(Ljava/lang/Object;)Z @ 25
Event: 24.835 Thread 0x0000000001f50800 Uncommon trap: reason=speculate_class_check action=maybe_recompile pc=0x0000000002463a70 method=com.android.dx.util.FixedSizeList.equals(Ljava/lang/Object;)Z @ 25
Event: 24.835 Thread 0x0000000001f50800 Uncommon trap: reason=speculate_class_check action=maybe_recompile pc=0x0000000002463a70 method=com.android.dx.util.FixedSizeList.equals(Ljava/lang/Object;)Z @ 25
Event: 24.943 Thread 0x0000000001f50800 Uncommon trap: reason=unstable_if action=reinterpret pc=0x0000000002932cec method=java.util.TreeMap.put(Ljava/lang/Object;Ljava/lang/Object;)Ljava/lang/Object; @ 163
Event: 25.242 Thread 0x0000000001f50800 Uncommon trap: reason=unstable_if action=reinterpret pc=0x0000000002a434a0 method=com.android.dx.rop.code.RegisterSpec.matchesVariable(Lcom/android/dx/rop/code/RegisterSpec;)Z @ 59
Event: 25.877 Thread 0x0000000001f50800 Uncommon trap: reason=unstable_if action=reinterpret pc=0x000000000285b398 method=java.util.ArrayList.<init>(I)V @ 5
Event: 26.180 Thread 0x0000000001f50800 Uncommon trap: reason=unstable_if action=reinterpret pc=0x000000000231f37c method=java.lang.Long.numberOfTrailingZeros(J)I @ 3
Event: 26.277 Thread 0x0000000001f50800 Uncommon trap: reason=unstable_if action=reinterpret pc=0x0000000002ae7244 method=com.android.dx.util.ByteArrayAnnotatedOutput.writeByte(I)V @ 13

Internal exceptions (6 events):
Event: 0.632 Thread 0x0000000001f50800 Exception <a 'java/lang/NoSuchMethodError': Method sun.misc.Unsafe.defineClass(Ljava/lang/String;[BII)Ljava/lang/Class; name or signature does not match> (0x00000000eab13068) thrown at [C:\re\workspace\8-2-build-windows-amd64-cygwin\jdk8u60\4407\hotspot\sr7KﬁE8‰?
Event: 0.632 Thread 0x0000000001f50800 Exception <a 'java/lang/NoSuchMethodError': Method sun.misc.Unsafe.prefetchRead(Ljava/lang/Object;J)V name or signature does not match> (0x00000000eab13350) thrown at [C:\re\workspace\8-2-build-windows-amd64-cygwin\jdk8u60\4407\hotspot\src\share\vm\prims\j‚Ó¶¥ì&@
Event: 11.288 Thread 0x00000000162c9800 Implicit null exception at 0x0000000002443e22 to 0x0000000002443ec1
Event: 13.567 Thread 0x0000000001f50800 Exception <a 'java/lang/ArrayIndexOutOfBoundsException': 18> (0x00000000ebf3a708) thrown at [C:\re\workspace\8-2-build-windows-amd64-cygwin\jdk8u60\4407\hotspot\src\share\vm\interpreter\interpreterRuntime.cpp, line 366]
Event: 13.568 Thread 0x0000000001f50800 Exception <a 'java/lang/ArrayIndexOutOfBoundsException'> (0x00000000ebf3c288) thrown at [C:\re\workspace\8-2-build-windows-amd64-cygwin\jdk8u60\4407\hotspot\src\share\vm\runtime\sharedRuntime.cpp, line 605]
Event: 13.571 Thread 0x0000000001f50800 Exception <a 'java/lang/ArrayIndexOutOfBoundsException'> (0x00000000ebf3d570) thrown at [C:\re\workspace\8-2-build-windows-amd64-cygwin\jdk8u60\4407\hotspot\src\share\vm\runtime\sharedRuntime.cpp, line 605]

Events (10 events):
Event: 26.180 Thread 0x0000000001f50800 Uncommon trap: trap_request=0xffffff65 fr.pc=0x000000000231f37c
Event: 26.180 Thread 0x0000000001f50800 DEOPT PACKING pc=0x000000000231f37c sp=0x0000000001ecf160
Event: 26.180 Thread 0x0000000001f50800 DEOPT UNPACKING pc=0x000000000209556a sp=0x0000000001ecf0f0 mode 2
Event: 26.199 loading class com/android/dx/dex/file/MapItem
Event: 26.199 loading class com/android/dx/dex/file/MapItem done
Event: 26.276 loading class com/android/dex/DexFormat
Event: 26.276 loading class com/android/dex/DexFormat done
Event: 26.277 Thread 0x0000000001f50800 Uncommon trap: trap_request=0xffffff65 fr.pc=0x0000000002ae7244
Event: 26.277 Thread 0x0000000001f50800 DEOPT PACKING pc=0x0000000002ae7244 sp=0x0000000001ecf2f0
Event: 26.277 Thread 0x0000000001f50800 DEOPT UNPACKING pc=0x000000000209556a sp=0x0000000001ecf2a8 mode 2


Dynamic libraries:
0x00007ff695ab0000 - 0x00007ff695ae7000 	E:\Java\jdk1.8.0_60\bin\java.exe
0x00007ffd43120000 - 0x00007ffd432cc000 	C:\WINDOWS\SYSTEM32\ntdll.dll
0x00007ffd427f0000 - 0x00007ffd4292e000 	C:\WINDOWS\system32\KERNEL32.DLL
0x00007ffd40690000 - 0x00007ffd407a5000 	C:\WINDOWS\system32\KERNELBASE.dll
0x00007ffd3ed00000 - 0x00007ffd3ed8e000 	C:\WINDOWS\system32\apphelp.dll
0x00007ffd36480000 - 0x00007ffd364d3000 	C:\WINDOWS\AppPatch\AppPatch64\AcGenral.DLL
0x00007ffd42ac0000 - 0x00007ffd42b6a000 	C:\WINDOWS\system32\msvcrt.dll
0x00007ffd400b0000 - 0x00007ffd400de000 	C:\WINDOWS\SYSTEM32\SspiCli.dll
0x00007ffd42cd0000 - 0x00007ffd42d24000 	C:\WINDOWS\system32\SHLWAPI.dll
0x00007ffd42940000 - 0x00007ffd42ab7000 	C:\WINDOWS\system32\USER32.dll
0x00007ffd42650000 - 0x00007ffd427e4000 	C:\WINDOWS\system32\ole32.dll
0x00007ffd40b00000 - 0x00007ffd42019000 	C:\WINDOWS\system32\SHELL32.dll
0x00007ffd3f820000 - 0x00007ffd3f841000 	C:\WINDOWS\SYSTEM32\USERENV.dll
0x00007ffd42d30000 - 0x00007ffd42dda000 	C:\WINDOWS\system32\ADVAPI32.dll
0x00007ffd32a40000 - 0x00007ffd32a5e000 	C:\WINDOWS\SYSTEM32\MPR.dll
0x00007ffd40940000 - 0x00007ffd40a81000 	C:\WINDOWS\system32\RPCRT4.dll
0x00007ffd42020000 - 0x00007ffd42079000 	C:\WINDOWS\SYSTEM32\sechost.dll
0x00007ffd42de0000 - 0x00007ffd42ff1000 	C:\WINDOWS\SYSTEM32\combase.dll
0x00007ffd424e0000 - 0x00007ffd4262f000 	C:\WINDOWS\system32\GDI32.dll
0x00007ffd40280000 - 0x00007ffd40295000 	C:\WINDOWS\SYSTEM32\profapi.dll
0x00007ffd3ed90000 - 0x00007ffd3ee42000 	C:\WINDOWS\SYSTEM32\SHCORE.dll
0x00007ffd40900000 - 0x00007ffd40936000 	C:\WINDOWS\system32\IMM32.DLL
0x00007ffd42b70000 - 0x00007ffd42cc2000 	C:\WINDOWS\system32\MSCTF.dll
0x00007ffd3da70000 - 0x00007ffd3dcea000 	C:\WINDOWS\WinSxS\amd64_microsoft.windows.common-controls_6595b64144ccf1df_6.0.9600.17810_none_6240b9c7ecbd0bda\COMCTL32.dll
0x0000000056bb0000 - 0x0000000056c82000 	E:\Java\jdk1.8.0_60\jre\bin\msvcr100.dll
0x00000000576e0000 - 0x0000000057f69000 	E:\Java\jdk1.8.0_60\jre\bin\server\jvm.dll
0x00007ffd26fc0000 - 0x00007ffd26fc9000 	C:\WINDOWS\SYSTEM32\WSOCK32.dll
0x00007ffd3dcf0000 - 0x00007ffd3dd12000 	C:\WINDOWS\SYSTEM32\WINMM.dll
0x00007ffd3dd20000 - 0x00007ffd3dd2a000 	C:\WINDOWS\SYSTEM32\VERSION.dll
0x00007ffd40890000 - 0x00007ffd40897000 	C:\WINDOWS\system32\PSAPI.DLL
0x00007ffd430c0000 - 0x00007ffd4311a000 	C:\WINDOWS\system32\WS2_32.dll
0x00007ffd3da00000 - 0x00007ffd3da2a000 	C:\WINDOWS\SYSTEM32\WINMMBASE.dll
0x00007ffd407b0000 - 0x00007ffd407b9000 	C:\WINDOWS\system32\NSI.dll
0x00007ffd40460000 - 0x00007ffd404af000 	C:\WINDOWS\SYSTEM32\cfgmgr32.dll
0x00007ffd3f060000 - 0x00007ffd3f088000 	C:\WINDOWS\SYSTEM32\DEVOBJ.dll
0x00000000576d0000 - 0x00000000576df000 	E:\Java\jdk1.8.0_60\jre\bin\verify.dll
0x00000000576a0000 - 0x00000000576c9000 	E:\Java\jdk1.8.0_60\jre\bin\java.dll
0x0000000057680000 - 0x0000000057696000 	E:\Java\jdk1.8.0_60\jre\bin\zip.dll
0x00007ffd3a950000 - 0x00007ffd3aad9000 	C:\WINDOWS\SYSTEM32\dbghelp.dll

VM Arguments:
jvm_args: -Xmx1024M -Dfile.encoding=windows-1251 -Duser.country=RU -Duser.language=ru -Duser.variant 
java_command: com.android.dx.command.Main --dex --num-threads=4 --output E:\LoftSchool\ItHappens\app\build\intermediates\pre-dexed\debug\classes-8005d05b30177bc6493811b9ad1a691dcf5f27a4.jar E:\LoftSchool\ItHappens\app\build\intermediates\exploded-aar\com.android.support\appcompat-v7\23.0.1\jars\classes.jar
java_class_path (initial): E:\Android\sdk\build-tools\23.0.0\lib\dx.jar
Launcher Type: SUN_STANDARD

Environment Variables:
PATH=C:\ProgramData\Oracle\Java\javapath;C:\WINDOWS\system32;C:\WINDOWS;C:\WINDOWS\System32\Wbem;C:\WINDOWS\System32\WindowsPowerShell\v1.0\;C:\Program Files (x86)\Common Files\Acronis\SnapAPI\;C:\Program Files (x86)\Common Files\Autodesk Shared\;C:\Program Files\Microsoft\Web Platform Installer\;C:\Program Files (x86)\Microsoft ASP.NET\ASP.NET Web Pages\v1.0\;C:\Program Files\Microsoft SQL Server\110\Tools\Binn\;C:\Program Files\Common Files\Autodesk Shared\;C:\Program Files (x86)\NVIDIA Corporation\PhysX\Common;C:\Program Files (x86)\Skype\Phone\;C:\Program Files (x86)\Common Files\Acronis\TibMounter64
USERNAME=¿ÎÂÍÒ‡Ì‰
OS=Windows_NT
PROCESSOR_IDENTIFIER=Intel64 Family 6 Model 15 Stepping 11, GenuineIntel



---------------  S Y S T E M  ---------------

OS: Windows 8.1 , 64 bit Build 9600 (6.3.9600.17415)

CPU:total 4 (4 cores per cpu, 1 threads per core) family 6 model 15 stepping 11, cmov, cx8, fxsr, mmx, sse, sse2, sse3, ssse3, tsc

Memory: 4k page, physical 8387492k(265756k free), swap 16460408k(2466976k free)

vm_info: Java HotSpot(TM) 64-Bit Server VM (25.60-b23) for windows-amd64 JRE (1.8.0_60-b27), built on Aug  4 2015 11:06:27 by "java_re" with MS VC++ 10.0 (VS2010)

time: Wed Sep 30 23:15:35 2015
elapsed time: 29 seconds (0d 0h 0m 29s)

