#
# A fatal error has been detected by the Java Runtime Environment:
#
#  EXCEPTION_ACCESS_VIOLATION (0xc0000005) at pc=0xffffffffa3675120, pid=5016, tid=3020
#
# JRE version: Java(TM) SE Runtime Environment (8.0_60-b27) (build 1.8.0_60-b27)
# Java VM: Java HotSpot(TM) 64-Bit Server VM (25.60-b23 mixed mode windows-amd64 compressed oops)
# Problematic frame:
# C  0xffffffffa3675120
#
# Failed to write core dump. Minidumps are not enabled by default on client versions of Windows
#
# If you would like to submit a bug report, please visit:
#   http://bugreport.java.com/bugreport/crash.jsp
#

---------------  T H R E A D  ---------------

Current thread (0x000000000246e000):  JavaThread "main" [_thread_in_Java, id=3020, stack(0x0000000002470000,0x0000000002570000)]

siginfo: ExceptionCode=0xc0000005, ExceptionInformation=0x0000000000000008 0xffffffffa3675120

Registers:
RAX=0x00000001000987f0, RBX=0x00000000000028be, RCX=0x0000000000000008, RDX=0x00000000ec5e27e8
RSP=0x000000000256eec8, RBP=0x000000000256f048, RSI=0x00000000ec5e27e8, RDI=0x0000000014a008d8
R8 =0x0000000000000000, R9 =0x00000000007f0800, R10=0x00000001000987f0, R11=0x0000000002c824a0
R12=0x0000000000000000, R13=0x000000000256eff8, R14=0x000000000256f090, R15=0x000000000246e000
RIP=0xffffffffa3675120, EFLAGS=0x0000000000010246

Top of Stack: (sp=0x000000000256eec8)
0x000000000256eec8:   0000000002c7c9c4 ffffffffffffffff
0x000000000256eed8:   00000000149fe298 000000000246e000
0x000000000256eee8:   000000000246e000 000000000256f028
0x000000000256eef8:   00000000149e93d0 0000000000000000
0x000000000256ef08:   00000000ec5e27e8 0000000400000004
0x000000000256ef18:   000000007f080030 00000000007f0800
0x000000000256ef28:   0000000000000003 000000000256f001
0x000000000256ef38:   000000001483a22e 000000000256f048
0x000000000256ef48:   0000000002c82b6c 0000000014a008d8
0x000000000256ef58:   000000001483a278 000000000256f048
0x000000000256ef68:   000000005779b4c5 0000000000000002
0x000000000256ef78:   00000000ec5e27e8 0000000000000173
0x000000000256ef88:   000000005781a200 000000000256f048
0x000000000256ef98:   0000000002c6bfc4 000000000256f008
0x000000000256efa8:   00000000ec5e2c08 00000000c0069340
0x000000000256efb8:   0000000000000004 00000000ec5e27e8 

Instructions: (pc=0xffffffffa3675120)
0xffffffffa3675100:   
[error occurred during error reporting (printing registers, top of stack, instructions near pc), id 0xc0000005]

Register to memory mapping:

RAX=0x00000001000987f0 is pointing into metadata
RBX=0x00000000000028be is an unknown value
RCX=0x0000000000000008 is an unknown value
RDX=0x00000000ec5e27e8 is an oop
com.android.dx.util.ByteArrayAnnotatedOutput 
 - klass: 'com/android/dx/util/ByteArrayAnnotatedOutput'
RSP=0x000000000256eec8 is pointing into the stack for thread: 0x000000000246e000
RBP=0x000000000256f048 is pointing into the stack for thread: 0x000000000246e000
RSI=0x00000000ec5e27e8 is an oop
com.android.dx.util.ByteArrayAnnotatedOutput 
 - klass: 'com/android/dx/util/ByteArrayAnnotatedOutput'
RDI=0x0000000014a008d8 is pointing into metadata
R8 =0x0000000000000000 is an unknown value
R9 =0x00000000007f0800 is an unknown value
R10=0x00000001000987f0 is pointing into metadata
R11=0x0000000002c824a0 is at entry_point+32 in (nmethod*)0x0000000002c82090
R12=0x0000000000000000 is an unknown value
R13=0x000000000256eff8 is pointing into the stack for thread: 0x000000000246e000
R14=0x000000000256f090 is pointing into the stack for thread: 0x000000000246e000
R15=0x000000000246e000 is a thread


Stack: [0x0000000002470000,0x0000000002570000],  sp=0x000000000256eec8,  free space=1019k
Native frames: (J=compiled Java code, j=interpreted, Vv=VM code, C=native code)
C  0xffffffffa3675120


---------------  P R O C E S S  ---------------

Java Threads: ( => current thread )
  0x00000000166a9000 JavaThread "Service Thread" daemon [_thread_blocked, id=2440, stack(0x0000000016a80000,0x0000000016b80000)]
  0x0000000014d4c800 JavaThread "C1 CompilerThread2" daemon [_thread_blocked, id=8080, stack(0x0000000016580000,0x0000000016680000)]
  0x0000000014d43800 JavaThread "C2 CompilerThread1" daemon [_thread_blocked, id=3520, stack(0x0000000016480000,0x0000000016580000)]
  0x0000000014d40800 JavaThread "C2 CompilerThread0" daemon [_thread_blocked, id=380, stack(0x0000000016380000,0x0000000016480000)]
  0x0000000014d3f000 JavaThread "Attach Listener" daemon [_thread_blocked, id=3284, stack(0x0000000016280000,0x0000000016380000)]
  0x0000000014d3c000 JavaThread "Signal Dispatcher" daemon [_thread_blocked, id=3092, stack(0x0000000016180000,0x0000000016280000)]
  0x0000000002667000 JavaThread "Finalizer" daemon [_thread_blocked, id=11112, stack(0x0000000015fa0000,0x00000000160a0000)]
  0x000000000265e800 JavaThread "Reference Handler" daemon [_thread_blocked, id=10264, stack(0x0000000015ea0000,0x0000000015fa0000)]
=>0x000000000246e000 JavaThread "main" [_thread_in_Java, id=3020, stack(0x0000000002470000,0x0000000002570000)]

Other Threads:
  0x0000000014d07000 VMThread [stack: 0x0000000015da0000,0x0000000015ea0000] [id=10068]
  0x00000000166ac800 WatcherThread [stack: 0x0000000016b80000,0x0000000016c80000] [id=5108]

VM state:not at safepoint (normal execution)

VM Mutex/Monitor currently owned by a thread: None

Heap:
 PSYoungGen      total 38400K, used 32682K [0x00000000eab00000, 0x00000000ef600000, 0x0000000100000000)
  eden space 33280K, 82% used [0x00000000eab00000,0x00000000ec5f1fa0,0x00000000ecb80000)
  from space 5120K, 99% used [0x00000000ecb80000,0x00000000ed0788e8,0x00000000ed080000)
  to   space 5120K, 0% used [0x00000000ef100000,0x00000000ef100000,0x00000000ef600000)
 ParOldGen       total 87552K, used 2932K [0x00000000c0000000, 0x00000000c5580000, 0x00000000eab00000)
  object space 87552K, 3% used [0x00000000c0000000,0x00000000c02dd2f8,0x00000000c5580000)
 Metaspace       used 6256K, capacity 7216K, committed 7296K, reserved 1056768K
  class space    used 609K, capacity 616K, committed 640K, reserved 1048576K

Card table byte_map: [0x0000000011a30000,0x0000000011c40000] byte_map_base: 0x0000000011430000

Marking Bits: (ParMarkBitMap*) 0x0000000057eea5b0
 Begin Bits: [0x00000000121a0000, 0x00000000131a0000)
 End Bits:   [0x00000000131a0000, 0x00000000141a0000)

Polling page: 0x0000000002390000

CodeCache: size=245760Kb used=6212Kb max_used=6223Kb free=239547Kb
 bounds [0x0000000002670000, 0x0000000002c90000, 0x0000000011670000]
 total_blobs=1840 nmethods=1572 adapters=183
 compilation: enabled

Compilation events (10 events):
Event: 1.517 Thread 0x0000000014d4c800 1565       3       java.lang.Long::numberOfLeadingZeros (94 bytes)
Event: 1.517 Thread 0x0000000014d4c800 nmethod 1565 0x0000000002c7ffd0 code [0x0000000002c80140, 0x0000000002c80450]
Event: 1.517 Thread 0x0000000014d4c800 1572       1       com.android.dx.rop.cst.CstLiteral32::getLongBits (6 bytes)
Event: 1.517 Thread 0x0000000014d4c800 nmethod 1572 0x0000000002c7fd10 code [0x0000000002c7fe60, 0x0000000002c7ff70]
Event: 1.517 Thread 0x0000000014d4c800 1573       3       com.android.dx.util.ByteArrayAnnotatedOutput::toByteArray (23 bytes)
Event: 1.517 Thread 0x0000000014d4c800 nmethod 1573 0x0000000002c7f850 code [0x0000000002c7f9c0, 0x0000000002c7fc68]
Event: 1.517 Thread 0x0000000014d4c800 1574       1       com.android.dx.rop.cst.CstArray::getList (5 bytes)
Event: 1.518 Thread 0x0000000014d43800 nmethod 1566 0x0000000002c88410 code [0x0000000002c88560, 0x0000000002c88858]
Event: 1.518 Thread 0x0000000014d4c800 nmethod 1574 0x0000000002c7f590 code [0x0000000002c7f6e0, 0x0000000002c7f7f0]
Event: 1.518 Thread 0x0000000014d4c800 1575       3       com.android.dx.util.ByteArrayAnnotatedOutput::<init> (54 bytes)

GC Heap History (2 events):
Event: 1.066 GC heap before
{Heap before GC invocations=1 (full 0):
 PSYoungGen      total 38400K, used 33192K [0x00000000eab00000, 0x00000000ed580000, 0x0000000100000000)
  eden space 33280K, 99% used [0x00000000eab00000,0x00000000ecb6a018,0x00000000ecb80000)
  from space 5120K, 0% used [0x00000000ed080000,0x00000000ed080000,0x00000000ed580000)
  to   space 5120K, 0% used [0x00000000ecb80000,0x00000000ecb80000,0x00000000ed080000)
 ParOldGen       total 87552K, used 0K [0x00000000c0000000, 0x00000000c5580000, 0x00000000eab00000)
  object space 87552K, 0% used [0x00000000c0000000,0x00000000c0000000,0x00000000c5580000)
 Metaspace       used 5887K, capacity 6960K, committed 7040K, reserved 1056768K
  class space    used 589K, capacity 616K, committed 640K, reserved 1048576K
Event: 1.109 GC heap after
Heap after GC invocations=1 (full 0):
 PSYoungGen      total 38400K, used 5090K [0x00000000eab00000, 0x00000000ef600000, 0x0000000100000000)
  eden space 33280K, 0% used [0x00000000eab00000,0x00000000eab00000,0x00000000ecb80000)
  from space 5120K, 99% used [0x00000000ecb80000,0x00000000ed0788e8,0x00000000ed080000)
  to   space 5120K, 0% used [0x00000000ef100000,0x00000000ef100000,0x00000000ef600000)
 ParOldGen       total 87552K, used 2932K [0x00000000c0000000, 0x00000000c5580000, 0x00000000eab00000)
  object space 87552K, 3% used [0x00000000c0000000,0x00000000c02dd2f8,0x00000000c5580000)
 Metaspace       used 5887K, capacity 6960K, committed 7040K, reserved 1056768K
  class space    used 589K, capacity 616K, committed 640K, reserved 1048576K
}

Deoptimization events (10 events):
Event: 1.344 Thread 0x000000000246e000 Uncommon trap: reason=bimorphic action=maybe_recompile pc=0x0000000002934afc method=java.util.HashMap.getNode(ILjava/lang/Object;)Ljava/util/HashMap$Node; @ 126
Event: 1.344 Thread 0x000000000246e000 Uncommon trap: reason=bimorphic action=maybe_recompile pc=0x0000000002934afc method=java.util.HashMap.getNode(ILjava/lang/Object;)Ljava/util/HashMap$Node; @ 126
Event: 1.344 Thread 0x000000000246e000 Uncommon trap: reason=bimorphic action=maybe_recompile pc=0x00000000029320f8 method=java.util.HashMap.getNode(ILjava/lang/Object;)Ljava/util/HashMap$Node; @ 126
Event: 1.457 Thread 0x000000000246e000 Uncommon trap: reason=speculate_class_check action=maybe_recompile pc=0x0000000002ad3e24 method=com.android.dx.util.FixedSizeList.equals(Ljava/lang/Object;)Z @ 25
Event: 1.457 Thread 0x000000000246e000 Uncommon trap: reason=class_check action=maybe_recompile pc=0x0000000002a8231c method=java.util.Arrays.equals([Ljava/lang/Object;[Ljava/lang/Object;)Z @ 62
Event: 1.457 Thread 0x000000000246e000 Uncommon trap: reason=speculate_class_check action=maybe_recompile pc=0x0000000002ad3e24 method=com.android.dx.util.FixedSizeList.equals(Ljava/lang/Object;)Z @ 25
Event: 1.457 Thread 0x000000000246e000 Uncommon trap: reason=unstable_if action=reinterpret pc=0x0000000002a82350 method=java.util.Arrays.equals([Ljava/lang/Object;[Ljava/lang/Object;)Z @ 23
Event: 1.474 Thread 0x000000000246e000 Uncommon trap: reason=speculate_class_check action=maybe_recompile pc=0x0000000002ad3e24 method=com.android.dx.util.FixedSizeList.equals(Ljava/lang/Object;)Z @ 25
Event: 1.474 Thread 0x000000000246e000 Uncommon trap: reason=speculate_class_check action=maybe_recompile pc=0x0000000002ad3e24 method=com.android.dx.util.FixedSizeList.equals(Ljava/lang/Object;)Z @ 25
Event: 1.514 Thread 0x000000000246e000 Uncommon trap: reason=unstable_if action=reinterpret pc=0x0000000002c7f29c method=com.android.dx.util.ByteArrayAnnotatedOutput.ensureCapacity(I)V @ 6

Internal exceptions (2 events):
Event: 0.045 Thread 0x000000000246e000 Exception <a 'java/lang/NoSuchMethodError': Method sun.misc.Unsafe.defineClass(Ljava/lang/String;[BII)Ljava/lang/Class; name or signature does not match> (0x00000000eab13068) thrown at [C:\re\workspace\8-2-build-windows-amd64-cygwin\jdk8u60\4407\hotspot\sr|O$vћу¦?
Event: 0.045 Thread 0x000000000246e000 Exception <a 'java/lang/NoSuchMethodError': Method sun.misc.Unsafe.prefetchRead(Ljava/lang/Object;J)V name or signature does not match> (0x00000000eab13350) thrown at [C:\re\workspace\8-2-build-windows-amd64-cygwin\jdk8u60\4407\hotspot\src\share\vm\prims\j

Events (10 events):
Event: 1.495 loading class com/android/dx/dex/file/DebugInfoEncoder done
Event: 1.497 loading class com/android/dx/dex/file/DebugInfoEncoder$1
Event: 1.497 loading class com/android/dx/dex/file/DebugInfoEncoder$1 done
Event: 1.497 loading class com/android/dx/dex/file/DebugInfoEncoder$2
Event: 1.497 loading class com/android/dx/dex/file/DebugInfoEncoder$2 done
Event: 1.511 loading class com/android/dex/EncodedValueCodec
Event: 1.511 loading class com/android/dex/EncodedValueCodec done
Event: 1.514 Thread 0x000000000246e000 Uncommon trap: trap_request=0xffffff65 fr.pc=0x0000000002c7f29c
Event: 1.514 Thread 0x000000000246e000 DEOPT PACKING pc=0x0000000002c7f29c sp=0x000000000256ee40
Event: 1.514 Thread 0x000000000246e000 DEOPT UNPACKING pc=0x00000000026b556a sp=0x000000000256edc8 mode 2


Dynamic libraries:
0x00007ff695ab0000 - 0x00007ff695ae7000 	E:\Java\jdk1.8.0_60\bin\java.exe
0x00007ffd43120000 - 0x00007ffd432cc000 	C:\WINDOWS\SYSTEM32\ntdll.dll
0x00007ffd427f0000 - 0x00007ffd4292e000 	C:\WINDOWS\system32\KERNEL32.DLL
0x00007ffd40690000 - 0x00007ffd407a5000 	C:\WINDOWS\system32\KERNELBASE.dll
0x00007ffd3ed00000 - 0x00007ffd3ed8e000 	C:\WINDOWS\system32\apphelp.dll
0x00007ffd36600000 - 0x00007ffd36653000 	C:\WINDOWS\AppPatch\AppPatch64\AcGenral.DLL
0x00007ffd42ac0000 - 0x00007ffd42b6a000 	C:\WINDOWS\system32\msvcrt.dll
0x00007ffd400b0000 - 0x00007ffd400de000 	C:\WINDOWS\SYSTEM32\SspiCli.dll
0x00007ffd42cd0000 - 0x00007ffd42d24000 	C:\WINDOWS\system32\SHLWAPI.dll
0x00007ffd42940000 - 0x00007ffd42ab7000 	C:\WINDOWS\system32\USER32.dll
0x00007ffd42650000 - 0x00007ffd427e4000 	C:\WINDOWS\system32\ole32.dll
0x00007ffd40b00000 - 0x00007ffd42019000 	C:\WINDOWS\system32\SHELL32.dll
0x00007ffd3f820000 - 0x00007ffd3f841000 	C:\WINDOWS\SYSTEM32\USERENV.dll
0x00007ffd42d30000 - 0x00007ffd42dda000 	C:\WINDOWS\system32\ADVAPI32.dll
0x00007ffd32a40000 - 0x00007ffd32a5e000 	C:\WINDOWS\SYSTEM32\MPR.dll
0x00007ffd40940000 - 0x00007ffd40a81000 	C:\WINDOWS\system32\RPCRT4.dll
0x00007ffd42020000 - 0x00007ffd42079000 	C:\WINDOWS\SYSTEM32\sechost.dll
0x00007ffd42de0000 - 0x00007ffd42ff1000 	C:\WINDOWS\SYSTEM32\combase.dll
0x00007ffd424e0000 - 0x00007ffd4262f000 	C:\WINDOWS\system32\GDI32.dll
0x00007ffd40280000 - 0x00007ffd40295000 	C:\WINDOWS\SYSTEM32\profapi.dll
0x00007ffd3ed90000 - 0x00007ffd3ee42000 	C:\WINDOWS\SYSTEM32\SHCORE.dll
0x00007ffd40900000 - 0x00007ffd40936000 	C:\WINDOWS\system32\IMM32.DLL
0x00007ffd42b70000 - 0x00007ffd42cc2000 	C:\WINDOWS\system32\MSCTF.dll
0x00007ffd3da70000 - 0x00007ffd3dcea000 	C:\WINDOWS\WinSxS\amd64_microsoft.windows.common-controls_6595b64144ccf1df_6.0.9600.17810_none_6240b9c7ecbd0bda\COMCTL32.dll
0x0000000056bb0000 - 0x0000000056c82000 	E:\Java\jdk1.8.0_60\jre\bin\msvcr100.dll
0x00000000576e0000 - 0x0000000057f69000 	E:\Java\jdk1.8.0_60\jre\bin\server\jvm.dll
0x00007ffd26fc0000 - 0x00007ffd26fc9000 	C:\WINDOWS\SYSTEM32\WSOCK32.dll
0x00007ffd3dcf0000 - 0x00007ffd3dd12000 	C:\WINDOWS\SYSTEM32\WINMM.dll
0x00007ffd3dd20000 - 0x00007ffd3dd2a000 	C:\WINDOWS\SYSTEM32\VERSION.dll
0x00007ffd40890000 - 0x00007ffd40897000 	C:\WINDOWS\system32\PSAPI.DLL
0x00007ffd430c0000 - 0x00007ffd4311a000 	C:\WINDOWS\system32\WS2_32.dll
0x00007ffd3da00000 - 0x00007ffd3da2a000 	C:\WINDOWS\SYSTEM32\WINMMBASE.dll
0x00007ffd407b0000 - 0x00007ffd407b9000 	C:\WINDOWS\system32\NSI.dll
0x00007ffd40460000 - 0x00007ffd404af000 	C:\WINDOWS\SYSTEM32\cfgmgr32.dll
0x00007ffd3f060000 - 0x00007ffd3f088000 	C:\WINDOWS\SYSTEM32\DEVOBJ.dll
0x00000000576d0000 - 0x00000000576df000 	E:\Java\jdk1.8.0_60\jre\bin\verify.dll
0x00000000576a0000 - 0x00000000576c9000 	E:\Java\jdk1.8.0_60\jre\bin\java.dll
0x0000000057680000 - 0x0000000057696000 	E:\Java\jdk1.8.0_60\jre\bin\zip.dll
0x00007ffd3a950000 - 0x00007ffd3aad9000 	C:\WINDOWS\SYSTEM32\dbghelp.dll

VM Arguments:
jvm_args: -Xmx1024M -Dfile.encoding=windows-1251 -Duser.country=RU -Duser.language=ru -Duser.variant 
java_command: com.android.dx.command.Main --dex --num-threads=4 --output E:\LoftSchool\ItHappens\app\build\intermediates\dex\debug E:\LoftSchool\ItHappens\app\build\intermediates\classes\debug E:\LoftSchool\ItHappens\app\build\intermediates\pre-dexed\debug\support-annotations-23.0.1-e6941ffc9cbf1270b1623cf686ba7082dcc4df08.jar E:\LoftSchool\ItHappens\app\build\intermediates\pre-dexed\debug\classes-33b194942d40a93a6b7fb59f31809eafee4a3d60.jar E:\LoftSchool\ItHappens\app\build\intermediates\pre-dexed\debug\classes-2fbdfcc023f96c5beeeb527b484842a4dc4d0184.jar E:\LoftSchool\ItHappens\app\build\intermediates\pre-dexed\debug\classes-ac288d2dcecbe054b797262fda1b1e3dbda9b766.jar E:\LoftSchool\ItHappens\app\build\intermediates\pre-dexed\debug\classes-7b7a49ff55f6ad6d3d8f47054b4f618d20637af2.jar E:\LoftSchool\ItHappens\app\build\intermediates\pre-dexed\debug\androidannotations-api-3.3.1-f92de5d8f4f147f1d6bd99ca686b10a8a3b8f178.jar E:\LoftSchool\ItHappens\app\build\intermediates\pre-dexed\debug\retrofit-1.9.0-36267d02236be5f5e3181af5cbed035765687fc1.jar E:\LoftSchool\ItHappens\app\build\intermediates\pre-dexed\debug\gson-2.3.1-3f4280419e45f26d584cf9889ccc40127341c14b.jar E:\LoftSchool\ItHappens\app\build\intermediates\pre-dexed\debug\classes-0f9211435bb759352cdb6487f7556ac18e58167a.jar E:\LoftSchool\ItHappens\app\build\intermediates\pre-dexed\debug\internal_impl-23.0.1-1aa6e61057530704e9df5098ee71d88e2be7b5dd.jar E:\LoftSchool\ItHappens\app\build\intermediates\pre-dexed\debug\classes-9d8aefa58b2f8b20b24b2ed6a451c789bc5dbf7c.jar E:\LoftSchool\ItHappens\app\build\intermediates\pre-dexed\debug\classes-8005d05b30177bc6493811b9ad1a691dcf5f27a4.jar E:\LoftSchool\ItHappens\app\build\intermediates\pre-dexed\debug\rxjava-1.0.14-c7f33d3793e98165e867744c4ee16d987818699e.jar E:\LoftSchool\ItHappens\app\build\intermediates\pre-dexed\debug\classes-8911bd3c0bcbb1a5c0b884d4ba4038f33470bb98.jar E:\LoftSchool\ItHappens\app\build\intermediates\pre-dexed\debug\realm-android-0.82.2-9bd58c3028bf0
java_class_path (initial): E:\Android\sdk\build-tools\23.0.0\lib\dx.jar
Launcher Type: SUN_STANDARD

Environment Variables:
PATH=C:\ProgramData\Oracle\Java\javapath;C:\WINDOWS\system32;C:\WINDOWS;C:\WINDOWS\System32\Wbem;C:\WINDOWS\System32\WindowsPowerShell\v1.0\;C:\Program Files (x86)\Common Files\Acronis\SnapAPI\;C:\Program Files (x86)\Common Files\Autodesk Shared\;C:\Program Files\Microsoft\Web Platform Installer\;C:\Program Files (x86)\Microsoft ASP.NET\ASP.NET Web Pages\v1.0\;C:\Program Files\Microsoft SQL Server\110\Tools\Binn\;C:\Program Files\Common Files\Autodesk Shared\;C:\Program Files (x86)\NVIDIA Corporation\PhysX\Common;C:\Program Files (x86)\Skype\Phone\;C:\Program Files (x86)\Common Files\Acronis\TibMounter64
USERNAME=Александр
OS=Windows_NT
PROCESSOR_IDENTIFIER=Intel64 Family 6 Model 15 Stepping 11, GenuineIntel



---------------  S Y S T E M  ---------------

OS: Windows 8.1 , 64 bit Build 9600 (6.3.9600.17415)

CPU:total 4 (4 cores per cpu, 1 threads per core) family 6 model 15 stepping 11, cmov, cx8, fxsr, mmx, sse, sse2, sse3, ssse3, tsc

Memory: 4k page, physical 8387492k(1024172k free), swap 14912196k(2807620k free)

vm_info: Java HotSpot(TM) 64-Bit Server VM (25.60-b23) for windows-amd64 JRE (1.8.0_60-b27), built on Aug  4 2015 11:06:27 by "java_re" with MS VC++ 10.0 (VS2010)

time: Tue Sep 29 21:32:13 2015
elapsed time: 1 seconds (0d 0h 0m 1s)

